[2018-04-22 15:57:24,824][TBTracker][INFO]: 正在删除图片...
[2018-04-22 15:57:24,825][TBTracker][INFO]: 图片删除完毕!
[2018-04-22 15:57:25,841][TBTracker][INFO]: 模拟登录淘宝网
[2018-04-22 15:57:27,330][TBTracker][INFO]: 搜索成功，正在返回搜索结果...
[2018-04-22 15:57:27,363][TBTracker][INFO]: 总共返回36个搜索结果
[2018-04-22 15:57:27,364][TBTracker][INFO]: 正在爬取第1家店铺的数据...
[2018-04-22 15:57:27,381][TBTracker][INFO]: 正在爬取第1家店铺的商品图片...
[2018-04-22 15:57:27,805][TBTracker][INFO]: 第1家店铺的商品图片爬取完毕...
[2018-04-22 15:57:27,830][TBTracker][INFO]: 第1家店铺的商品图片保存完毕...
[2018-04-22 15:57:28,536][TBTracker][INFO]: 200
[2018-04-22 15:57:29,194][TBTracker][INFO]: 第1家店铺的商品页面读取成功...
[2018-04-22 15:57:32,042][TBTracker][INFO]: 第1家店铺的商品价格和链接爬取完毕...
[2018-04-22 15:57:32,054][TBTracker][INFO]: 第1家店铺的商品交易量爬取完毕...
[2018-04-22 15:57:32,069][TBTracker][INFO]: 第1家店铺的商铺名爬取完毕...
[2018-04-22 15:57:32,082][TBTracker][INFO]: 第1家店铺的货源地爬取完毕...
[2018-04-22 15:57:32,089][TBTracker][INFO]: 正在爬取第2家店铺的数据...
[2018-04-22 15:57:32,106][TBTracker][INFO]: 正在爬取第2家店铺的商品图片...
[2018-04-22 15:57:32,223][TBTracker][INFO]: 第2家店铺的商品图片爬取完毕...
[2018-04-22 15:57:32,247][TBTracker][INFO]: 第2家店铺的商品图片保存完毕...
[2018-04-22 15:57:32,829][TBTracker][INFO]: 200
[2018-04-22 15:57:33,375][TBTracker][INFO]: 第2家店铺的商品页面读取成功...
[2018-04-22 15:57:35,810][TBTracker][INFO]: 第2家店铺的商品价格和链接爬取完毕...
[2018-04-22 15:57:35,822][TBTracker][INFO]: 第2家店铺的商品交易量爬取完毕...
[2018-04-22 15:57:35,836][TBTracker][INFO]: 第2家店铺的商铺名爬取完毕...
[2018-04-22 15:57:35,847][TBTracker][INFO]: 第2家店铺的货源地爬取完毕...
[2018-04-22 15:57:35,851][TBTracker][INFO]: 正在爬取第3家店铺的数据...
[2018-04-22 15:57:35,873][TBTracker][INFO]: 正在爬取第3家店铺的商品图片...
[2018-04-22 15:57:36,029][TBTracker][INFO]: 第3家店铺的商品图片爬取完毕...
[2018-04-22 15:57:36,049][TBTracker][INFO]: 第3家店铺的商品图片保存完毕...
[2018-04-22 15:57:36,697][TBTracker][INFO]: 200
[2018-04-22 15:57:37,265][TBTracker][INFO]: 第3家店铺的商品页面读取成功...
[2018-04-22 15:57:39,604][TBTracker][INFO]: 第3家店铺的商品价格和链接爬取完毕...
[2018-04-22 15:57:39,615][TBTracker][INFO]: 第3家店铺的商品交易量爬取完毕...
[2018-04-22 15:57:39,630][TBTracker][INFO]: 第3家店铺的商铺名爬取完毕...
[2018-04-22 15:57:39,643][TBTracker][INFO]: 第3家店铺的货源地爬取完毕...
[2018-04-22 15:57:39,647][TBTracker][INFO]: 正在爬取第4家店铺的数据...
[2018-04-22 15:57:39,669][TBTracker][INFO]: 正在爬取第4家店铺的商品图片...
[2018-04-22 15:57:39,806][TBTracker][INFO]: 第4家店铺的商品图片爬取完毕...
[2018-04-22 15:57:39,824][TBTracker][INFO]: 第4家店铺的商品图片保存完毕...
[2018-04-22 15:57:40,392][TBTracker][INFO]: 200
[2018-04-22 15:57:40,945][TBTracker][INFO]: 第4家店铺的商品页面读取成功...
[2018-04-22 15:57:43,750][TBTracker][INFO]: 第4家店铺的商品价格和链接爬取完毕...
[2018-04-22 15:57:43,764][TBTracker][INFO]: 第4家店铺的商品交易量爬取完毕...
[2018-04-22 15:57:43,782][TBTracker][INFO]: 第4家店铺的商铺名爬取完毕...
[2018-04-22 15:57:43,795][TBTracker][INFO]: 第4家店铺的货源地爬取完毕...
[2018-04-22 15:57:43,799][TBTracker][INFO]: 正在爬取第5家店铺的数据...
[2018-04-22 15:57:43,826][TBTracker][INFO]: 正在爬取第5家店铺的商品图片...
[2018-04-22 15:57:44,039][TBTracker][INFO]: 第5家店铺的商品图片爬取完毕...
[2018-04-22 15:57:44,064][TBTracker][INFO]: 第5家店铺的商品图片保存完毕...
[2018-04-22 15:57:44,678][TBTracker][INFO]: 200
[2018-04-22 15:57:45,247][TBTracker][INFO]: 第5家店铺的商品页面读取成功...
[2018-04-22 15:57:47,694][TBTracker][INFO]: 第5家店铺的商品价格和链接爬取完毕...
[2018-04-22 15:57:47,706][TBTracker][INFO]: 第5家店铺的商品交易量爬取完毕...
[2018-04-22 15:57:47,722][TBTracker][INFO]: 第5家店铺的商铺名爬取完毕...
[2018-04-22 15:57:47,734][TBTracker][INFO]: 第5家店铺的货源地爬取完毕...
[2018-04-22 15:57:47,737][TBTracker][INFO]: 正在爬取第6家店铺的数据...
[2018-04-22 15:57:47,756][TBTracker][INFO]: 正在爬取第6家店铺的商品图片...
[2018-04-22 15:57:47,883][TBTracker][INFO]: 第6家店铺的商品图片爬取完毕...
[2018-04-22 15:57:47,905][TBTracker][INFO]: 第6家店铺的商品图片保存完毕...
[2018-04-22 15:57:48,938][TBTracker][INFO]: 200
[2018-04-22 15:57:49,153][TBTracker][INFO]: 第6家店铺的商品页面读取成功...
[2018-04-22 15:57:49,171][TBTracker][INFO]: 第6家店铺的商品价格和链接爬取完毕...
[2018-04-22 15:57:49,189][TBTracker][INFO]: 第6家店铺的商品交易量爬取完毕...
[2018-04-22 15:57:49,208][TBTracker][INFO]: 第6家店铺的商铺名爬取完毕...
[2018-04-22 15:57:49,221][TBTracker][INFO]: 第6家店铺的货源地爬取完毕...
[2018-04-22 15:57:49,224][TBTracker][INFO]: 正在爬取第7家店铺的数据...
[2018-04-22 15:57:49,248][TBTracker][INFO]: 正在爬取第7家店铺的商品图片...
[2018-04-22 15:57:49,440][TBTracker][INFO]: 第7家店铺的商品图片爬取完毕...
[2018-04-22 15:57:49,464][TBTracker][INFO]: 第7家店铺的商品图片保存完毕...
[2018-04-22 15:57:50,230][TBTracker][INFO]: 200
[2018-04-22 15:57:50,900][TBTracker][INFO]: 第7家店铺的商品页面读取成功...
[2018-04-22 15:57:53,535][TBTracker][INFO]: 第7家店铺的商品价格和链接爬取完毕...
[2018-04-22 15:57:53,554][TBTracker][INFO]: 第7家店铺的商品交易量爬取完毕...
[2018-04-22 15:57:53,573][TBTracker][INFO]: 第7家店铺的商铺名爬取完毕...
[2018-04-22 15:57:53,591][TBTracker][INFO]: 第7家店铺的货源地爬取完毕...
[2018-04-22 15:57:53,595][TBTracker][INFO]: 正在爬取第8家店铺的数据...
[2018-04-22 15:57:53,617][TBTracker][INFO]: 正在爬取第8家店铺的商品图片...
[2018-04-22 15:57:53,973][TBTracker][INFO]: 第8家店铺的商品图片爬取完毕...
[2018-04-22 15:57:53,994][TBTracker][INFO]: 第8家店铺的商品图片保存完毕...
[2018-04-22 15:57:58,799][TBTracker][INFO]: 200
[2018-04-22 15:58:00,042][TBTracker][INFO]: 第8家店铺的商品页面读取成功...
[2018-04-22 15:58:00,056][TBTracker][INFO]: 第8家店铺的商品价格和链接爬取完毕...
[2018-04-22 15:58:00,073][TBTracker][INFO]: 第8家店铺的商品交易量爬取完毕...
[2018-04-22 15:58:00,097][TBTracker][INFO]: 第8家店铺的商铺名爬取完毕...
[2018-04-22 15:58:00,108][TBTracker][INFO]: 第8家店铺的货源地爬取完毕...
[2018-04-22 15:58:00,110][TBTracker][INFO]: 正在爬取第9家店铺的数据...
[2018-04-22 15:58:00,129][TBTracker][INFO]: 正在爬取第9家店铺的商品图片...
[2018-04-22 15:58:00,251][TBTracker][INFO]: 第9家店铺的商品图片爬取完毕...
[2018-04-22 15:58:00,269][TBTracker][INFO]: 第9家店铺的商品图片保存完毕...
[2018-04-22 15:58:03,306][TBTracker][INFO]: 200
[2018-04-22 15:58:15,120][TBTracker][INFO]: 第9家店铺的商品页面读取成功...
[2018-04-22 15:58:15,135][TBTracker][INFO]: 第9家店铺的商品价格和链接爬取完毕...
[2018-04-22 15:58:15,149][TBTracker][INFO]: 第9家店铺的商品交易量爬取完毕...
[2018-04-22 15:58:15,167][TBTracker][INFO]: 第9家店铺的商铺名爬取完毕...
[2018-04-22 15:58:15,180][TBTracker][INFO]: 第9家店铺的货源地爬取完毕...
[2018-04-22 15:58:15,182][TBTracker][INFO]: 正在爬取第10家店铺的数据...
[2018-04-22 15:58:15,202][TBTracker][INFO]: 正在爬取第10家店铺的商品图片...
[2018-04-22 15:58:15,380][TBTracker][INFO]: 第10家店铺的商品图片爬取完毕...
[2018-04-22 15:58:15,398][TBTracker][INFO]: 第10家店铺的商品图片保存完毕...
[2018-04-22 15:58:16,058][TBTracker][INFO]: 200
[2018-04-22 15:58:16,699][TBTracker][INFO]: 第10家店铺的商品页面读取成功...
[2018-04-22 15:58:40,221][TBTracker][ERROR]: Message: 
Screenshot: available via screen

[2018-04-22 15:58:40,222][TBTracker][INFO]: 第10家店铺的商品价格和链接爬取完毕...
[2018-04-22 15:58:40,234][TBTracker][INFO]: 第10家店铺的商品交易量爬取完毕...
[2018-04-22 15:58:40,249][TBTracker][INFO]: 第10家店铺的商铺名爬取完毕...
[2018-04-22 15:58:40,262][TBTracker][INFO]: 第10家店铺的货源地爬取完毕...
[2018-04-22 15:58:40,266][TBTracker][INFO]: 正在爬取第11家店铺的数据...
[2018-04-22 15:58:40,288][TBTracker][INFO]: 正在爬取第11家店铺的商品图片...
[2018-04-22 15:58:40,450][TBTracker][INFO]: 第11家店铺的商品图片爬取完毕...
[2018-04-22 15:58:40,474][TBTracker][INFO]: 第11家店铺的商品图片保存完毕...
[2018-04-22 15:58:48,489][TBTracker][INFO]: 200
[2018-04-22 15:58:57,589][TBTracker][INFO]: 第11家店铺的商品页面读取成功...
[2018-04-22 15:58:57,602][TBTracker][INFO]: 第11家店铺的商品价格和链接爬取完毕...
[2018-04-22 15:58:57,613][TBTracker][INFO]: 第11家店铺的商品交易量爬取完毕...
[2018-04-22 15:58:57,631][TBTracker][INFO]: 第11家店铺的商铺名爬取完毕...
[2018-04-22 15:58:57,644][TBTracker][INFO]: 第11家店铺的货源地爬取完毕...
[2018-04-22 15:58:57,646][TBTracker][INFO]: 正在爬取第12家店铺的数据...
[2018-04-22 15:58:57,667][TBTracker][INFO]: 正在爬取第12家店铺的商品图片...
[2018-04-22 15:58:57,833][TBTracker][INFO]: 第12家店铺的商品图片爬取完毕...
[2018-04-22 15:58:57,856][TBTracker][INFO]: 第12家店铺的商品图片保存完毕...
[2018-04-22 15:58:58,092][TBTracker][INFO]: 200
[2018-04-22 15:58:58,289][TBTracker][INFO]: 第12家店铺的商品页面读取成功...
[2018-04-22 15:58:58,306][TBTracker][INFO]: 第12家店铺的商品价格和链接爬取完毕...
[2018-04-22 15:58:58,318][TBTracker][INFO]: 第12家店铺的商品交易量爬取完毕...
[2018-04-22 15:58:58,341][TBTracker][INFO]: 第12家店铺的商铺名爬取完毕...
[2018-04-22 15:58:58,353][TBTracker][INFO]: 第12家店铺的货源地爬取完毕...
[2018-04-22 15:58:58,357][TBTracker][INFO]: 正在爬取第13家店铺的数据...
[2018-04-22 15:58:58,381][TBTracker][INFO]: 正在爬取第13家店铺的商品图片...
[2018-04-22 15:58:58,523][TBTracker][INFO]: 第13家店铺的商品图片爬取完毕...
[2018-04-22 15:58:58,546][TBTracker][INFO]: 第13家店铺的商品图片保存完毕...
[2018-04-22 15:58:59,167][TBTracker][INFO]: 200
[2018-04-22 15:58:59,738][TBTracker][INFO]: 第13家店铺的商品页面读取成功...
[2018-04-22 15:59:03,141][TBTracker][INFO]: 第13家店铺的商品价格和链接爬取完毕...
[2018-04-22 15:59:03,153][TBTracker][INFO]: 第13家店铺的商品交易量爬取完毕...
[2018-04-22 15:59:03,169][TBTracker][INFO]: 第13家店铺的商铺名爬取完毕...
[2018-04-22 15:59:03,183][TBTracker][INFO]: 第13家店铺的货源地爬取完毕...
[2018-04-22 15:59:03,186][TBTracker][INFO]: 正在爬取第14家店铺的数据...
[2018-04-22 15:59:03,205][TBTracker][INFO]: 正在爬取第14家店铺的商品图片...
[2018-04-22 15:59:03,420][TBTracker][INFO]: 第14家店铺的商品图片爬取完毕...
[2018-04-22 15:59:03,439][TBTracker][INFO]: 第14家店铺的商品图片保存完毕...
[2018-04-22 15:59:12,221][TBTracker][INFO]: 200
[2018-04-22 15:59:19,568][TBTracker][INFO]: 第14家店铺的商品页面读取成功...
[2018-04-22 15:59:19,580][TBTracker][INFO]: 第14家店铺的商品价格和链接爬取完毕...
[2018-04-22 15:59:19,593][TBTracker][INFO]: 第14家店铺的商品交易量爬取完毕...
[2018-04-22 15:59:19,609][TBTracker][INFO]: 第14家店铺的商铺名爬取完毕...
[2018-04-22 15:59:19,620][TBTracker][INFO]: 第14家店铺的货源地爬取完毕...
[2018-04-22 15:59:19,622][TBTracker][INFO]: 正在爬取第15家店铺的数据...
[2018-04-22 15:59:19,648][TBTracker][INFO]: 正在爬取第15家店铺的商品图片...
[2018-04-22 15:59:20,063][TBTracker][INFO]: 第15家店铺的商品图片爬取完毕...
[2018-04-22 15:59:20,085][TBTracker][INFO]: 第15家店铺的商品图片保存完毕...
[2018-04-22 15:59:20,741][TBTracker][INFO]: 200
[2018-04-22 15:59:21,308][TBTracker][INFO]: 第15家店铺的商品页面读取成功...
[2018-04-22 15:59:24,362][TBTracker][INFO]: 第15家店铺的商品价格和链接爬取完毕...
[2018-04-22 15:59:24,373][TBTracker][INFO]: 第15家店铺的商品交易量爬取完毕...
[2018-04-22 15:59:24,389][TBTracker][INFO]: 第15家店铺的商铺名爬取完毕...
[2018-04-22 15:59:24,399][TBTracker][INFO]: 第15家店铺的货源地爬取完毕...
[2018-04-22 15:59:24,401][TBTracker][INFO]: 正在爬取第16家店铺的数据...
[2018-04-22 15:59:24,424][TBTracker][INFO]: 正在爬取第16家店铺的商品图片...
[2018-04-22 15:59:24,720][TBTracker][INFO]: 第16家店铺的商品图片爬取完毕...
[2018-04-22 15:59:24,742][TBTracker][INFO]: 第16家店铺的商品图片保存完毕...
[2018-04-22 15:59:25,393][TBTracker][INFO]: 200
[2018-04-22 15:59:25,976][TBTracker][INFO]: 第16家店铺的商品页面读取成功...
[2018-04-22 15:59:28,408][TBTracker][INFO]: 第16家店铺的商品价格和链接爬取完毕...
[2018-04-22 15:59:28,429][TBTracker][INFO]: 第16家店铺的商品交易量爬取完毕...
[2018-04-22 15:59:28,451][TBTracker][INFO]: 第16家店铺的商铺名爬取完毕...
[2018-04-22 15:59:28,467][TBTracker][INFO]: 第16家店铺的货源地爬取完毕...
[2018-04-22 15:59:28,472][TBTracker][INFO]: 正在爬取第17家店铺的数据...
[2018-04-22 15:59:28,510][TBTracker][INFO]: 正在爬取第17家店铺的商品图片...
[2018-04-22 15:59:28,711][TBTracker][INFO]: 第17家店铺的商品图片爬取完毕...
[2018-04-22 15:59:28,735][TBTracker][INFO]: 第17家店铺的商品图片保存完毕...
[2018-04-22 15:59:29,339][TBTracker][INFO]: 200
[2018-04-22 15:59:29,859][TBTracker][INFO]: 第17家店铺的商品页面读取成功...
[2018-04-22 15:59:32,235][TBTracker][INFO]: 第17家店铺的商品价格和链接爬取完毕...
[2018-04-22 15:59:32,250][TBTracker][INFO]: 第17家店铺的商品交易量爬取完毕...
[2018-04-22 15:59:32,273][TBTracker][INFO]: 第17家店铺的商铺名爬取完毕...
[2018-04-22 15:59:32,285][TBTracker][INFO]: 第17家店铺的货源地爬取完毕...
[2018-04-22 15:59:32,288][TBTracker][INFO]: 正在爬取第18家店铺的数据...
[2018-04-22 15:59:32,318][TBTracker][INFO]: 正在爬取第18家店铺的商品图片...
[2018-04-22 15:59:32,528][TBTracker][INFO]: 第18家店铺的商品图片爬取完毕...
[2018-04-22 15:59:32,546][TBTracker][INFO]: 第18家店铺的商品图片保存完毕...
[2018-04-22 15:59:32,934][TBTracker][INFO]: 200
[2018-04-22 15:59:33,282][TBTracker][INFO]: 第18家店铺的商品页面读取成功...
[2018-04-22 15:59:33,304][TBTracker][INFO]: 第18家店铺的商品价格和链接爬取完毕...
[2018-04-22 15:59:33,322][TBTracker][INFO]: 第18家店铺的商品交易量爬取完毕...
[2018-04-22 15:59:33,348][TBTracker][INFO]: 第18家店铺的商铺名爬取完毕...
[2018-04-22 15:59:33,365][TBTracker][INFO]: 第18家店铺的货源地爬取完毕...
[2018-04-22 15:59:33,369][TBTracker][INFO]: 正在爬取第19家店铺的数据...
[2018-04-22 15:59:33,393][TBTracker][INFO]: 正在爬取第19家店铺的商品图片...
[2018-04-22 15:59:33,637][TBTracker][INFO]: 第19家店铺的商品图片爬取完毕...
[2018-04-22 15:59:33,655][TBTracker][INFO]: 第19家店铺的商品图片保存完毕...
[2018-04-22 15:59:34,034][TBTracker][INFO]: 200
[2018-04-22 15:59:34,476][TBTracker][INFO]: 第19家店铺的商品页面读取成功...
[2018-04-22 15:59:34,491][TBTracker][INFO]: 第19家店铺的商品价格和链接爬取完毕...
[2018-04-22 15:59:34,509][TBTracker][INFO]: 第19家店铺的商品交易量爬取完毕...
[2018-04-22 15:59:34,528][TBTracker][INFO]: 第19家店铺的商铺名爬取完毕...
[2018-04-22 15:59:34,546][TBTracker][INFO]: 第19家店铺的货源地爬取完毕...
[2018-04-22 15:59:34,549][TBTracker][INFO]: 正在爬取第20家店铺的数据...
[2018-04-22 15:59:34,568][TBTracker][INFO]: 正在爬取第20家店铺的商品图片...
[2018-04-22 15:59:34,910][TBTracker][INFO]: 第20家店铺的商品图片爬取完毕...
[2018-04-22 15:59:34,941][TBTracker][INFO]: 第20家店铺的商品图片保存完毕...
[2018-04-22 15:59:35,637][TBTracker][INFO]: 200
[2018-04-22 15:59:36,179][TBTracker][INFO]: 第20家店铺的商品页面读取成功...
[2018-04-22 15:59:39,675][TBTracker][INFO]: 第20家店铺的商品价格和链接爬取完毕...
[2018-04-22 15:59:39,690][TBTracker][INFO]: 第20家店铺的商品交易量爬取完毕...
[2018-04-22 15:59:39,716][TBTracker][INFO]: 第20家店铺的商铺名爬取完毕...
[2018-04-22 15:59:39,731][TBTracker][INFO]: 第20家店铺的货源地爬取完毕...
[2018-04-22 15:59:39,735][TBTracker][INFO]: 正在爬取第21家店铺的数据...
[2018-04-22 15:59:39,761][TBTracker][INFO]: 正在爬取第21家店铺的商品图片...
[2018-04-22 15:59:39,875][TBTracker][INFO]: 第21家店铺的商品图片爬取完毕...
[2018-04-22 15:59:39,896][TBTracker][INFO]: 第21家店铺的商品图片保存完毕...
[2018-04-22 15:59:42,450][TBTracker][INFO]: 200
[2018-04-22 15:59:54,959][TBTracker][INFO]: 第21家店铺的商品页面读取成功...
[2018-04-22 15:59:54,967][TBTracker][INFO]: 第21家店铺的商品价格和链接爬取完毕...
[2018-04-22 15:59:54,985][TBTracker][INFO]: 第21家店铺的商品交易量爬取完毕...
[2018-04-22 15:59:55,007][TBTracker][INFO]: 第21家店铺的商铺名爬取完毕...
[2018-04-22 15:59:55,020][TBTracker][INFO]: 第21家店铺的货源地爬取完毕...
[2018-04-22 15:59:55,023][TBTracker][INFO]: 正在爬取第22家店铺的数据...
[2018-04-22 15:59:55,042][TBTracker][INFO]: 正在爬取第22家店铺的商品图片...
[2018-04-22 15:59:55,239][TBTracker][INFO]: 第22家店铺的商品图片爬取完毕...
[2018-04-22 15:59:55,262][TBTracker][INFO]: 第22家店铺的商品图片保存完毕...
[2018-04-22 15:59:55,940][TBTracker][INFO]: 200
[2018-04-22 15:59:56,496][TBTracker][INFO]: 第22家店铺的商品页面读取成功...
[2018-04-22 15:59:59,117][TBTracker][INFO]: 第22家店铺的商品价格和链接爬取完毕...
[2018-04-22 15:59:59,141][TBTracker][INFO]: 第22家店铺的商品交易量爬取完毕...
[2018-04-22 15:59:59,182][TBTracker][INFO]: 第22家店铺的商铺名爬取完毕...
[2018-04-22 15:59:59,207][TBTracker][INFO]: 第22家店铺的货源地爬取完毕...
[2018-04-22 15:59:59,211][TBTracker][INFO]: 正在爬取第23家店铺的数据...
[2018-04-22 15:59:59,236][TBTracker][INFO]: 正在爬取第23家店铺的商品图片...
[2018-04-22 15:59:59,424][TBTracker][INFO]: 第23家店铺的商品图片爬取完毕...
[2018-04-22 15:59:59,445][TBTracker][INFO]: 第23家店铺的商品图片保存完毕...
[2018-04-22 16:00:06,721][TBTracker][INFO]: 200
[2018-04-22 16:00:06,925][TBTracker][INFO]: 第23家店铺的商品页面读取成功...
[2018-04-22 16:00:06,934][TBTracker][INFO]: 第23家店铺的商品价格和链接爬取完毕...
[2018-04-22 16:00:06,946][TBTracker][INFO]: 第23家店铺的商品交易量爬取完毕...
[2018-04-22 16:00:06,964][TBTracker][INFO]: 第23家店铺的商铺名爬取完毕...
[2018-04-22 16:00:06,977][TBTracker][INFO]: 第23家店铺的货源地爬取完毕...
[2018-04-22 16:00:06,981][TBTracker][INFO]: 正在爬取第24家店铺的数据...
[2018-04-22 16:00:07,004][TBTracker][INFO]: 正在爬取第24家店铺的商品图片...
[2018-04-22 16:00:07,352][TBTracker][INFO]: 第24家店铺的商品图片爬取完毕...
[2018-04-22 16:00:07,376][TBTracker][INFO]: 第24家店铺的商品图片保存完毕...
[2018-04-22 16:00:07,609][TBTracker][INFO]: 200
[2018-04-22 16:00:07,833][TBTracker][INFO]: 第24家店铺的商品页面读取成功...
[2018-04-22 16:00:07,853][TBTracker][INFO]: 第24家店铺的商品价格和链接爬取完毕...
[2018-04-22 16:00:07,871][TBTracker][INFO]: 第24家店铺的商品交易量爬取完毕...
[2018-04-22 16:00:07,894][TBTracker][INFO]: 第24家店铺的商铺名爬取完毕...
[2018-04-22 16:00:07,913][TBTracker][INFO]: 第24家店铺的货源地爬取完毕...
[2018-04-22 16:00:07,919][TBTracker][INFO]: 正在爬取第25家店铺的数据...
[2018-04-22 16:00:07,941][TBTracker][INFO]: 正在爬取第25家店铺的商品图片...
[2018-04-22 16:00:08,190][TBTracker][INFO]: 第25家店铺的商品图片爬取完毕...
[2018-04-22 16:00:08,223][TBTracker][INFO]: 第25家店铺的商品图片保存完毕...
[2018-04-22 16:00:08,803][TBTracker][INFO]: 200
[2018-04-22 16:00:09,410][TBTracker][INFO]: 第25家店铺的商品页面读取成功...
[2018-04-22 16:00:11,722][TBTracker][INFO]: 第25家店铺的商品价格和链接爬取完毕...
[2018-04-22 16:00:11,738][TBTracker][INFO]: 第25家店铺的商品交易量爬取完毕...
[2018-04-22 16:00:11,758][TBTracker][INFO]: 第25家店铺的商铺名爬取完毕...
[2018-04-22 16:00:11,769][TBTracker][INFO]: 第25家店铺的货源地爬取完毕...
[2018-04-22 16:00:11,771][TBTracker][INFO]: 正在爬取第26家店铺的数据...
[2018-04-22 16:00:11,795][TBTracker][INFO]: 正在爬取第26家店铺的商品图片...
[2018-04-22 16:00:12,013][TBTracker][INFO]: 第26家店铺的商品图片爬取完毕...
[2018-04-22 16:00:12,030][TBTracker][INFO]: 第26家店铺的商品图片保存完毕...
[2018-04-22 16:00:13,043][TBTracker][INFO]: 200
[2018-04-22 16:00:15,063][TBTracker][INFO]: 第26家店铺的商品页面读取成功...
[2018-04-22 16:00:15,077][TBTracker][INFO]: 第26家店铺的商品价格和链接爬取完毕...
[2018-04-22 16:00:15,090][TBTracker][INFO]: 第26家店铺的商品交易量爬取完毕...
[2018-04-22 16:00:15,109][TBTracker][INFO]: 第26家店铺的商铺名爬取完毕...
[2018-04-22 16:00:15,123][TBTracker][INFO]: 第26家店铺的货源地爬取完毕...
[2018-04-22 16:00:15,126][TBTracker][INFO]: 正在爬取第27家店铺的数据...
[2018-04-22 16:00:15,175][TBTracker][INFO]: 正在爬取第27家店铺的商品图片...
[2018-04-22 16:00:15,291][TBTracker][INFO]: 第27家店铺的商品图片爬取完毕...
[2018-04-22 16:00:15,306][TBTracker][INFO]: 第27家店铺的商品图片保存完毕...
[2018-04-22 16:00:28,149][TBTracker][INFO]: 200
[2018-04-22 16:00:29,381][TBTracker][INFO]: 第27家店铺的商品页面读取成功...
[2018-04-22 16:00:29,392][TBTracker][INFO]: 第27家店铺的商品价格和链接爬取完毕...
[2018-04-22 16:00:29,406][TBTracker][INFO]: 第27家店铺的商品交易量爬取完毕...
[2018-04-22 16:00:29,425][TBTracker][INFO]: 第27家店铺的商铺名爬取完毕...
[2018-04-22 16:00:29,444][TBTracker][INFO]: 第27家店铺的货源地爬取完毕...
[2018-04-22 16:00:29,447][TBTracker][INFO]: 正在爬取第28家店铺的数据...
[2018-04-22 16:00:29,476][TBTracker][INFO]: 正在爬取第28家店铺的商品图片...
[2018-04-22 16:00:29,705][TBTracker][INFO]: 第28家店铺的商品图片爬取完毕...
[2018-04-22 16:00:29,727][TBTracker][INFO]: 第28家店铺的商品图片保存完毕...
[2018-04-22 16:00:31,582][TBTracker][INFO]: 200
[2018-04-22 16:00:42,006][TBTracker][INFO]: 第28家店铺的商品页面读取成功...
[2018-04-22 16:00:42,020][TBTracker][INFO]: 第28家店铺的商品价格和链接爬取完毕...
[2018-04-22 16:00:42,044][TBTracker][INFO]: 第28家店铺的商品交易量爬取完毕...
[2018-04-22 16:00:42,071][TBTracker][INFO]: 第28家店铺的商铺名爬取完毕...
[2018-04-22 16:00:42,091][TBTracker][INFO]: 第28家店铺的货源地爬取完毕...
[2018-04-22 16:00:42,096][TBTracker][INFO]: 正在爬取第29家店铺的数据...
[2018-04-22 16:00:42,129][TBTracker][INFO]: 正在爬取第29家店铺的商品图片...
[2018-04-22 16:00:42,355][TBTracker][INFO]: 第29家店铺的商品图片爬取完毕...
[2018-04-22 16:00:42,387][TBTracker][INFO]: 第29家店铺的商品图片保存完毕...
[2018-04-22 16:00:42,989][TBTracker][INFO]: 200
[2018-04-22 16:00:44,121][TBTracker][INFO]: 第29家店铺的商品页面读取成功...
[2018-04-22 16:00:44,129][TBTracker][INFO]: 第29家店铺的商品价格和链接爬取完毕...
[2018-04-22 16:00:44,140][TBTracker][INFO]: 第29家店铺的商品交易量爬取完毕...
[2018-04-22 16:00:44,157][TBTracker][INFO]: 第29家店铺的商铺名爬取完毕...
[2018-04-22 16:00:44,169][TBTracker][INFO]: 第29家店铺的货源地爬取完毕...
[2018-04-22 16:00:44,171][TBTracker][INFO]: 正在爬取第30家店铺的数据...
[2018-04-22 16:00:44,198][TBTracker][INFO]: 正在爬取第30家店铺的商品图片...
[2018-04-22 16:00:44,308][TBTracker][INFO]: 第30家店铺的商品图片爬取完毕...
[2018-04-22 16:00:44,323][TBTracker][INFO]: 第30家店铺的商品图片保存完毕...
[2018-04-22 16:00:44,712][TBTracker][INFO]: 200
[2018-04-22 16:00:45,036][TBTracker][INFO]: 第30家店铺的商品页面读取成功...
[2018-04-22 16:00:45,049][TBTracker][INFO]: 第30家店铺的商品价格和链接爬取完毕...
[2018-04-22 16:00:45,067][TBTracker][INFO]: 第30家店铺的商品交易量爬取完毕...
[2018-04-22 16:00:45,088][TBTracker][INFO]: 第30家店铺的商铺名爬取完毕...
[2018-04-22 16:00:45,104][TBTracker][INFO]: 第30家店铺的货源地爬取完毕...
[2018-04-22 16:00:45,110][TBTracker][INFO]: 正在爬取第31家店铺的数据...
[2018-04-22 16:00:45,137][TBTracker][INFO]: 正在爬取第31家店铺的商品图片...
[2018-04-22 16:00:45,352][TBTracker][INFO]: 第31家店铺的商品图片爬取完毕...
[2018-04-22 16:00:45,373][TBTracker][INFO]: 第31家店铺的商品图片保存完毕...
[2018-04-22 16:00:45,807][TBTracker][INFO]: 200
[2018-04-22 16:00:46,828][TBTracker][INFO]: 第31家店铺的商品页面读取成功...
[2018-04-22 16:00:46,838][TBTracker][INFO]: 第31家店铺的商品价格和链接爬取完毕...
[2018-04-22 16:00:46,854][TBTracker][INFO]: 第31家店铺的商品交易量爬取完毕...
[2018-04-22 16:00:46,876][TBTracker][INFO]: 第31家店铺的商铺名爬取完毕...
[2018-04-22 16:00:46,892][TBTracker][INFO]: 第31家店铺的货源地爬取完毕...
[2018-04-22 16:00:46,895][TBTracker][INFO]: 正在爬取第32家店铺的数据...
[2018-04-22 16:00:46,921][TBTracker][INFO]: 正在爬取第32家店铺的商品图片...
[2018-04-22 16:00:47,140][TBTracker][INFO]: 第32家店铺的商品图片爬取完毕...
[2018-04-22 16:00:47,161][TBTracker][INFO]: 第32家店铺的商品图片保存完毕...
[2018-04-22 16:00:50,294][TBTracker][INFO]: 200
[2018-04-22 16:01:08,200][TBTracker][ERROR]: HTTPSConnectionPool(host='item.taobao.com', port=443): Read timed out. (read timeout=10)
[2018-04-22 16:01:08,200][TBTracker][WARNING]: 第32家店铺的商品页面读取失败...
[2018-04-22 16:01:08,201][TBTracker][INFO]: 第32家店铺的商品价格和链接爬取完毕...
[2018-04-22 16:01:08,216][TBTracker][INFO]: 第32家店铺的商品交易量爬取完毕...
[2018-04-22 16:01:08,241][TBTracker][INFO]: 第32家店铺的商铺名爬取完毕...
[2018-04-22 16:01:08,258][TBTracker][INFO]: 第32家店铺的货源地爬取完毕...
[2018-04-22 16:01:08,264][TBTracker][INFO]: 正在爬取第33家店铺的数据...
[2018-04-22 16:01:08,294][TBTracker][INFO]: 正在爬取第33家店铺的商品图片...
[2018-04-22 16:01:08,406][TBTracker][INFO]: 第33家店铺的商品图片爬取完毕...
[2018-04-22 16:01:08,414][TBTracker][INFO]: 第33家店铺的商品图片保存完毕...
[2018-04-22 16:01:09,832][TBTracker][INFO]: 200
[2018-04-22 16:01:11,056][TBTracker][INFO]: 第33家店铺的商品页面读取成功...
[2018-04-22 16:01:11,069][TBTracker][INFO]: 第33家店铺的商品价格和链接爬取完毕...
[2018-04-22 16:01:11,091][TBTracker][INFO]: 第33家店铺的商品交易量爬取完毕...
[2018-04-22 16:01:11,118][TBTracker][INFO]: 第33家店铺的商铺名爬取完毕...
[2018-04-22 16:01:11,135][TBTracker][INFO]: 第33家店铺的货源地爬取完毕...
[2018-04-22 16:01:11,138][TBTracker][INFO]: 正在爬取第34家店铺的数据...
[2018-04-22 16:01:11,170][TBTracker][INFO]: 正在爬取第34家店铺的商品图片...
[2018-04-22 16:01:11,351][TBTracker][INFO]: 第34家店铺的商品图片爬取完毕...
[2018-04-22 16:01:11,371][TBTracker][INFO]: 第34家店铺的商品图片保存完毕...
[2018-04-22 16:01:13,307][TBTracker][INFO]: 200
[2018-04-22 16:01:15,516][TBTracker][INFO]: 第34家店铺的商品页面读取成功...
[2018-04-22 16:01:15,524][TBTracker][INFO]: 第34家店铺的商品价格和链接爬取完毕...
[2018-04-22 16:01:15,536][TBTracker][INFO]: 第34家店铺的商品交易量爬取完毕...
[2018-04-22 16:01:15,552][TBTracker][INFO]: 第34家店铺的商铺名爬取完毕...
[2018-04-22 16:01:15,563][TBTracker][INFO]: 第34家店铺的货源地爬取完毕...
[2018-04-22 16:01:15,565][TBTracker][INFO]: 正在爬取第35家店铺的数据...
[2018-04-22 16:01:15,587][TBTracker][INFO]: 正在爬取第35家店铺的商品图片...
[2018-04-22 16:01:15,771][TBTracker][INFO]: 第35家店铺的商品图片爬取完毕...
[2018-04-22 16:01:15,778][TBTracker][INFO]: 第35家店铺的商品图片保存完毕...
[2018-04-22 16:01:16,021][TBTracker][INFO]: 200
[2018-04-22 16:01:17,094][TBTracker][INFO]: 第35家店铺的商品页面读取成功...
[2018-04-22 16:01:17,103][TBTracker][INFO]: 第35家店铺的商品价格和链接爬取完毕...
[2018-04-22 16:01:17,115][TBTracker][INFO]: 第35家店铺的商品交易量爬取完毕...
[2018-04-22 16:01:17,130][TBTracker][INFO]: 第35家店铺的商铺名爬取完毕...
[2018-04-22 16:01:17,141][TBTracker][INFO]: 第35家店铺的货源地爬取完毕...
[2018-04-22 16:01:17,143][TBTracker][INFO]: 正在爬取第36家店铺的数据...
[2018-04-22 16:01:17,160][TBTracker][INFO]: 正在爬取第36家店铺的商品图片...
[2018-04-22 16:01:17,331][TBTracker][INFO]: 第36家店铺的商品图片爬取完毕...
[2018-04-22 16:01:17,340][TBTracker][INFO]: 第36家店铺的商品图片保存完毕...
[2018-04-22 16:01:17,613][TBTracker][INFO]: 200
[2018-04-22 16:01:17,841][TBTracker][INFO]: 第36家店铺的商品页面读取成功...
[2018-04-22 16:01:17,850][TBTracker][INFO]: 第36家店铺的商品价格和链接爬取完毕...
[2018-04-22 16:01:17,860][TBTracker][INFO]: 第36家店铺的商品交易量爬取完毕...
[2018-04-22 16:01:17,876][TBTracker][INFO]: 第36家店铺的商铺名爬取完毕...
[2018-04-22 16:01:17,886][TBTracker][INFO]: 第36家店铺的货源地爬取完毕...
[2018-04-22 16:01:41,954][TBTracker][INFO]: 数据爬取完毕
[2018-04-22 21:02:15,356][TBTracker][INFO]: 正在删除图片...
[2018-04-22 21:02:15,357][TBTracker][INFO]: 图片删除完毕!
[2018-04-22 21:02:17,388][TBTracker][INFO]: 模拟登录淘宝网
[2018-04-22 21:02:31,047][TBTracker][INFO]: 搜索成功，正在返回搜索结果...
[2018-04-22 21:02:31,077][TBTracker][INFO]: 总共返回36个搜索结果
[2018-04-22 21:02:31,079][TBTracker][INFO]: 正在爬取第1家店铺的数据...
[2018-04-22 21:02:31,104][TBTracker][INFO]: 正在爬取第1家店铺的商品图片...
[2018-04-22 21:02:40,419][TBTracker][INFO]: 第1家店铺的商品图片爬取完毕...
[2018-04-22 21:02:40,491][TBTracker][INFO]: 第1家店铺的商品图片保存完毕...
[2018-04-22 21:02:43,868][TBTracker][INFO]: 200
[2018-04-22 21:02:48,530][TBTracker][INFO]: 第1家店铺的商品页面读取成功...
[2018-04-22 21:03:01,110][TBTracker][INFO]: 第1家店铺的商品价格和链接爬取完毕...
[2018-04-22 21:03:01,124][TBTracker][INFO]: 第1家店铺的商品交易量爬取完毕...
[2018-04-22 21:03:01,140][TBTracker][INFO]: 第1家店铺的商铺名爬取完毕...
[2018-04-22 21:03:01,151][TBTracker][INFO]: 第1家店铺的货源地爬取完毕...
[2018-04-22 21:03:01,158][TBTracker][INFO]: 正在爬取第2家店铺的数据...
[2018-04-22 21:03:01,174][TBTracker][INFO]: 正在爬取第2家店铺的商品图片...
[2018-04-22 21:03:10,232][TBTracker][INFO]: 第2家店铺的商品图片爬取完毕...
[2018-04-22 21:03:10,262][TBTracker][INFO]: 第2家店铺的商品图片保存完毕...
[2018-04-22 21:03:13,132][TBTracker][INFO]: 200
[2018-04-22 21:03:15,428][TBTracker][INFO]: 第2家店铺的商品页面读取成功...
[2018-04-22 21:03:26,642][TBTracker][INFO]: 第2家店铺的商品价格和链接爬取完毕...
[2018-04-22 21:03:26,657][TBTracker][INFO]: 第2家店铺的商品交易量爬取完毕...
[2018-04-22 21:03:26,673][TBTracker][INFO]: 第2家店铺的商铺名爬取完毕...
[2018-04-22 21:03:26,684][TBTracker][INFO]: 第2家店铺的货源地爬取完毕...
[2018-04-22 21:03:26,688][TBTracker][INFO]: 正在爬取第3家店铺的数据...
[2018-04-22 21:03:26,711][TBTracker][INFO]: 正在爬取第3家店铺的商品图片...
[2018-04-22 21:03:29,570][TBTracker][INFO]: 第3家店铺的商品图片爬取完毕...
[2018-04-22 21:03:29,592][TBTracker][INFO]: 第3家店铺的商品图片保存完毕...
[2018-04-22 21:03:32,610][TBTracker][INFO]: 200
[2018-04-22 21:03:35,726][TBTracker][INFO]: 第3家店铺的商品页面读取成功...
[2018-04-22 21:04:06,101][TBTracker][ERROR]: Message: 
Screenshot: available via screen

[2018-04-22 21:04:06,101][TBTracker][INFO]: 第3家店铺的商品价格和链接爬取完毕...
[2018-04-22 21:04:06,114][TBTracker][INFO]: 第3家店铺的商品交易量爬取完毕...
[2018-04-22 21:04:06,130][TBTracker][INFO]: 第3家店铺的商铺名爬取完毕...
[2018-04-22 21:04:06,141][TBTracker][INFO]: 第3家店铺的货源地爬取完毕...
[2018-04-22 21:04:06,144][TBTracker][INFO]: 正在爬取第4家店铺的数据...
[2018-04-22 21:04:06,166][TBTracker][INFO]: 正在爬取第4家店铺的商品图片...
[2018-04-22 21:04:08,660][TBTracker][INFO]: 第4家店铺的商品图片爬取完毕...
[2018-04-22 21:04:08,684][TBTracker][INFO]: 第4家店铺的商品图片保存完毕...
[2018-04-22 21:04:10,820][TBTracker][INFO]: 200
[2018-04-22 21:04:12,800][TBTracker][INFO]: 第4家店铺的商品页面读取成功...
[2018-04-22 21:04:12,836][TBTracker][INFO]: 第4家店铺的商品价格和链接爬取完毕...
[2018-04-22 21:04:12,847][TBTracker][INFO]: 第4家店铺的商品交易量爬取完毕...
[2018-04-22 21:04:12,862][TBTracker][INFO]: 第4家店铺的商铺名爬取完毕...
[2018-04-22 21:04:12,873][TBTracker][INFO]: 第4家店铺的货源地爬取完毕...
[2018-04-22 21:04:12,875][TBTracker][INFO]: 正在爬取第5家店铺的数据...
[2018-04-22 21:04:12,895][TBTracker][INFO]: 正在爬取第5家店铺的商品图片...
[2018-04-22 21:04:14,942][TBTracker][INFO]: 第5家店铺的商品图片爬取完毕...
[2018-04-22 21:04:14,961][TBTracker][INFO]: 第5家店铺的商品图片保存完毕...
[2018-04-22 21:04:20,807][TBTracker][INFO]: 200
[2018-04-22 21:04:27,457][TBTracker][INFO]: 第5家店铺的商品页面读取成功...
[2018-04-22 21:04:39,569][TBTracker][INFO]: 第5家店铺的商品价格和链接爬取完毕...
[2018-04-22 21:04:39,584][TBTracker][INFO]: 第5家店铺的商品交易量爬取完毕...
[2018-04-22 21:04:39,600][TBTracker][INFO]: 第5家店铺的商铺名爬取完毕...
[2018-04-22 21:04:39,612][TBTracker][INFO]: 第5家店铺的货源地爬取完毕...
[2018-04-22 21:04:39,615][TBTracker][INFO]: 正在爬取第6家店铺的数据...
[2018-04-22 21:04:39,637][TBTracker][INFO]: 正在爬取第6家店铺的商品图片...
[2018-04-22 21:04:46,111][TBTracker][INFO]: 第6家店铺的商品图片爬取完毕...
[2018-04-22 21:04:46,138][TBTracker][INFO]: 第6家店铺的商品图片保存完毕...
[2018-04-22 21:04:50,358][TBTracker][INFO]: 200
[2018-04-22 21:05:03,464][TBTracker][INFO]: 第6家店铺的商品页面读取成功...
[2018-04-22 21:05:46,075][TBTracker][ERROR]: Message: 
Screenshot: available via screen

[2018-04-22 21:05:46,075][TBTracker][INFO]: 第6家店铺的商品价格和链接爬取完毕...
[2018-04-22 21:05:46,088][TBTracker][INFO]: 第6家店铺的商品交易量爬取完毕...
[2018-04-22 21:05:46,104][TBTracker][INFO]: 第6家店铺的商铺名爬取完毕...
[2018-04-22 21:05:46,114][TBTracker][INFO]: 第6家店铺的货源地爬取完毕...
[2018-04-22 21:05:46,117][TBTracker][INFO]: 正在爬取第7家店铺的数据...
[2018-04-22 21:05:46,136][TBTracker][INFO]: 正在爬取第7家店铺的商品图片...
[2018-04-22 21:05:51,718][TBTracker][INFO]: 第7家店铺的商品图片爬取完毕...
[2018-04-22 21:05:51,740][TBTracker][INFO]: 第7家店铺的商品图片保存完毕...
[2018-04-22 21:05:56,512][TBTracker][INFO]: 200
[2018-04-22 21:05:59,455][TBTracker][INFO]: 第7家店铺的商品页面读取成功...
[2018-04-22 21:06:38,318][TBTracker][INFO]: 第7家店铺的商品价格和链接爬取完毕...
[2018-04-22 21:06:38,331][TBTracker][INFO]: 第7家店铺的商品交易量爬取完毕...
[2018-04-22 21:06:38,345][TBTracker][INFO]: 第7家店铺的商铺名爬取完毕...
[2018-04-22 21:06:38,356][TBTracker][INFO]: 第7家店铺的货源地爬取完毕...
[2018-04-22 21:06:38,358][TBTracker][INFO]: 正在爬取第8家店铺的数据...
[2018-04-22 21:06:38,377][TBTracker][INFO]: 正在爬取第8家店铺的商品图片...
[2018-04-22 21:06:43,584][TBTracker][INFO]: 第8家店铺的商品图片爬取完毕...
[2018-04-22 21:06:43,605][TBTracker][INFO]: 第8家店铺的商品图片保存完毕...
[2018-04-22 21:06:46,474][TBTracker][INFO]: 200
[2018-04-22 21:06:51,248][TBTracker][INFO]: 第8家店铺的商品页面读取成功...
[2018-04-22 21:06:51,263][TBTracker][INFO]: 第8家店铺的商品价格和链接爬取完毕...
[2018-04-22 21:06:51,274][TBTracker][INFO]: 第8家店铺的商品交易量爬取完毕...
[2018-04-22 21:06:51,288][TBTracker][INFO]: 第8家店铺的商铺名爬取完毕...
[2018-04-22 21:06:51,302][TBTracker][INFO]: 第8家店铺的货源地爬取完毕...
[2018-04-22 21:06:51,304][TBTracker][INFO]: 正在爬取第9家店铺的数据...
[2018-04-22 21:06:51,326][TBTracker][INFO]: 正在爬取第9家店铺的商品图片...
[2018-04-22 21:06:56,269][TBTracker][INFO]: 第9家店铺的商品图片爬取完毕...
[2018-04-22 21:06:56,285][TBTracker][INFO]: 第9家店铺的商品图片保存完毕...
[2018-04-22 21:07:00,801][TBTracker][INFO]: 200
[2018-04-22 21:07:14,212][TBTracker][ERROR]: HTTPSConnectionPool(host='item.taobao.com', port=443): Read timed out. (read timeout=10)
[2018-04-22 21:07:14,213][TBTracker][WARNING]: 第9家店铺的商品页面读取失败...
[2018-04-22 21:07:14,213][TBTracker][INFO]: 第9家店铺的商品价格和链接爬取完毕...
[2018-04-22 21:07:14,224][TBTracker][INFO]: 第9家店铺的商品交易量爬取完毕...
[2018-04-22 21:07:14,239][TBTracker][INFO]: 第9家店铺的商铺名爬取完毕...
[2018-04-22 21:07:14,250][TBTracker][INFO]: 第9家店铺的货源地爬取完毕...
[2018-04-22 21:07:14,252][TBTracker][INFO]: 正在爬取第10家店铺的数据...
[2018-04-22 21:07:14,272][TBTracker][INFO]: 正在爬取第10家店铺的商品图片...
[2018-04-22 21:07:19,940][TBTracker][INFO]: 第10家店铺的商品图片爬取完毕...
[2018-04-22 21:07:19,961][TBTracker][INFO]: 第10家店铺的商品图片保存完毕...
[2018-04-22 21:07:26,503][TBTracker][INFO]: 200
[2018-04-22 21:07:28,922][TBTracker][INFO]: 第10家店铺的商品页面读取成功...
[2018-04-22 21:07:40,159][TBTracker][INFO]: 第10家店铺的商品价格和链接爬取完毕...
[2018-04-22 21:07:40,170][TBTracker][INFO]: 第10家店铺的商品交易量爬取完毕...
[2018-04-22 21:07:40,185][TBTracker][INFO]: 第10家店铺的商铺名爬取完毕...
[2018-04-22 21:07:40,196][TBTracker][INFO]: 第10家店铺的货源地爬取完毕...
[2018-04-22 21:07:40,198][TBTracker][INFO]: 正在爬取第11家店铺的数据...
[2018-04-22 21:07:40,218][TBTracker][INFO]: 正在爬取第11家店铺的商品图片...
[2018-04-22 21:07:43,323][TBTracker][INFO]: 第11家店铺的商品图片爬取完毕...
[2018-04-22 21:07:43,339][TBTracker][INFO]: 第11家店铺的商品图片保存完毕...
[2018-04-22 21:07:47,241][TBTracker][INFO]: 200
[2018-04-22 21:07:52,843][TBTracker][INFO]: 第11家店铺的商品页面读取成功...
[2018-04-22 21:07:52,858][TBTracker][INFO]: 第11家店铺的商品价格和链接爬取完毕...
[2018-04-22 21:07:52,873][TBTracker][INFO]: 第11家店铺的商品交易量爬取完毕...
[2018-04-22 21:07:52,897][TBTracker][INFO]: 第11家店铺的商铺名爬取完毕...
[2018-04-22 21:07:52,913][TBTracker][INFO]: 第11家店铺的货源地爬取完毕...
[2018-04-22 21:07:52,917][TBTracker][INFO]: 正在爬取第12家店铺的数据...
[2018-04-22 21:07:52,939][TBTracker][INFO]: 正在爬取第12家店铺的商品图片...
[2018-04-22 21:07:59,888][TBTracker][INFO]: 第12家店铺的商品图片爬取完毕...
[2018-04-22 21:07:59,913][TBTracker][INFO]: 第12家店铺的商品图片保存完毕...
[2018-04-22 21:08:04,164][TBTracker][INFO]: 200
[2018-04-22 21:08:07,992][TBTracker][INFO]: 第12家店铺的商品页面读取成功...
[2018-04-22 21:08:23,187][TBTracker][INFO]: 第12家店铺的商品价格和链接爬取完毕...
[2018-04-22 21:08:23,199][TBTracker][INFO]: 第12家店铺的商品交易量爬取完毕...
[2018-04-22 21:08:23,216][TBTracker][INFO]: 第12家店铺的商铺名爬取完毕...
[2018-04-22 21:08:23,227][TBTracker][INFO]: 第12家店铺的货源地爬取完毕...
[2018-04-22 21:08:23,229][TBTracker][INFO]: 正在爬取第13家店铺的数据...
[2018-04-22 21:08:23,247][TBTracker][INFO]: 正在爬取第13家店铺的商品图片...
[2018-04-22 21:08:27,680][TBTracker][INFO]: 第13家店铺的商品图片爬取完毕...
[2018-04-22 21:08:27,697][TBTracker][INFO]: 第13家店铺的商品图片保存完毕...
[2018-04-22 21:08:32,534][TBTracker][INFO]: 200
[2018-04-22 21:08:41,712][TBTracker][INFO]: 第13家店铺的商品页面读取成功...
[2018-04-22 21:08:41,721][TBTracker][INFO]: 第13家店铺的商品价格和链接爬取完毕...
[2018-04-22 21:08:41,732][TBTracker][INFO]: 第13家店铺的商品交易量爬取完毕...
[2018-04-22 21:08:41,746][TBTracker][INFO]: 第13家店铺的商铺名爬取完毕...
[2018-04-22 21:08:41,756][TBTracker][INFO]: 第13家店铺的货源地爬取完毕...
[2018-04-22 21:08:41,759][TBTracker][INFO]: 正在爬取第14家店铺的数据...
[2018-04-22 21:08:41,776][TBTracker][INFO]: 正在爬取第14家店铺的商品图片...
[2018-04-22 21:08:50,828][TBTracker][INFO]: 第14家店铺的商品图片爬取完毕...
[2018-04-22 21:08:50,852][TBTracker][INFO]: 第14家店铺的商品图片保存完毕...
[2018-04-22 21:08:53,813][TBTracker][INFO]: 200
[2018-04-22 21:08:57,035][TBTracker][INFO]: 第14家店铺的商品页面读取成功...
[2018-04-22 21:08:57,047][TBTracker][INFO]: 第14家店铺的商品价格和链接爬取完毕...
[2018-04-22 21:08:57,058][TBTracker][INFO]: 第14家店铺的商品交易量爬取完毕...
[2018-04-22 21:08:57,073][TBTracker][INFO]: 第14家店铺的商铺名爬取完毕...
[2018-04-22 21:08:57,083][TBTracker][INFO]: 第14家店铺的货源地爬取完毕...
[2018-04-22 21:08:57,085][TBTracker][INFO]: 正在爬取第15家店铺的数据...
[2018-04-22 21:08:57,104][TBTracker][INFO]: 正在爬取第15家店铺的商品图片...
[2018-04-22 21:09:05,033][TBTracker][INFO]: 第15家店铺的商品图片爬取完毕...
[2018-04-22 21:09:05,070][TBTracker][INFO]: 第15家店铺的商品图片保存完毕...
[2018-04-22 21:09:07,909][TBTracker][INFO]: 200
[2018-04-22 21:09:09,622][TBTracker][INFO]: 第15家店铺的商品页面读取成功...
[2018-04-22 21:09:09,644][TBTracker][INFO]: 第15家店铺的商品价格和链接爬取完毕...
[2018-04-22 21:09:09,655][TBTracker][INFO]: 第15家店铺的商品交易量爬取完毕...
[2018-04-22 21:09:09,673][TBTracker][INFO]: 第15家店铺的商铺名爬取完毕...
[2018-04-22 21:09:09,686][TBTracker][INFO]: 第15家店铺的货源地爬取完毕...
[2018-04-22 21:09:09,689][TBTracker][INFO]: 正在爬取第16家店铺的数据...
[2018-04-22 21:09:09,715][TBTracker][INFO]: 正在爬取第16家店铺的商品图片...
[2018-04-22 21:09:13,540][TBTracker][INFO]: 第16家店铺的商品图片爬取完毕...
[2018-04-22 21:09:13,556][TBTracker][INFO]: 第16家店铺的商品图片保存完毕...
[2018-04-22 21:09:17,399][TBTracker][INFO]: 200
[2018-04-22 21:09:21,835][TBTracker][INFO]: 第16家店铺的商品页面读取成功...
[2018-04-22 21:09:28,623][TBTracker][INFO]: 第16家店铺的商品价格和链接爬取完毕...
[2018-04-22 21:09:28,636][TBTracker][INFO]: 第16家店铺的商品交易量爬取完毕...
[2018-04-22 21:09:28,657][TBTracker][INFO]: 第16家店铺的商铺名爬取完毕...
[2018-04-22 21:09:28,669][TBTracker][INFO]: 第16家店铺的货源地爬取完毕...
[2018-04-22 21:09:28,672][TBTracker][INFO]: 正在爬取第17家店铺的数据...
[2018-04-22 21:09:28,695][TBTracker][INFO]: 正在爬取第17家店铺的商品图片...
[2018-04-22 21:09:32,660][TBTracker][INFO]: 第17家店铺的商品图片爬取完毕...
[2018-04-22 21:09:32,685][TBTracker][INFO]: 第17家店铺的商品图片保存完毕...
[2018-04-22 21:09:35,377][TBTracker][INFO]: 200
[2018-04-22 21:09:38,397][TBTracker][INFO]: 第17家店铺的商品页面读取成功...
[2018-04-22 21:09:46,436][TBTracker][INFO]: 第17家店铺的商品价格和链接爬取完毕...
[2018-04-22 21:09:46,450][TBTracker][INFO]: 第17家店铺的商品交易量爬取完毕...
[2018-04-22 21:09:46,465][TBTracker][INFO]: 第17家店铺的商铺名爬取完毕...
[2018-04-22 21:09:46,476][TBTracker][INFO]: 第17家店铺的货源地爬取完毕...
[2018-04-22 21:09:46,478][TBTracker][INFO]: 正在爬取第18家店铺的数据...
[2018-04-22 21:09:46,496][TBTracker][INFO]: 正在爬取第18家店铺的商品图片...
[2018-04-22 21:09:50,348][TBTracker][INFO]: 第18家店铺的商品图片爬取完毕...
[2018-04-22 21:09:50,365][TBTracker][INFO]: 第18家店铺的商品图片保存完毕...
[2018-04-22 21:09:52,854][TBTracker][INFO]: 200
[2018-04-22 21:09:55,794][TBTracker][INFO]: 第18家店铺的商品页面读取成功...
[2018-04-22 21:10:18,097][TBTracker][INFO]: 第18家店铺的商品价格和链接爬取完毕...
[2018-04-22 21:10:18,116][TBTracker][INFO]: 第18家店铺的商品交易量爬取完毕...
[2018-04-22 21:10:18,134][TBTracker][INFO]: 第18家店铺的商铺名爬取完毕...
[2018-04-22 21:10:18,147][TBTracker][INFO]: 第18家店铺的货源地爬取完毕...
[2018-04-22 21:10:18,150][TBTracker][INFO]: 正在爬取第19家店铺的数据...
[2018-04-22 21:10:18,175][TBTracker][INFO]: 正在爬取第19家店铺的商品图片...
[2018-04-22 21:10:28,999][TBTracker][INFO]: 第19家店铺的商品图片爬取完毕...
[2018-04-22 21:10:29,031][TBTracker][INFO]: 第19家店铺的商品图片保存完毕...
[2018-04-22 21:10:29,838][TBTracker][INFO]: 200
[2018-04-22 21:10:30,502][TBTracker][INFO]: 第19家店铺的商品页面读取成功...
[2018-04-22 21:10:30,517][TBTracker][INFO]: 第19家店铺的商品价格和链接爬取完毕...
[2018-04-22 21:10:30,530][TBTracker][INFO]: 第19家店铺的商品交易量爬取完毕...
[2018-04-22 21:10:30,548][TBTracker][INFO]: 第19家店铺的商铺名爬取完毕...
[2018-04-22 21:10:30,560][TBTracker][INFO]: 第19家店铺的货源地爬取完毕...
[2018-04-22 21:10:30,563][TBTracker][INFO]: 正在爬取第20家店铺的数据...
[2018-04-22 21:10:30,585][TBTracker][INFO]: 正在爬取第20家店铺的商品图片...
[2018-04-22 21:10:41,264][TBTracker][INFO]: 第20家店铺的商品图片爬取完毕...
[2018-04-22 21:10:41,296][TBTracker][INFO]: 第20家店铺的商品图片保存完毕...
[2018-04-22 21:10:42,562][TBTracker][INFO]: 200
[2018-04-22 21:10:43,262][TBTracker][INFO]: 第20家店铺的商品页面读取成功...
[2018-04-22 21:10:43,276][TBTracker][INFO]: 第20家店铺的商品价格和链接爬取完毕...
[2018-04-22 21:10:43,290][TBTracker][INFO]: 第20家店铺的商品交易量爬取完毕...
[2018-04-22 21:10:43,310][TBTracker][INFO]: 第20家店铺的商铺名爬取完毕...
[2018-04-22 21:10:43,322][TBTracker][INFO]: 第20家店铺的货源地爬取完毕...
[2018-04-22 21:10:43,325][TBTracker][INFO]: 正在爬取第21家店铺的数据...
[2018-04-22 21:10:43,347][TBTracker][INFO]: 正在爬取第21家店铺的商品图片...
[2018-04-22 21:10:49,411][TBTracker][INFO]: 第21家店铺的商品图片爬取完毕...
[2018-04-22 21:10:49,435][TBTracker][INFO]: 第21家店铺的商品图片保存完毕...
[2018-04-22 21:10:52,633][TBTracker][INFO]: 200
[2018-04-22 21:10:55,330][TBTracker][INFO]: 第21家店铺的商品页面读取成功...
[2018-04-22 21:11:06,896][TBTracker][INFO]: 第21家店铺的商品价格和链接爬取完毕...
[2018-04-22 21:11:06,911][TBTracker][INFO]: 第21家店铺的商品交易量爬取完毕...
[2018-04-22 21:11:06,930][TBTracker][INFO]: 第21家店铺的商铺名爬取完毕...
[2018-04-22 21:11:06,941][TBTracker][INFO]: 第21家店铺的货源地爬取完毕...
[2018-04-22 21:11:06,944][TBTracker][INFO]: 正在爬取第22家店铺的数据...
[2018-04-22 21:11:06,963][TBTracker][INFO]: 正在爬取第22家店铺的商品图片...
[2018-04-22 21:11:09,287][TBTracker][INFO]: 第22家店铺的商品图片爬取完毕...
[2018-04-22 21:11:09,306][TBTracker][INFO]: 第22家店铺的商品图片保存完毕...
[2018-04-22 21:11:13,068][TBTracker][INFO]: 200
[2018-04-22 21:11:16,089][TBTracker][INFO]: 第22家店铺的商品页面读取成功...
[2018-04-22 21:11:27,985][TBTracker][INFO]: 第22家店铺的商品价格和链接爬取完毕...
[2018-04-22 21:11:27,999][TBTracker][INFO]: 第22家店铺的商品交易量爬取完毕...
[2018-04-22 21:11:28,017][TBTracker][INFO]: 第22家店铺的商铺名爬取完毕...
[2018-04-22 21:11:28,029][TBTracker][INFO]: 第22家店铺的货源地爬取完毕...
[2018-04-22 21:11:28,032][TBTracker][INFO]: 正在爬取第23家店铺的数据...
[2018-04-22 21:11:28,058][TBTracker][INFO]: 正在爬取第23家店铺的商品图片...
[2018-04-22 21:11:33,854][TBTracker][INFO]: 第23家店铺的商品图片爬取完毕...
[2018-04-22 21:11:33,881][TBTracker][INFO]: 第23家店铺的商品图片保存完毕...
[2018-04-22 21:11:35,752][TBTracker][INFO]: 200
[2018-04-22 21:11:36,452][TBTracker][INFO]: 第23家店铺的商品页面读取成功...
[2018-04-22 21:11:36,460][TBTracker][INFO]: 第23家店铺的商品价格和链接爬取完毕...
[2018-04-22 21:11:36,471][TBTracker][INFO]: 第23家店铺的商品交易量爬取完毕...
[2018-04-22 21:11:36,487][TBTracker][INFO]: 第23家店铺的商铺名爬取完毕...
[2018-04-22 21:11:36,498][TBTracker][INFO]: 第23家店铺的货源地爬取完毕...
[2018-04-22 21:11:36,500][TBTracker][INFO]: 正在爬取第24家店铺的数据...
[2018-04-22 21:11:36,520][TBTracker][INFO]: 正在爬取第24家店铺的商品图片...
[2018-04-22 21:11:37,477][TBTracker][INFO]: 第24家店铺的商品图片爬取完毕...
[2018-04-22 21:11:37,485][TBTracker][INFO]: 第24家店铺的商品图片保存完毕...
[2018-04-22 21:11:39,022][TBTracker][INFO]: 200
[2018-04-22 21:11:40,114][TBTracker][INFO]: 第24家店铺的商品页面读取成功...
[2018-04-22 21:11:40,122][TBTracker][INFO]: 第24家店铺的商品价格和链接爬取完毕...
[2018-04-22 21:11:40,133][TBTracker][INFO]: 第24家店铺的商品交易量爬取完毕...
[2018-04-22 21:11:40,147][TBTracker][INFO]: 第24家店铺的商铺名爬取完毕...
[2018-04-22 21:11:40,158][TBTracker][INFO]: 第24家店铺的货源地爬取完毕...
[2018-04-22 21:11:40,160][TBTracker][INFO]: 正在爬取第25家店铺的数据...
[2018-04-22 21:11:40,180][TBTracker][INFO]: 正在爬取第25家店铺的商品图片...
[2018-04-22 21:11:45,777][TBTracker][INFO]: 第25家店铺的商品图片爬取完毕...
[2018-04-22 21:11:45,797][TBTracker][INFO]: 第25家店铺的商品图片保存完毕...
[2018-04-22 21:11:49,954][TBTracker][INFO]: 200
[2018-04-22 21:11:52,068][TBTracker][INFO]: 第25家店铺的商品页面读取成功...
[2018-04-22 21:12:28,026][TBTracker][ERROR]: Message: 
Screenshot: available via screen

[2018-04-22 21:12:28,026][TBTracker][INFO]: 第25家店铺的商品价格和链接爬取完毕...
[2018-04-22 21:12:28,053][TBTracker][INFO]: 第25家店铺的商品交易量爬取完毕...
[2018-04-22 21:12:28,099][TBTracker][INFO]: 第25家店铺的商铺名爬取完毕...
[2018-04-22 21:12:28,114][TBTracker][INFO]: 第25家店铺的货源地爬取完毕...
[2018-04-22 21:12:28,117][TBTracker][INFO]: 正在爬取第26家店铺的数据...
[2018-04-22 21:12:28,139][TBTracker][INFO]: 正在爬取第26家店铺的商品图片...
[2018-04-22 21:12:41,461][TBTracker][INFO]: 第26家店铺的商品图片爬取完毕...
[2018-04-22 21:12:41,506][TBTracker][INFO]: 第26家店铺的商品图片保存完毕...
[2018-04-22 21:12:42,254][TBTracker][INFO]: 200
[2018-04-22 21:12:44,615][TBTracker][INFO]: 第26家店铺的商品页面读取成功...
[2018-04-22 21:12:44,623][TBTracker][INFO]: 第26家店铺的商品价格和链接爬取完毕...
[2018-04-22 21:12:44,635][TBTracker][INFO]: 第26家店铺的商品交易量爬取完毕...
[2018-04-22 21:12:44,650][TBTracker][INFO]: 第26家店铺的商铺名爬取完毕...
[2018-04-22 21:12:44,661][TBTracker][INFO]: 第26家店铺的货源地爬取完毕...
[2018-04-22 21:12:44,664][TBTracker][INFO]: 正在爬取第27家店铺的数据...
[2018-04-22 21:12:44,683][TBTracker][INFO]: 正在爬取第27家店铺的商品图片...
[2018-04-22 21:12:48,993][TBTracker][INFO]: 第27家店铺的商品图片爬取完毕...
[2018-04-22 21:12:49,011][TBTracker][INFO]: 第27家店铺的商品图片保存完毕...
[2018-04-22 21:12:49,994][TBTracker][INFO]: 200
[2018-04-22 21:12:51,665][TBTracker][INFO]: 第27家店铺的商品页面读取成功...
[2018-04-22 21:12:51,678][TBTracker][INFO]: 第27家店铺的商品价格和链接爬取完毕...
[2018-04-22 21:12:51,692][TBTracker][INFO]: 第27家店铺的商品交易量爬取完毕...
[2018-04-22 21:12:51,712][TBTracker][INFO]: 第27家店铺的商铺名爬取完毕...
[2018-04-22 21:12:51,726][TBTracker][INFO]: 第27家店铺的货源地爬取完毕...
[2018-04-22 21:12:51,728][TBTracker][INFO]: 正在爬取第28家店铺的数据...
[2018-04-22 21:12:51,746][TBTracker][INFO]: 正在爬取第28家店铺的商品图片...
[2018-04-22 21:12:57,883][TBTracker][INFO]: 第28家店铺的商品图片爬取完毕...
[2018-04-22 21:12:57,901][TBTracker][INFO]: 第28家店铺的商品图片保存完毕...
[2018-04-22 21:12:59,376][TBTracker][INFO]: 200
[2018-04-22 21:13:01,048][TBTracker][INFO]: 第28家店铺的商品页面读取成功...
[2018-04-22 21:13:01,057][TBTracker][INFO]: 第28家店铺的商品价格和链接爬取完毕...
[2018-04-22 21:13:01,068][TBTracker][INFO]: 第28家店铺的商品交易量爬取完毕...
[2018-04-22 21:13:01,083][TBTracker][INFO]: 第28家店铺的商铺名爬取完毕...
[2018-04-22 21:13:01,093][TBTracker][INFO]: 第28家店铺的货源地爬取完毕...
[2018-04-22 21:13:01,096][TBTracker][INFO]: 正在爬取第29家店铺的数据...
[2018-04-22 21:13:01,118][TBTracker][INFO]: 正在爬取第29家店铺的商品图片...
[2018-04-22 21:13:03,758][TBTracker][INFO]: 第29家店铺的商品图片爬取完毕...
[2018-04-22 21:13:03,766][TBTracker][INFO]: 第29家店铺的商品图片保存完毕...
[2018-04-22 21:13:05,152][TBTracker][INFO]: 200
[2018-04-22 21:13:06,590][TBTracker][INFO]: 第29家店铺的商品页面读取成功...
[2018-04-22 21:13:06,600][TBTracker][INFO]: 第29家店铺的商品价格和链接爬取完毕...
[2018-04-22 21:13:06,611][TBTracker][INFO]: 第29家店铺的商品交易量爬取完毕...
[2018-04-22 21:13:06,625][TBTracker][INFO]: 第29家店铺的商铺名爬取完毕...
[2018-04-22 21:13:06,637][TBTracker][INFO]: 第29家店铺的货源地爬取完毕...
[2018-04-22 21:13:06,640][TBTracker][INFO]: 正在爬取第30家店铺的数据...
[2018-04-22 21:13:06,659][TBTracker][INFO]: 正在爬取第30家店铺的商品图片...
[2018-04-22 21:13:13,484][TBTracker][INFO]: 第30家店铺的商品图片爬取完毕...
[2018-04-22 21:13:13,511][TBTracker][INFO]: 第30家店铺的商品图片保存完毕...
[2018-04-22 21:13:14,254][TBTracker][INFO]: 200
[2018-04-22 21:13:15,065][TBTracker][INFO]: 第30家店铺的商品页面读取成功...
[2018-04-22 21:13:15,075][TBTracker][INFO]: 第30家店铺的商品价格和链接爬取完毕...
[2018-04-22 21:13:15,086][TBTracker][INFO]: 第30家店铺的商品交易量爬取完毕...
[2018-04-22 21:13:15,101][TBTracker][INFO]: 第30家店铺的商铺名爬取完毕...
[2018-04-22 21:13:15,111][TBTracker][INFO]: 第30家店铺的货源地爬取完毕...
[2018-04-22 21:13:15,113][TBTracker][INFO]: 正在爬取第31家店铺的数据...
[2018-04-22 21:13:15,133][TBTracker][INFO]: 正在爬取第31家店铺的商品图片...
[2018-04-22 21:13:20,107][TBTracker][INFO]: 第31家店铺的商品图片爬取完毕...
[2018-04-22 21:13:20,125][TBTracker][INFO]: 第31家店铺的商品图片保存完毕...
[2018-04-22 21:13:22,391][TBTracker][INFO]: 200
[2018-04-22 21:13:24,389][TBTracker][INFO]: 第31家店铺的商品页面读取成功...
[2018-04-22 21:13:24,397][TBTracker][INFO]: 第31家店铺的商品价格和链接爬取完毕...
[2018-04-22 21:13:24,408][TBTracker][INFO]: 第31家店铺的商品交易量爬取完毕...
[2018-04-22 21:13:24,424][TBTracker][INFO]: 第31家店铺的商铺名爬取完毕...
[2018-04-22 21:13:24,434][TBTracker][INFO]: 第31家店铺的货源地爬取完毕...
[2018-04-22 21:13:24,436][TBTracker][INFO]: 正在爬取第32家店铺的数据...
[2018-04-22 21:13:24,457][TBTracker][INFO]: 正在爬取第32家店铺的商品图片...
[2018-04-22 21:13:29,797][TBTracker][INFO]: 第32家店铺的商品图片爬取完毕...
[2018-04-22 21:13:29,815][TBTracker][INFO]: 第32家店铺的商品图片保存完毕...
[2018-04-22 21:13:31,008][TBTracker][INFO]: 200
[2018-04-22 21:13:32,379][TBTracker][INFO]: 第32家店铺的商品页面读取成功...
[2018-04-22 21:13:32,389][TBTracker][INFO]: 第32家店铺的商品价格和链接爬取完毕...
[2018-04-22 21:13:32,402][TBTracker][INFO]: 第32家店铺的商品交易量爬取完毕...
[2018-04-22 21:13:32,421][TBTracker][INFO]: 第32家店铺的商铺名爬取完毕...
[2018-04-22 21:13:32,434][TBTracker][INFO]: 第32家店铺的货源地爬取完毕...
[2018-04-22 21:13:32,437][TBTracker][INFO]: 正在爬取第33家店铺的数据...
[2018-04-22 21:13:32,459][TBTracker][INFO]: 正在爬取第33家店铺的商品图片...
[2018-04-22 21:13:37,758][TBTracker][INFO]: 第33家店铺的商品图片爬取完毕...
[2018-04-22 21:13:37,777][TBTracker][INFO]: 第33家店铺的商品图片保存完毕...
[2018-04-22 21:13:39,288][TBTracker][INFO]: 200
[2018-04-22 21:13:40,610][TBTracker][INFO]: 第33家店铺的商品页面读取成功...
[2018-04-22 21:13:40,619][TBTracker][INFO]: 第33家店铺的商品价格和链接爬取完毕...
[2018-04-22 21:13:40,630][TBTracker][INFO]: 第33家店铺的商品交易量爬取完毕...
[2018-04-22 21:13:40,647][TBTracker][INFO]: 第33家店铺的商铺名爬取完毕...
[2018-04-22 21:13:40,659][TBTracker][INFO]: 第33家店铺的货源地爬取完毕...
[2018-04-22 21:13:40,661][TBTracker][INFO]: 正在爬取第34家店铺的数据...
[2018-04-22 21:13:40,682][TBTracker][INFO]: 正在爬取第34家店铺的商品图片...
[2018-04-22 21:13:44,212][TBTracker][INFO]: 第34家店铺的商品图片爬取完毕...
[2018-04-22 21:13:44,225][TBTracker][INFO]: 第34家店铺的商品图片保存完毕...
[2018-04-22 21:13:45,400][TBTracker][INFO]: 200
[2018-04-22 21:13:46,361][TBTracker][INFO]: 第34家店铺的商品页面读取成功...
[2018-04-22 21:13:46,370][TBTracker][INFO]: 第34家店铺的商品价格和链接爬取完毕...
[2018-04-22 21:13:46,381][TBTracker][INFO]: 第34家店铺的商品交易量爬取完毕...
[2018-04-22 21:13:46,404][TBTracker][INFO]: 第34家店铺的商铺名爬取完毕...
[2018-04-22 21:13:46,418][TBTracker][INFO]: 第34家店铺的货源地爬取完毕...
[2018-04-22 21:13:46,422][TBTracker][INFO]: 正在爬取第35家店铺的数据...
[2018-04-22 21:13:46,445][TBTracker][INFO]: 正在爬取第35家店铺的商品图片...
[2018-04-22 21:13:53,053][TBTracker][INFO]: 第35家店铺的商品图片爬取完毕...
[2018-04-22 21:13:53,074][TBTracker][INFO]: 第35家店铺的商品图片保存完毕...
[2018-04-22 21:13:53,671][TBTracker][INFO]: 200
[2018-04-22 21:13:55,132][TBTracker][INFO]: 第35家店铺的商品页面读取成功...
[2018-04-22 21:13:55,148][TBTracker][INFO]: 第35家店铺的商品价格和链接爬取完毕...
[2018-04-22 21:13:55,159][TBTracker][INFO]: 第35家店铺的商品交易量爬取完毕...
[2018-04-22 21:13:55,177][TBTracker][INFO]: 第35家店铺的商铺名爬取完毕...
[2018-04-22 21:13:55,189][TBTracker][INFO]: 第35家店铺的货源地爬取完毕...
[2018-04-22 21:13:55,192][TBTracker][INFO]: 正在爬取第36家店铺的数据...
[2018-04-22 21:13:55,215][TBTracker][INFO]: 正在爬取第36家店铺的商品图片...
[2018-04-22 21:14:00,372][TBTracker][INFO]: 第36家店铺的商品图片爬取完毕...
[2018-04-22 21:14:00,395][TBTracker][INFO]: 第36家店铺的商品图片保存完毕...
[2018-04-22 21:14:01,197][TBTracker][INFO]: 200
[2018-04-22 21:14:01,759][TBTracker][INFO]: 第36家店铺的商品页面读取成功...
[2018-04-22 21:14:01,774][TBTracker][INFO]: 第36家店铺的商品价格和链接爬取完毕...
[2018-04-22 21:14:01,785][TBTracker][INFO]: 第36家店铺的商品交易量爬取完毕...
[2018-04-22 21:14:01,800][TBTracker][INFO]: 第36家店铺的商铺名爬取完毕...
[2018-04-22 21:14:01,810][TBTracker][INFO]: 第36家店铺的货源地爬取完毕...
[2018-04-22 21:14:04,493][TBTracker][INFO]: 数据爬取完毕
