[2018-04-23 05:15:13,114][TBTracker][INFO]: 正在删除图片...
[2018-04-23 05:15:13,115][TBTracker][INFO]: 图片删除完毕!
[2018-04-23 05:15:14,135][TBTracker][INFO]: 模拟登录淘宝网
[2018-04-23 05:15:22,962][TBTracker][INFO]: 搜索成功，正在返回搜索结果...
[2018-04-23 05:15:22,989][TBTracker][INFO]: 总共返回36个搜索结果
[2018-04-23 05:15:22,990][TBTracker][INFO]: 正在爬取第1家店铺的数据...
[2018-04-23 05:15:23,014][TBTracker][INFO]: 正在爬取第1家店铺的商品图片...
[2018-04-23 05:15:23,194][TBTracker][INFO]: 第1家店铺的商品图片爬取完毕...
[2018-04-23 05:15:23,242][TBTracker][INFO]: 第1家店铺的商品图片保存完毕...
[2018-04-23 05:15:25,670][TBTracker][INFO]: 200
[2018-04-23 05:15:29,095][TBTracker][INFO]: 第1家店铺的商品页面读取成功...
[2018-04-23 05:16:18,792][TBTracker][INFO]: 第1家店铺的商品价格和链接爬取完毕...
[2018-04-23 05:16:18,823][TBTracker][INFO]: 第1家店铺的商品交易量爬取完毕...
[2018-04-23 05:16:18,852][TBTracker][INFO]: 第1家店铺的商铺名爬取完毕...
[2018-04-23 05:16:18,878][TBTracker][INFO]: 第1家店铺的货源地爬取完毕...
[2018-04-23 05:16:18,887][TBTracker][INFO]: 正在爬取第2家店铺的数据...
[2018-04-23 05:16:18,935][TBTracker][INFO]: 正在爬取第2家店铺的商品图片...
[2018-04-23 05:16:19,195][TBTracker][INFO]: 第2家店铺的商品图片爬取完毕...
[2018-04-23 05:16:19,232][TBTracker][INFO]: 第2家店铺的商品图片保存完毕...
[2018-04-23 05:16:21,669][TBTracker][INFO]: 200
[2018-04-23 05:16:24,804][TBTracker][INFO]: 第2家店铺的商品页面读取成功...
[2018-04-23 05:17:10,395][TBTracker][INFO]: 第2家店铺的商品价格和链接爬取完毕...
[2018-04-23 05:17:10,411][TBTracker][INFO]: 第2家店铺的商品交易量爬取完毕...
[2018-04-23 05:17:10,426][TBTracker][INFO]: 第2家店铺的商铺名爬取完毕...
[2018-04-23 05:17:10,436][TBTracker][INFO]: 第2家店铺的货源地爬取完毕...
[2018-04-23 05:17:10,438][TBTracker][INFO]: 正在爬取第3家店铺的数据...
[2018-04-23 05:17:10,468][TBTracker][INFO]: 正在爬取第3家店铺的商品图片...
[2018-04-23 05:17:10,634][TBTracker][INFO]: 第3家店铺的商品图片爬取完毕...
[2018-04-23 05:17:10,662][TBTracker][INFO]: 第3家店铺的商品图片保存完毕...
[2018-04-23 05:17:11,332][TBTracker][INFO]: 200
[2018-04-23 05:17:14,207][TBTracker][INFO]: 第3家店铺的商品页面读取成功...
[2018-04-23 05:18:04,885][TBTracker][INFO]: 第3家店铺的商品价格和链接爬取完毕...
[2018-04-23 05:18:04,904][TBTracker][INFO]: 第3家店铺的商品交易量爬取完毕...
[2018-04-23 05:18:04,919][TBTracker][INFO]: 第3家店铺的商铺名爬取完毕...
[2018-04-23 05:18:04,932][TBTracker][INFO]: 第3家店铺的货源地爬取完毕...
[2018-04-23 05:18:04,935][TBTracker][INFO]: 正在爬取第4家店铺的数据...
[2018-04-23 05:18:04,966][TBTracker][INFO]: 正在爬取第4家店铺的商品图片...
[2018-04-23 05:18:05,082][TBTracker][INFO]: 第4家店铺的商品图片爬取完毕...
[2018-04-23 05:18:05,114][TBTracker][INFO]: 第4家店铺的商品图片保存完毕...
[2018-04-23 05:18:06,647][TBTracker][INFO]: 200
[2018-04-23 05:18:11,555][TBTracker][INFO]: 第4家店铺的商品页面读取成功...
[2018-04-23 05:18:46,118][TBTracker][INFO]: 第4家店铺的商品价格和链接爬取完毕...
[2018-04-23 05:18:46,139][TBTracker][INFO]: 第4家店铺的商品交易量爬取完毕...
[2018-04-23 05:18:46,159][TBTracker][INFO]: 第4家店铺的商铺名爬取完毕...
[2018-04-23 05:18:46,173][TBTracker][INFO]: 第4家店铺的货源地爬取完毕...
[2018-04-23 05:18:46,176][TBTracker][INFO]: 正在爬取第5家店铺的数据...
[2018-04-23 05:18:46,207][TBTracker][INFO]: 正在爬取第5家店铺的商品图片...
[2018-04-23 05:18:46,382][TBTracker][INFO]: 第5家店铺的商品图片爬取完毕...
[2018-04-23 05:18:46,424][TBTracker][INFO]: 第5家店铺的商品图片保存完毕...
[2018-04-23 05:18:47,964][TBTracker][INFO]: 200
[2018-04-23 05:18:52,186][TBTracker][INFO]: 第5家店铺的商品页面读取成功...
[2018-04-23 05:19:16,707][TBTracker][INFO]: 第5家店铺的商品价格和链接爬取完毕...
[2018-04-23 05:19:16,741][TBTracker][INFO]: 第5家店铺的商品交易量爬取完毕...
[2018-04-23 05:19:16,760][TBTracker][INFO]: 第5家店铺的商铺名爬取完毕...
[2018-04-23 05:19:16,777][TBTracker][INFO]: 第5家店铺的货源地爬取完毕...
[2018-04-23 05:19:16,782][TBTracker][INFO]: 正在爬取第6家店铺的数据...
[2018-04-23 05:19:16,814][TBTracker][INFO]: 正在爬取第6家店铺的商品图片...
[2018-04-23 05:19:17,044][TBTracker][INFO]: 第6家店铺的商品图片爬取完毕...
[2018-04-23 05:19:17,081][TBTracker][INFO]: 第6家店铺的商品图片保存完毕...
[2018-04-23 05:19:17,941][TBTracker][INFO]: 200
[2018-04-23 05:19:20,852][TBTracker][INFO]: 第6家店铺的商品页面读取成功...
[2018-04-23 05:20:29,772][TBTracker][INFO]: 第6家店铺的商品价格和链接爬取完毕...
[2018-04-23 05:20:29,790][TBTracker][INFO]: 第6家店铺的商品交易量爬取完毕...
[2018-04-23 05:20:29,807][TBTracker][INFO]: 第6家店铺的商铺名爬取完毕...
[2018-04-23 05:20:29,820][TBTracker][INFO]: 第6家店铺的货源地爬取完毕...
[2018-04-23 05:20:29,822][TBTracker][INFO]: 正在爬取第7家店铺的数据...
[2018-04-23 05:20:29,852][TBTracker][INFO]: 正在爬取第7家店铺的商品图片...
[2018-04-23 05:20:30,176][TBTracker][INFO]: 第7家店铺的商品图片爬取完毕...
[2018-04-23 05:20:30,208][TBTracker][INFO]: 第7家店铺的商品图片保存完毕...
[2018-04-23 05:20:31,174][TBTracker][INFO]: 200
[2018-04-23 05:20:34,137][TBTracker][INFO]: 第7家店铺的商品页面读取成功...
[2018-04-23 05:21:29,670][TBTracker][INFO]: 第7家店铺的商品价格和链接爬取完毕...
[2018-04-23 05:21:29,693][TBTracker][INFO]: 第7家店铺的商品交易量爬取完毕...
[2018-04-23 05:21:29,713][TBTracker][INFO]: 第7家店铺的商铺名爬取完毕...
[2018-04-23 05:21:29,728][TBTracker][INFO]: 第7家店铺的货源地爬取完毕...
[2018-04-23 05:21:29,731][TBTracker][INFO]: 正在爬取第8家店铺的数据...
[2018-04-23 05:21:29,762][TBTracker][INFO]: 正在爬取第8家店铺的商品图片...
[2018-04-23 05:21:29,896][TBTracker][INFO]: 第8家店铺的商品图片爬取完毕...
[2018-04-23 05:21:29,928][TBTracker][INFO]: 第8家店铺的商品图片保存完毕...
[2018-04-23 05:21:37,963][TBTracker][INFO]: 200
[2018-04-23 05:21:42,085][TBTracker][INFO]: 第8家店铺的商品页面读取成功...
[2018-04-23 05:22:24,678][TBTracker][INFO]: 第8家店铺的商品价格和链接爬取完毕...
[2018-04-23 05:22:24,697][TBTracker][INFO]: 第8家店铺的商品交易量爬取完毕...
[2018-04-23 05:22:24,715][TBTracker][INFO]: 第8家店铺的商铺名爬取完毕...
[2018-04-23 05:22:24,727][TBTracker][INFO]: 第8家店铺的货源地爬取完毕...
[2018-04-23 05:22:24,730][TBTracker][INFO]: 正在爬取第9家店铺的数据...
[2018-04-23 05:22:24,760][TBTracker][INFO]: 正在爬取第9家店铺的商品图片...
[2018-04-23 05:22:25,000][TBTracker][INFO]: 第9家店铺的商品图片爬取完毕...
[2018-04-23 05:22:25,034][TBTracker][INFO]: 第9家店铺的商品图片保存完毕...
[2018-04-23 05:22:25,796][TBTracker][INFO]: 200
[2018-04-23 05:22:28,204][TBTracker][INFO]: 第9家店铺的商品页面读取成功...
[2018-04-23 05:23:36,685][TBTracker][INFO]: 第9家店铺的商品价格和链接爬取完毕...
[2018-04-23 05:23:36,706][TBTracker][INFO]: 第9家店铺的商品交易量爬取完毕...
[2018-04-23 05:23:36,724][TBTracker][INFO]: 第9家店铺的商铺名爬取完毕...
[2018-04-23 05:23:36,738][TBTracker][INFO]: 第9家店铺的货源地爬取完毕...
[2018-04-23 05:23:36,742][TBTracker][INFO]: 正在爬取第10家店铺的数据...
[2018-04-23 05:23:36,773][TBTracker][INFO]: 正在爬取第10家店铺的商品图片...
[2018-04-23 05:23:36,924][TBTracker][INFO]: 第10家店铺的商品图片爬取完毕...
[2018-04-23 05:23:36,956][TBTracker][INFO]: 第10家店铺的商品图片保存完毕...
[2018-04-23 05:23:37,687][TBTracker][INFO]: 200
[2018-04-23 05:23:41,750][TBTracker][INFO]: 第10家店铺的商品页面读取成功...
[2018-04-23 05:24:06,640][TBTracker][INFO]: 第10家店铺的商品价格和链接爬取完毕...
[2018-04-23 05:24:06,659][TBTracker][INFO]: 第10家店铺的商品交易量爬取完毕...
[2018-04-23 05:24:06,677][TBTracker][INFO]: 第10家店铺的商铺名爬取完毕...
[2018-04-23 05:24:06,689][TBTracker][INFO]: 第10家店铺的货源地爬取完毕...
[2018-04-23 05:24:06,692][TBTracker][INFO]: 正在爬取第11家店铺的数据...
[2018-04-23 05:24:06,727][TBTracker][INFO]: 正在爬取第11家店铺的商品图片...
[2018-04-23 05:24:06,954][TBTracker][INFO]: 第11家店铺的商品图片爬取完毕...
[2018-04-23 05:24:06,986][TBTracker][INFO]: 第11家店铺的商品图片保存完毕...
[2018-04-23 05:24:08,470][TBTracker][INFO]: 200
[2018-04-23 05:24:16,841][TBTracker][INFO]: 第11家店铺的商品页面读取成功...
[2018-04-23 05:24:43,764][TBTracker][INFO]: 第11家店铺的商品价格和链接爬取完毕...
[2018-04-23 05:24:43,783][TBTracker][INFO]: 第11家店铺的商品交易量爬取完毕...
[2018-04-23 05:24:43,800][TBTracker][INFO]: 第11家店铺的商铺名爬取完毕...
[2018-04-23 05:24:43,813][TBTracker][INFO]: 第11家店铺的货源地爬取完毕...
[2018-04-23 05:24:43,815][TBTracker][INFO]: 正在爬取第12家店铺的数据...
[2018-04-23 05:24:43,848][TBTracker][INFO]: 正在爬取第12家店铺的商品图片...
[2018-04-23 05:24:44,002][TBTracker][INFO]: 第12家店铺的商品图片爬取完毕...
[2018-04-23 05:24:44,033][TBTracker][INFO]: 第12家店铺的商品图片保存完毕...
[2018-04-23 05:24:45,464][TBTracker][INFO]: 200
[2018-04-23 05:24:48,041][TBTracker][INFO]: 第12家店铺的商品页面读取成功...
[2018-04-23 05:25:33,913][TBTracker][INFO]: 第12家店铺的商品价格和链接爬取完毕...
[2018-04-23 05:25:33,933][TBTracker][INFO]: 第12家店铺的商品交易量爬取完毕...
[2018-04-23 05:25:33,952][TBTracker][INFO]: 第12家店铺的商铺名爬取完毕...
[2018-04-23 05:25:33,966][TBTracker][INFO]: 第12家店铺的货源地爬取完毕...
[2018-04-23 05:25:33,970][TBTracker][INFO]: 正在爬取第13家店铺的数据...
[2018-04-23 05:25:34,001][TBTracker][INFO]: 正在爬取第13家店铺的商品图片...
[2018-04-23 05:25:34,218][TBTracker][INFO]: 第13家店铺的商品图片爬取完毕...
[2018-04-23 05:25:34,255][TBTracker][INFO]: 第13家店铺的商品图片保存完毕...
[2018-04-23 05:25:34,846][TBTracker][INFO]: 200
[2018-04-23 05:25:38,615][TBTracker][INFO]: 第13家店铺的商品页面读取成功...
[2018-04-23 05:26:32,816][TBTracker][INFO]: 第13家店铺的商品价格和链接爬取完毕...
[2018-04-23 05:26:32,837][TBTracker][INFO]: 第13家店铺的商品交易量爬取完毕...
[2018-04-23 05:26:32,852][TBTracker][INFO]: 第13家店铺的商铺名爬取完毕...
[2018-04-23 05:26:32,863][TBTracker][INFO]: 第13家店铺的货源地爬取完毕...
[2018-04-23 05:26:32,865][TBTracker][INFO]: 正在爬取第14家店铺的数据...
[2018-04-23 05:26:32,897][TBTracker][INFO]: 正在爬取第14家店铺的商品图片...
[2018-04-23 05:26:33,035][TBTracker][INFO]: 第14家店铺的商品图片爬取完毕...
[2018-04-23 05:26:33,074][TBTracker][INFO]: 第14家店铺的商品图片保存完毕...
[2018-04-23 05:26:34,483][TBTracker][INFO]: 200
[2018-04-23 05:26:37,135][TBTracker][INFO]: 第14家店铺的商品页面读取成功...
[2018-04-23 05:27:28,122][TBTracker][INFO]: 第14家店铺的商品价格和链接爬取完毕...
[2018-04-23 05:27:28,140][TBTracker][INFO]: 第14家店铺的商品交易量爬取完毕...
[2018-04-23 05:27:28,159][TBTracker][INFO]: 第14家店铺的商铺名爬取完毕...
[2018-04-23 05:27:28,172][TBTracker][INFO]: 第14家店铺的货源地爬取完毕...
[2018-04-23 05:27:28,175][TBTracker][INFO]: 正在爬取第15家店铺的数据...
[2018-04-23 05:27:28,210][TBTracker][INFO]: 正在爬取第15家店铺的商品图片...
[2018-04-23 05:27:28,355][TBTracker][INFO]: 第15家店铺的商品图片爬取完毕...
[2018-04-23 05:27:28,386][TBTracker][INFO]: 第15家店铺的商品图片保存完毕...
[2018-04-23 05:27:28,604][TBTracker][INFO]: 200
[2018-04-23 05:27:35,593][TBTracker][INFO]: 第15家店铺的商品页面读取成功...
[2018-04-23 05:28:06,869][TBTracker][INFO]: 第15家店铺的商品价格和链接爬取完毕...
[2018-04-23 05:28:06,887][TBTracker][INFO]: 第15家店铺的商品交易量爬取完毕...
[2018-04-23 05:28:06,902][TBTracker][INFO]: 第15家店铺的商铺名爬取完毕...
[2018-04-23 05:28:06,912][TBTracker][INFO]: 第15家店铺的货源地爬取完毕...
[2018-04-23 05:28:06,914][TBTracker][INFO]: 正在爬取第16家店铺的数据...
[2018-04-23 05:28:06,944][TBTracker][INFO]: 正在爬取第16家店铺的商品图片...
[2018-04-23 05:28:07,036][TBTracker][INFO]: 第16家店铺的商品图片爬取完毕...
[2018-04-23 05:28:07,076][TBTracker][INFO]: 第16家店铺的商品图片保存完毕...
[2018-04-23 05:28:08,563][TBTracker][INFO]: 200
[2018-04-23 05:28:14,829][TBTracker][INFO]: 第16家店铺的商品页面读取成功...
[2018-04-23 05:28:43,356][TBTracker][INFO]: 第16家店铺的商品价格和链接爬取完毕...
[2018-04-23 05:28:43,375][TBTracker][INFO]: 第16家店铺的商品交易量爬取完毕...
[2018-04-23 05:28:43,392][TBTracker][INFO]: 第16家店铺的商铺名爬取完毕...
[2018-04-23 05:28:43,404][TBTracker][INFO]: 第16家店铺的货源地爬取完毕...
[2018-04-23 05:28:43,407][TBTracker][INFO]: 正在爬取第17家店铺的数据...
[2018-04-23 05:28:43,439][TBTracker][INFO]: 正在爬取第17家店铺的商品图片...
[2018-04-23 05:28:43,609][TBTracker][INFO]: 第17家店铺的商品图片爬取完毕...
[2018-04-23 05:28:43,650][TBTracker][INFO]: 第17家店铺的商品图片保存完毕...
[2018-04-23 05:28:45,584][TBTracker][INFO]: 200
[2018-04-23 05:28:50,762][TBTracker][INFO]: 第17家店铺的商品页面读取成功...
[2018-04-23 05:29:32,325][TBTracker][INFO]: 第17家店铺的商品价格和链接爬取完毕...
[2018-04-23 05:29:32,344][TBTracker][INFO]: 第17家店铺的商品交易量爬取完毕...
[2018-04-23 05:29:32,361][TBTracker][INFO]: 第17家店铺的商铺名爬取完毕...
[2018-04-23 05:29:32,373][TBTracker][INFO]: 第17家店铺的货源地爬取完毕...
[2018-04-23 05:29:32,376][TBTracker][INFO]: 正在爬取第18家店铺的数据...
[2018-04-23 05:29:32,409][TBTracker][INFO]: 正在爬取第18家店铺的商品图片...
[2018-04-23 05:29:32,498][TBTracker][INFO]: 第18家店铺的商品图片爬取完毕...
[2018-04-23 05:29:32,548][TBTracker][INFO]: 第18家店铺的商品图片保存完毕...
[2018-04-23 05:29:36,496][TBTracker][INFO]: 200
[2018-04-23 05:29:41,526][TBTracker][INFO]: 第18家店铺的商品页面读取成功...
[2018-04-23 05:30:17,340][TBTracker][INFO]: 第18家店铺的商品价格和链接爬取完毕...
[2018-04-23 05:30:17,357][TBTracker][INFO]: 第18家店铺的商品交易量爬取完毕...
[2018-04-23 05:30:17,373][TBTracker][INFO]: 第18家店铺的商铺名爬取完毕...
[2018-04-23 05:30:17,384][TBTracker][INFO]: 第18家店铺的货源地爬取完毕...
[2018-04-23 05:30:17,387][TBTracker][INFO]: 正在爬取第19家店铺的数据...
[2018-04-23 05:30:17,419][TBTracker][INFO]: 正在爬取第19家店铺的商品图片...
[2018-04-23 05:30:17,618][TBTracker][INFO]: 第19家店铺的商品图片爬取完毕...
[2018-04-23 05:30:17,651][TBTracker][INFO]: 第19家店铺的商品图片保存完毕...
[2018-04-23 05:30:23,146][TBTracker][INFO]: 200
[2018-04-23 05:30:25,748][TBTracker][INFO]: 第19家店铺的商品页面读取成功...
[2018-04-23 05:30:49,847][TBTracker][INFO]: 第19家店铺的商品价格和链接爬取完毕...
[2018-04-23 05:30:49,871][TBTracker][INFO]: 第19家店铺的商品交易量爬取完毕...
[2018-04-23 05:30:49,886][TBTracker][INFO]: 第19家店铺的商铺名爬取完毕...
[2018-04-23 05:30:49,896][TBTracker][INFO]: 第19家店铺的货源地爬取完毕...
[2018-04-23 05:30:49,898][TBTracker][INFO]: 正在爬取第20家店铺的数据...
[2018-04-23 05:30:49,936][TBTracker][INFO]: 正在爬取第20家店铺的商品图片...
[2018-04-23 05:30:50,157][TBTracker][INFO]: 第20家店铺的商品图片爬取完毕...
[2018-04-23 05:30:50,201][TBTracker][INFO]: 第20家店铺的商品图片保存完毕...
[2018-04-23 05:30:52,702][TBTracker][INFO]: 200
[2018-04-23 05:30:59,940][TBTracker][INFO]: 第20家店铺的商品页面读取成功...
[2018-04-23 05:31:52,295][TBTracker][INFO]: 第20家店铺的商品价格和链接爬取完毕...
[2018-04-23 05:31:52,324][TBTracker][INFO]: 第20家店铺的商品交易量爬取完毕...
[2018-04-23 05:31:52,351][TBTracker][INFO]: 第20家店铺的商铺名爬取完毕...
[2018-04-23 05:31:52,371][TBTracker][INFO]: 第20家店铺的货源地爬取完毕...
[2018-04-23 05:31:52,375][TBTracker][INFO]: 正在爬取第21家店铺的数据...
[2018-04-23 05:31:52,415][TBTracker][INFO]: 正在爬取第21家店铺的商品图片...
[2018-04-23 05:31:52,846][TBTracker][INFO]: 第21家店铺的商品图片爬取完毕...
[2018-04-23 05:31:52,889][TBTracker][INFO]: 第21家店铺的商品图片保存完毕...
[2018-04-23 05:31:54,521][TBTracker][INFO]: 200
[2018-04-23 05:32:04,622][TBTracker][INFO]: 第21家店铺的商品页面读取成功...
[2018-04-23 05:32:58,727][TBTracker][INFO]: 第21家店铺的商品价格和链接爬取完毕...
[2018-04-23 05:32:58,747][TBTracker][INFO]: 第21家店铺的商品交易量爬取完毕...
[2018-04-23 05:32:58,766][TBTracker][INFO]: 第21家店铺的商铺名爬取完毕...
[2018-04-23 05:32:58,784][TBTracker][INFO]: 第21家店铺的货源地爬取完毕...
[2018-04-23 05:32:58,786][TBTracker][INFO]: 正在爬取第22家店铺的数据...
[2018-04-23 05:32:58,813][TBTracker][INFO]: 正在爬取第22家店铺的商品图片...
[2018-04-23 05:32:59,081][TBTracker][INFO]: 第22家店铺的商品图片爬取完毕...
[2018-04-23 05:32:59,116][TBTracker][INFO]: 第22家店铺的商品图片保存完毕...
[2018-04-23 05:33:02,398][TBTracker][INFO]: 200
[2018-04-23 05:33:07,656][TBTracker][INFO]: 第22家店铺的商品页面读取成功...
[2018-04-23 05:33:56,183][TBTracker][INFO]: 第22家店铺的商品价格和链接爬取完毕...
[2018-04-23 05:33:56,200][TBTracker][INFO]: 第22家店铺的商品交易量爬取完毕...
[2018-04-23 05:33:56,215][TBTracker][INFO]: 第22家店铺的商铺名爬取完毕...
[2018-04-23 05:33:56,225][TBTracker][INFO]: 第22家店铺的货源地爬取完毕...
[2018-04-23 05:33:56,228][TBTracker][INFO]: 正在爬取第23家店铺的数据...
[2018-04-23 05:33:56,252][TBTracker][INFO]: 正在爬取第23家店铺的商品图片...
[2018-04-23 05:33:56,392][TBTracker][INFO]: 第23家店铺的商品图片爬取完毕...
[2018-04-23 05:33:56,422][TBTracker][INFO]: 第23家店铺的商品图片保存完毕...
[2018-04-23 05:33:56,689][TBTracker][INFO]: 200
[2018-04-23 05:34:00,010][TBTracker][INFO]: 第23家店铺的商品页面读取成功...
[2018-04-23 05:34:25,325][TBTracker][INFO]: 第23家店铺的商品价格和链接爬取完毕...
[2018-04-23 05:34:25,345][TBTracker][INFO]: 第23家店铺的商品交易量爬取完毕...
[2018-04-23 05:34:25,363][TBTracker][INFO]: 第23家店铺的商铺名爬取完毕...
[2018-04-23 05:34:25,375][TBTracker][INFO]: 第23家店铺的货源地爬取完毕...
[2018-04-23 05:34:25,378][TBTracker][INFO]: 正在爬取第24家店铺的数据...
[2018-04-23 05:34:25,402][TBTracker][INFO]: 正在爬取第24家店铺的商品图片...
[2018-04-23 05:34:25,716][TBTracker][INFO]: 第24家店铺的商品图片爬取完毕...
[2018-04-23 05:34:25,763][TBTracker][INFO]: 第24家店铺的商品图片保存完毕...
[2018-04-23 05:34:26,895][TBTracker][INFO]: 200
[2018-04-23 05:34:32,327][TBTracker][INFO]: 第24家店铺的商品页面读取成功...
[2018-04-23 05:35:11,951][TBTracker][INFO]: 第24家店铺的商品价格和链接爬取完毕...
[2018-04-23 05:35:11,978][TBTracker][INFO]: 第24家店铺的商品交易量爬取完毕...
[2018-04-23 05:35:12,000][TBTracker][INFO]: 第24家店铺的商铺名爬取完毕...
[2018-04-23 05:35:12,019][TBTracker][INFO]: 第24家店铺的货源地爬取完毕...
[2018-04-23 05:35:12,025][TBTracker][INFO]: 正在爬取第25家店铺的数据...
[2018-04-23 05:35:12,052][TBTracker][INFO]: 正在爬取第25家店铺的商品图片...
[2018-04-23 05:35:12,189][TBTracker][INFO]: 第25家店铺的商品图片爬取完毕...
[2018-04-23 05:35:12,224][TBTracker][INFO]: 第25家店铺的商品图片保存完毕...
[2018-04-23 05:35:17,562][TBTracker][INFO]: 200
[2018-04-23 05:35:25,193][TBTracker][INFO]: 第25家店铺的商品页面读取成功...
[2018-04-23 05:35:49,204][TBTracker][INFO]: 第25家店铺的商品价格和链接爬取完毕...
[2018-04-23 05:35:49,226][TBTracker][INFO]: 第25家店铺的商品交易量爬取完毕...
[2018-04-23 05:35:49,246][TBTracker][INFO]: 第25家店铺的商铺名爬取完毕...
[2018-04-23 05:35:49,263][TBTracker][INFO]: 第25家店铺的货源地爬取完毕...
[2018-04-23 05:35:49,267][TBTracker][INFO]: 正在爬取第26家店铺的数据...
[2018-04-23 05:35:49,296][TBTracker][INFO]: 正在爬取第26家店铺的商品图片...
[2018-04-23 05:35:49,519][TBTracker][INFO]: 第26家店铺的商品图片爬取完毕...
[2018-04-23 05:35:49,556][TBTracker][INFO]: 第26家店铺的商品图片保存完毕...
[2018-04-23 05:35:50,312][TBTracker][INFO]: 200
[2018-04-23 05:35:59,111][TBTracker][INFO]: 第26家店铺的商品页面读取成功...
[2018-04-23 05:36:41,492][TBTracker][INFO]: 第26家店铺的商品价格和链接爬取完毕...
[2018-04-23 05:36:41,513][TBTracker][INFO]: 第26家店铺的商品交易量爬取完毕...
[2018-04-23 05:36:41,532][TBTracker][INFO]: 第26家店铺的商铺名爬取完毕...
[2018-04-23 05:36:41,547][TBTracker][INFO]: 第26家店铺的货源地爬取完毕...
[2018-04-23 05:36:41,550][TBTracker][INFO]: 正在爬取第27家店铺的数据...
[2018-04-23 05:36:41,576][TBTracker][INFO]: 正在爬取第27家店铺的商品图片...
[2018-04-23 05:36:41,692][TBTracker][INFO]: 第27家店铺的商品图片爬取完毕...
[2018-04-23 05:36:41,720][TBTracker][INFO]: 第27家店铺的商品图片保存完毕...
[2018-04-23 05:36:42,820][TBTracker][INFO]: 200
[2018-04-23 05:36:46,906][TBTracker][INFO]: 第27家店铺的商品页面读取成功...
[2018-04-23 05:37:19,030][TBTracker][INFO]: 第27家店铺的商品价格和链接爬取完毕...
[2018-04-23 05:37:19,058][TBTracker][INFO]: 第27家店铺的商品交易量爬取完毕...
[2018-04-23 05:37:19,077][TBTracker][INFO]: 第27家店铺的商铺名爬取完毕...
[2018-04-23 05:37:19,094][TBTracker][INFO]: 第27家店铺的货源地爬取完毕...
[2018-04-23 05:37:19,097][TBTracker][INFO]: 正在爬取第28家店铺的数据...
[2018-04-23 05:37:19,121][TBTracker][INFO]: 正在爬取第28家店铺的商品图片...
[2018-04-23 05:37:19,267][TBTracker][INFO]: 第28家店铺的商品图片爬取完毕...
[2018-04-23 05:37:19,307][TBTracker][INFO]: 第28家店铺的商品图片保存完毕...
[2018-04-23 05:37:20,086][TBTracker][INFO]: 200
[2018-04-23 05:37:22,980][TBTracker][INFO]: 第28家店铺的商品页面读取成功...
[2018-04-23 05:38:11,350][TBTracker][INFO]: 第28家店铺的商品价格和链接爬取完毕...
[2018-04-23 05:38:11,367][TBTracker][INFO]: 第28家店铺的商品交易量爬取完毕...
[2018-04-23 05:38:11,382][TBTracker][INFO]: 第28家店铺的商铺名爬取完毕...
[2018-04-23 05:38:11,392][TBTracker][INFO]: 第28家店铺的货源地爬取完毕...
[2018-04-23 05:38:11,395][TBTracker][INFO]: 正在爬取第29家店铺的数据...
[2018-04-23 05:38:11,474][TBTracker][INFO]: 正在爬取第29家店铺的商品图片...
[2018-04-23 05:38:11,633][TBTracker][INFO]: 第29家店铺的商品图片爬取完毕...
[2018-04-23 05:38:11,668][TBTracker][INFO]: 第29家店铺的商品图片保存完毕...
[2018-04-23 05:38:12,801][TBTracker][INFO]: 200
[2018-04-23 05:38:17,148][TBTracker][INFO]: 第29家店铺的商品页面读取成功...
[2018-04-23 05:38:51,792][TBTracker][INFO]: 第29家店铺的商品价格和链接爬取完毕...
[2018-04-23 05:38:51,815][TBTracker][INFO]: 第29家店铺的商品交易量爬取完毕...
[2018-04-23 05:38:51,832][TBTracker][INFO]: 第29家店铺的商铺名爬取完毕...
[2018-04-23 05:38:51,845][TBTracker][INFO]: 第29家店铺的货源地爬取完毕...
[2018-04-23 05:38:51,848][TBTracker][INFO]: 正在爬取第30家店铺的数据...
[2018-04-23 05:38:51,880][TBTracker][INFO]: 正在爬取第30家店铺的商品图片...
[2018-04-23 05:38:52,093][TBTracker][INFO]: 第30家店铺的商品图片爬取完毕...
[2018-04-23 05:38:52,136][TBTracker][INFO]: 第30家店铺的商品图片保存完毕...
[2018-04-23 05:38:52,690][TBTracker][INFO]: 200
[2018-04-23 05:38:55,578][TBTracker][INFO]: 第30家店铺的商品页面读取成功...
[2018-04-23 05:39:49,984][TBTracker][INFO]: 第30家店铺的商品价格和链接爬取完毕...
[2018-04-23 05:39:50,007][TBTracker][INFO]: 第30家店铺的商品交易量爬取完毕...
[2018-04-23 05:39:50,030][TBTracker][INFO]: 第30家店铺的商铺名爬取完毕...
[2018-04-23 05:39:50,045][TBTracker][INFO]: 第30家店铺的货源地爬取完毕...
[2018-04-23 05:39:50,050][TBTracker][INFO]: 正在爬取第31家店铺的数据...
[2018-04-23 05:39:50,093][TBTracker][INFO]: 正在爬取第31家店铺的商品图片...
[2018-04-23 05:39:50,197][TBTracker][INFO]: 第31家店铺的商品图片爬取完毕...
[2018-04-23 05:39:50,206][TBTracker][INFO]: 第31家店铺的商品图片保存完毕...
[2018-04-23 05:39:50,944][TBTracker][INFO]: 200
[2018-04-23 05:39:55,536][TBTracker][INFO]: 第31家店铺的商品页面读取成功...
[2018-04-23 05:40:21,067][TBTracker][INFO]: 第31家店铺的商品价格和链接爬取完毕...
[2018-04-23 05:40:21,084][TBTracker][INFO]: 第31家店铺的商品交易量爬取完毕...
[2018-04-23 05:40:21,106][TBTracker][INFO]: 第31家店铺的商铺名爬取完毕...
[2018-04-23 05:40:21,119][TBTracker][INFO]: 第31家店铺的货源地爬取完毕...
[2018-04-23 05:40:21,122][TBTracker][INFO]: 正在爬取第32家店铺的数据...
[2018-04-23 05:40:21,154][TBTracker][INFO]: 正在爬取第32家店铺的商品图片...
[2018-04-23 05:40:21,374][TBTracker][INFO]: 第32家店铺的商品图片爬取完毕...
[2018-04-23 05:40:21,410][TBTracker][INFO]: 第32家店铺的商品图片保存完毕...
[2018-04-23 05:40:21,643][TBTracker][INFO]: 200
[2018-04-23 05:40:24,551][TBTracker][INFO]: 第32家店铺的商品页面读取成功...
[2018-04-23 05:40:56,674][TBTracker][INFO]: 第32家店铺的商品价格和链接爬取完毕...
[2018-04-23 05:40:56,701][TBTracker][INFO]: 第32家店铺的商品交易量爬取完毕...
[2018-04-23 05:40:56,723][TBTracker][INFO]: 第32家店铺的商铺名爬取完毕...
[2018-04-23 05:40:56,738][TBTracker][INFO]: 第32家店铺的货源地爬取完毕...
[2018-04-23 05:40:56,742][TBTracker][INFO]: 正在爬取第33家店铺的数据...
[2018-04-23 05:40:56,773][TBTracker][INFO]: 正在爬取第33家店铺的商品图片...
[2018-04-23 05:40:57,120][TBTracker][INFO]: 第33家店铺的商品图片爬取完毕...
[2018-04-23 05:40:57,145][TBTracker][INFO]: 第33家店铺的商品图片保存完毕...
[2018-04-23 05:40:57,377][TBTracker][INFO]: 200
[2018-04-23 05:41:00,566][TBTracker][INFO]: 第33家店铺的商品页面读取成功...
[2018-04-23 05:41:31,728][TBTracker][INFO]: 第33家店铺的商品价格和链接爬取完毕...
[2018-04-23 05:41:31,744][TBTracker][INFO]: 第33家店铺的商品交易量爬取完毕...
[2018-04-23 05:41:31,759][TBTracker][INFO]: 第33家店铺的商铺名爬取完毕...
[2018-04-23 05:41:31,769][TBTracker][INFO]: 第33家店铺的货源地爬取完毕...
[2018-04-23 05:41:31,772][TBTracker][INFO]: 正在爬取第34家店铺的数据...
[2018-04-23 05:41:31,798][TBTracker][INFO]: 正在爬取第34家店铺的商品图片...
[2018-04-23 05:41:32,209][TBTracker][INFO]: 第34家店铺的商品图片爬取完毕...
[2018-04-23 05:41:32,240][TBTracker][INFO]: 第34家店铺的商品图片保存完毕...
[2018-04-23 05:41:32,535][TBTracker][INFO]: 200
[2018-04-23 05:41:37,078][TBTracker][INFO]: 第34家店铺的商品页面读取成功...
[2018-04-23 05:42:17,498][TBTracker][INFO]: 第34家店铺的商品价格和链接爬取完毕...
[2018-04-23 05:42:17,516][TBTracker][INFO]: 第34家店铺的商品交易量爬取完毕...
[2018-04-23 05:42:17,532][TBTracker][INFO]: 第34家店铺的商铺名爬取完毕...
[2018-04-23 05:42:17,543][TBTracker][INFO]: 第34家店铺的货源地爬取完毕...
[2018-04-23 05:42:17,546][TBTracker][INFO]: 正在爬取第35家店铺的数据...
[2018-04-23 05:42:17,577][TBTracker][INFO]: 正在爬取第35家店铺的商品图片...
[2018-04-23 05:42:17,814][TBTracker][INFO]: 第35家店铺的商品图片爬取完毕...
[2018-04-23 05:42:17,850][TBTracker][INFO]: 第35家店铺的商品图片保存完毕...
[2018-04-23 05:42:19,300][TBTracker][INFO]: 200
[2018-04-23 05:42:23,640][TBTracker][INFO]: 第35家店铺的商品页面读取成功...
[2018-04-23 05:42:54,486][TBTracker][INFO]: 第35家店铺的商品价格和链接爬取完毕...
[2018-04-23 05:42:54,513][TBTracker][INFO]: 第35家店铺的商品交易量爬取完毕...
[2018-04-23 05:42:54,539][TBTracker][INFO]: 第35家店铺的商铺名爬取完毕...
[2018-04-23 05:42:54,551][TBTracker][INFO]: 第35家店铺的货源地爬取完毕...
[2018-04-23 05:42:54,558][TBTracker][INFO]: 正在爬取第36家店铺的数据...
[2018-04-23 05:42:54,590][TBTracker][INFO]: 正在爬取第36家店铺的商品图片...
[2018-04-23 05:42:54,827][TBTracker][INFO]: 第36家店铺的商品图片爬取完毕...
[2018-04-23 05:42:54,865][TBTracker][INFO]: 第36家店铺的商品图片保存完毕...
[2018-04-23 05:43:07,454][TBTracker][INFO]: 200
[2018-04-23 05:43:11,297][TBTracker][INFO]: 第36家店铺的商品页面读取成功...
[2018-04-23 05:43:47,401][TBTracker][INFO]: 第36家店铺的商品价格和链接爬取完毕...
[2018-04-23 05:43:47,418][TBTracker][INFO]: 第36家店铺的商品交易量爬取完毕...
[2018-04-23 05:43:47,432][TBTracker][INFO]: 第36家店铺的商铺名爬取完毕...
[2018-04-23 05:43:47,442][TBTracker][INFO]: 第36家店铺的货源地爬取完毕...
[2018-04-23 05:43:49,955][TBTracker][INFO]: 数据爬取完毕
