[2018-05-22 08:57:46,671][TBTrackerSpider][INFO]: 
[2018-05-22 08:57:46,671][TBTrackerSpider][INFO]: 总共有7件商品的数据需要追踪
[2018-05-22 08:58:33,177][TBTrackerSpider][INFO]: 第1件商品的数据追踪成功
[2018-05-22 08:58:33,178][TBTrackerSpider][INFO]: 第1件商品的价格数据发生改变
[2018-05-22 08:58:33,259][TBTrackerSpider][INFO]: 第1件商品的淘宝价格数据未发生改变
[2018-05-22 08:59:18,097][TBTrackerSpider][INFO]: 第2件商品的数据追踪成功
[2018-05-22 08:59:18,097][TBTrackerSpider][INFO]: 第2件商品的价格数据发生改变
[2018-05-22 08:59:18,172][TBTrackerSpider][INFO]: 第2件商品的淘宝价格数据未发生改变
[2018-05-22 09:00:02,938][TBTrackerSpider][INFO]: 第3件商品的数据追踪成功
[2018-05-22 09:00:02,938][TBTrackerSpider][INFO]: 第3件商品的价格数据发生改变
[2018-05-22 09:00:03,018][TBTrackerSpider][INFO]: 第3件商品的淘宝价格数据未发生改变
[2018-05-22 09:00:47,724][TBTrackerSpider][INFO]: 第4件商品的数据追踪成功
[2018-05-22 09:00:47,724][TBTrackerSpider][INFO]: 第4件商品的价格数据发生改变
[2018-05-22 09:00:47,798][TBTrackerSpider][INFO]: 第4件商品的淘宝价格数据未发生改变
[2018-05-22 09:01:32,416][TBTrackerSpider][INFO]: 第5件商品的数据追踪成功
[2018-05-22 09:01:32,417][TBTrackerSpider][INFO]: 第5件商品的价格数据发生改变
[2018-05-22 09:01:32,494][TBTrackerSpider][INFO]: 第5件商品的淘宝价格数据未发生改变
[2018-05-22 09:02:17,028][TBTrackerSpider][INFO]: 第6件商品的数据追踪成功
[2018-05-22 09:02:17,029][TBTrackerSpider][INFO]: 第6件商品的价格数据发生改变
[2018-05-22 09:02:17,107][TBTrackerSpider][INFO]: 第6件商品的淘宝价格数据未发生改变
[2018-05-22 09:03:01,767][TBTrackerSpider][INFO]: 第7件商品的数据追踪成功
[2018-05-22 09:03:01,768][TBTrackerSpider][INFO]: 第7件商品的价格数据发生改变
[2018-05-22 09:03:01,837][TBTrackerSpider][INFO]: 第7件商品的淘宝价格数据未发生改变
[2018-05-22 09:03:01,934][TBTrackerSpider][INFO]: 商品数据追踪完毕！
[2018-05-22 10:50:26,252][TBTrackerSpider][INFO]: 
[2018-05-22 10:50:26,252][TBTrackerSpider][INFO]: 总共有263件商品的数据需要追踪
[2018-05-22 10:51:15,689][TBTrackerSpider][INFO]: 第1件商品的数据追踪成功
[2018-05-22 10:51:15,690][TBTrackerSpider][INFO]: 第1件商品的价格数据未发生改变
[2018-05-22 10:51:15,690][TBTrackerSpider][INFO]: 第1件商品的淘宝价格数据未发生改变
[2018-05-22 10:51:38,250][TBTrackerSpider][INFO]: 第2件商品的数据追踪成功
[2018-05-22 10:51:38,250][TBTrackerSpider][INFO]: 第2件商品的价格数据未发生改变
[2018-05-22 10:51:38,250][TBTrackerSpider][INFO]: 第2件商品的淘宝价格数据未发生改变
[2018-05-22 10:51:59,778][TBTrackerSpider][INFO]: 第3件商品的数据追踪成功
[2018-05-22 10:51:59,778][TBTrackerSpider][INFO]: 第3件商品的价格数据未发生改变
[2018-05-22 10:51:59,778][TBTrackerSpider][INFO]: 第3件商品的淘宝价格数据未发生改变
[2018-05-22 10:52:21,253][TBTrackerSpider][INFO]: 第4件商品的数据追踪成功
[2018-05-22 10:52:21,253][TBTrackerSpider][INFO]: 第4件商品的价格数据未发生改变
[2018-05-22 10:52:21,253][TBTrackerSpider][INFO]: 第4件商品的淘宝价格数据未发生改变
[2018-05-22 10:52:43,356][TBTrackerSpider][INFO]: 第5件商品的数据追踪成功
[2018-05-22 10:52:43,356][TBTrackerSpider][INFO]: 第5件商品的价格数据未发生改变
[2018-05-22 10:52:43,356][TBTrackerSpider][INFO]: 第5件商品的淘宝价格数据未发生改变
[2018-05-22 10:53:28,191][TBTrackerSpider][INFO]: 第6件商品的数据追踪成功
[2018-05-22 10:53:28,191][TBTrackerSpider][INFO]: 第6件商品的价格数据未发生改变
[2018-05-22 10:53:28,191][TBTrackerSpider][INFO]: 第6件商品的淘宝价格数据未发生改变
[2018-05-22 10:54:14,595][TBTrackerSpider][INFO]: 第7件商品的数据追踪成功
[2018-05-22 10:54:14,595][TBTrackerSpider][INFO]: 第7件商品的价格数据未发生改变
[2018-05-22 10:54:14,595][TBTrackerSpider][INFO]: 第7件商品的淘宝价格数据未发生改变
[2018-05-22 10:54:35,246][TBTrackerSpider][INFO]: 第8件商品的数据追踪成功
[2018-05-22 10:54:35,246][TBTrackerSpider][INFO]: 第8件商品的价格数据未发生改变
[2018-05-22 10:54:35,246][TBTrackerSpider][INFO]: 第8件商品的淘宝价格数据未发生改变
[2018-05-22 10:55:15,891][TBTrackerSpider][INFO]: 第9件商品的数据追踪成功
[2018-05-22 10:55:15,892][TBTrackerSpider][INFO]: 第9件商品的价格数据未发生改变
[2018-05-22 10:55:15,892][TBTrackerSpider][INFO]: 第9件商品的淘宝价格数据未发生改变
[2018-05-22 10:55:37,446][TBTrackerSpider][INFO]: 第10件商品的数据追踪成功
[2018-05-22 10:55:37,446][TBTrackerSpider][INFO]: 第10件商品的价格数据未发生改变
[2018-05-22 10:55:37,446][TBTrackerSpider][INFO]: 第10件商品的淘宝价格数据未发生改变
[2018-05-22 10:56:19,986][TBTrackerSpider][INFO]: 第11件商品的数据追踪成功
[2018-05-22 10:56:19,986][TBTrackerSpider][INFO]: 第11件商品的价格数据未发生改变
[2018-05-22 10:56:19,986][TBTrackerSpider][INFO]: 第11件商品的淘宝价格数据未发生改变
[2018-05-22 10:57:04,804][TBTrackerSpider][INFO]: 第12件商品的数据追踪成功
[2018-05-22 10:57:04,804][TBTrackerSpider][INFO]: 第12件商品的价格数据未发生改变
[2018-05-22 10:57:04,804][TBTrackerSpider][INFO]: 第12件商品的淘宝价格数据未发生改变
[2018-05-22 10:57:26,859][TBTrackerSpider][INFO]: 第13件商品的数据追踪成功
[2018-05-22 10:57:26,859][TBTrackerSpider][INFO]: 第13件商品的价格数据未发生改变
[2018-05-22 10:57:26,859][TBTrackerSpider][INFO]: 第13件商品的淘宝价格数据未发生改变
[2018-05-22 10:57:48,716][TBTrackerSpider][INFO]: 第14件商品的数据追踪成功
[2018-05-22 10:57:48,716][TBTrackerSpider][INFO]: 第14件商品的价格数据未发生改变
[2018-05-22 10:57:48,716][TBTrackerSpider][INFO]: 第14件商品的淘宝价格数据未发生改变
[2018-05-22 10:58:09,593][TBTrackerSpider][INFO]: 第15件商品的数据追踪成功
[2018-05-22 10:58:09,593][TBTrackerSpider][INFO]: 第15件商品的价格数据未发生改变
[2018-05-22 10:58:09,593][TBTrackerSpider][INFO]: 第15件商品的淘宝价格数据未发生改变
[2018-05-22 10:58:53,243][TBTrackerSpider][INFO]: 第16件商品的数据追踪成功
[2018-05-22 10:58:53,243][TBTrackerSpider][INFO]: 第16件商品的价格数据未发生改变
[2018-05-22 10:58:53,243][TBTrackerSpider][INFO]: 第16件商品的淘宝价格数据未发生改变
[2018-05-22 10:59:14,112][TBTrackerSpider][INFO]: 第17件商品的数据追踪成功
[2018-05-22 10:59:14,112][TBTrackerSpider][INFO]: 第17件商品的价格数据未发生改变
[2018-05-22 10:59:14,112][TBTrackerSpider][INFO]: 第17件商品的淘宝价格数据未发生改变
[2018-05-22 10:59:35,905][TBTrackerSpider][INFO]: 第18件商品的数据追踪成功
[2018-05-22 10:59:35,905][TBTrackerSpider][INFO]: 第18件商品的价格数据未发生改变
[2018-05-22 10:59:35,905][TBTrackerSpider][INFO]: 第18件商品的淘宝价格数据未发生改变
[2018-05-22 11:00:20,558][TBTrackerSpider][INFO]: 第19件商品的数据追踪成功
[2018-05-22 11:00:20,558][TBTrackerSpider][INFO]: 第19件商品的价格数据未发生改变
[2018-05-22 11:00:20,558][TBTrackerSpider][INFO]: 第19件商品的淘宝价格数据未发生改变
[2018-05-22 11:01:03,258][TBTrackerSpider][INFO]: 第20件商品的数据追踪成功
[2018-05-22 11:01:03,258][TBTrackerSpider][INFO]: 第20件商品的价格数据未发生改变
[2018-05-22 11:01:03,258][TBTrackerSpider][INFO]: 第20件商品的淘宝价格数据未发生改变
[2018-05-22 11:01:24,298][TBTrackerSpider][INFO]: 第21件商品的数据追踪成功
[2018-05-22 11:01:24,298][TBTrackerSpider][INFO]: 第21件商品的价格数据未发生改变
[2018-05-22 11:01:24,298][TBTrackerSpider][INFO]: 第21件商品的淘宝价格数据未发生改变
[2018-05-22 11:01:45,780][TBTrackerSpider][INFO]: 第22件商品的数据追踪成功
[2018-05-22 11:01:45,781][TBTrackerSpider][INFO]: 第22件商品的价格数据未发生改变
[2018-05-22 11:01:45,781][TBTrackerSpider][INFO]: 第22件商品的淘宝价格数据未发生改变
[2018-05-22 11:02:28,077][TBTrackerSpider][INFO]: 第23件商品的数据追踪成功
[2018-05-22 11:02:28,077][TBTrackerSpider][INFO]: 第23件商品的价格数据未发生改变
[2018-05-22 11:02:28,077][TBTrackerSpider][INFO]: 第23件商品的淘宝价格数据未发生改变
[2018-05-22 11:03:09,375][TBTrackerSpider][INFO]: 第24件商品的数据追踪成功
[2018-05-22 11:03:09,375][TBTrackerSpider][INFO]: 第24件商品的价格数据未发生改变
[2018-05-22 11:03:09,375][TBTrackerSpider][INFO]: 第24件商品的淘宝价格数据未发生改变
[2018-05-22 11:03:30,510][TBTrackerSpider][INFO]: 第25件商品的数据追踪成功
[2018-05-22 11:03:30,510][TBTrackerSpider][INFO]: 第25件商品的价格数据未发生改变
[2018-05-22 11:03:30,510][TBTrackerSpider][INFO]: 第25件商品的淘宝价格数据未发生改变
[2018-05-22 11:04:15,487][TBTrackerSpider][INFO]: 第26件商品的数据追踪成功
[2018-05-22 11:04:15,488][TBTrackerSpider][INFO]: 第26件商品的价格数据未发生改变
[2018-05-22 11:04:15,488][TBTrackerSpider][INFO]: 第26件商品的淘宝价格数据未发生改变
[2018-05-22 11:04:37,489][TBTrackerSpider][INFO]: 第27件商品的数据追踪成功
[2018-05-22 11:04:37,489][TBTrackerSpider][INFO]: 第27件商品的价格数据未发生改变
[2018-05-22 11:04:37,489][TBTrackerSpider][INFO]: 第27件商品的淘宝价格数据未发生改变
[2018-05-22 11:04:58,550][TBTrackerSpider][INFO]: 第28件商品的数据追踪成功
[2018-05-22 11:04:58,550][TBTrackerSpider][INFO]: 第28件商品的价格数据未发生改变
[2018-05-22 11:04:58,550][TBTrackerSpider][INFO]: 第28件商品的淘宝价格数据未发生改变
[2018-05-22 11:05:20,718][TBTrackerSpider][INFO]: 第29件商品的数据追踪成功
[2018-05-22 11:05:20,718][TBTrackerSpider][INFO]: 第29件商品的价格数据未发生改变
[2018-05-22 11:05:20,718][TBTrackerSpider][INFO]: 第29件商品的淘宝价格数据未发生改变
[2018-05-22 11:05:43,226][TBTrackerSpider][INFO]: 第30件商品的数据追踪成功
[2018-05-22 11:05:43,226][TBTrackerSpider][INFO]: 第30件商品的价格数据未发生改变
[2018-05-22 11:05:43,226][TBTrackerSpider][INFO]: 第30件商品的淘宝价格数据未发生改变
[2018-05-22 11:06:28,078][TBTrackerSpider][INFO]: 第31件商品的数据追踪成功
[2018-05-22 11:06:28,079][TBTrackerSpider][INFO]: 第31件商品的价格数据未发生改变
[2018-05-22 11:06:28,079][TBTrackerSpider][INFO]: 第31件商品的淘宝价格数据未发生改变
[2018-05-22 11:07:09,641][TBTrackerSpider][INFO]: 第32件商品的数据追踪成功
[2018-05-22 11:07:09,641][TBTrackerSpider][INFO]: 第32件商品的价格数据未发生改变
[2018-05-22 11:07:09,642][TBTrackerSpider][INFO]: 第32件商品的淘宝价格数据未发生改变
[2018-05-22 11:07:52,091][TBTrackerSpider][INFO]: 第33件商品的数据追踪成功
[2018-05-22 11:07:52,092][TBTrackerSpider][INFO]: 第33件商品的价格数据未发生改变
[2018-05-22 11:07:52,092][TBTrackerSpider][INFO]: 第33件商品的淘宝价格数据未发生改变
[2018-05-22 11:08:35,251][TBTrackerSpider][INFO]: 第34件商品的数据追踪成功
[2018-05-22 11:08:35,252][TBTrackerSpider][INFO]: 第34件商品的价格数据未发生改变
[2018-05-22 11:08:35,252][TBTrackerSpider][INFO]: 第34件商品的淘宝价格数据未发生改变
[2018-05-22 11:08:56,139][TBTrackerSpider][INFO]: 第35件商品的数据追踪成功
[2018-05-22 11:08:56,139][TBTrackerSpider][INFO]: 第35件商品的价格数据未发生改变
[2018-05-22 11:08:56,139][TBTrackerSpider][INFO]: 第35件商品的淘宝价格数据未发生改变
[2018-05-22 11:09:18,708][TBTrackerSpider][INFO]: 第36件商品的数据追踪成功
[2018-05-22 11:09:18,708][TBTrackerSpider][INFO]: 第36件商品的价格数据发生改变
[2018-05-22 11:09:18,785][TBTrackerSpider][INFO]: 第36件商品的淘宝价格数据未发生改变
[2018-05-22 11:10:03,665][TBTrackerSpider][INFO]: 第37件商品的数据追踪成功
[2018-05-22 11:10:03,666][TBTrackerSpider][INFO]: 第37件商品的价格数据发生改变
[2018-05-22 11:10:03,748][TBTrackerSpider][INFO]: 第37件商品的淘宝价格数据未发生改变
[2018-05-22 11:10:26,320][TBTrackerSpider][INFO]: 第38件商品的数据追踪成功
[2018-05-22 11:10:26,320][TBTrackerSpider][INFO]: 第38件商品的价格数据发生改变
[2018-05-22 11:10:26,384][TBTrackerSpider][INFO]: 第38件商品的淘宝价格数据未发生改变
[2018-05-22 11:10:47,283][TBTrackerSpider][INFO]: 第39件商品的数据追踪成功
[2018-05-22 11:10:47,283][TBTrackerSpider][INFO]: 第39件商品的价格数据未发生改变
[2018-05-22 11:10:47,283][TBTrackerSpider][INFO]: 第39件商品的淘宝价格数据未发生改变
[2018-05-22 11:11:31,011][TBTrackerSpider][INFO]: 第40件商品的数据追踪成功
[2018-05-22 11:11:31,011][TBTrackerSpider][INFO]: 第40件商品的价格数据未发生改变
[2018-05-22 11:11:31,012][TBTrackerSpider][INFO]: 第40件商品的淘宝价格数据未发生改变
[2018-05-22 11:12:13,714][TBTrackerSpider][INFO]: 第41件商品的数据追踪成功
[2018-05-22 11:12:13,714][TBTrackerSpider][INFO]: 第41件商品的价格数据未发生改变
[2018-05-22 11:12:13,715][TBTrackerSpider][INFO]: 第41件商品的淘宝价格数据未发生改变
[2018-05-22 11:12:58,819][TBTrackerSpider][INFO]: 第42件商品的数据追踪成功
[2018-05-22 11:12:58,819][TBTrackerSpider][INFO]: 第42件商品的价格数据发生改变
[2018-05-22 11:12:58,909][TBTrackerSpider][INFO]: 第42件商品的淘宝价格数据未发生改变
[2018-05-22 11:13:21,255][TBTrackerSpider][INFO]: 第43件商品的数据追踪成功
[2018-05-22 11:13:21,256][TBTrackerSpider][INFO]: 第43件商品的价格数据发生改变
[2018-05-22 11:13:21,461][TBTrackerSpider][INFO]: 第43件商品的淘宝价格数据未发生改变
[2018-05-22 11:13:42,782][TBTrackerSpider][INFO]: 第44件商品的数据追踪成功
[2018-05-22 11:13:42,782][TBTrackerSpider][INFO]: 第44件商品的价格数据发生改变
[2018-05-22 11:13:42,855][TBTrackerSpider][INFO]: 第44件商品的淘宝价格数据未发生改变
[2018-05-22 11:14:05,068][TBTrackerSpider][INFO]: 第45件商品的数据追踪成功
[2018-05-22 11:14:05,068][TBTrackerSpider][INFO]: 第45件商品的价格数据未发生改变
[2018-05-22 11:14:05,068][TBTrackerSpider][INFO]: 第45件商品的淘宝价格数据未发生改变
[2018-05-22 11:14:26,525][TBTrackerSpider][INFO]: 第46件商品的数据追踪成功
[2018-05-22 11:14:26,525][TBTrackerSpider][INFO]: 第46件商品的价格数据发生改变
[2018-05-22 11:14:26,601][TBTrackerSpider][INFO]: 第46件商品的淘宝价格数据未发生改变
[2018-05-22 11:14:47,242][TBTrackerSpider][INFO]: 第47件商品的数据追踪成功
[2018-05-22 11:14:47,242][TBTrackerSpider][INFO]: 第47件商品的价格数据未发生改变
[2018-05-22 11:14:47,242][TBTrackerSpider][INFO]: 第47件商品的淘宝价格数据未发生改变
[2018-05-22 11:15:29,233][TBTrackerSpider][INFO]: 第48件商品的数据追踪成功
[2018-05-22 11:15:29,233][TBTrackerSpider][INFO]: 第48件商品的价格数据未发生改变
[2018-05-22 11:15:29,234][TBTrackerSpider][INFO]: 第48件商品的淘宝价格数据未发生改变
[2018-05-22 11:16:13,631][TBTrackerSpider][INFO]: 第49件商品的数据追踪成功
[2018-05-22 11:16:13,631][TBTrackerSpider][INFO]: 第49件商品的价格数据未发生改变
[2018-05-22 11:16:13,631][TBTrackerSpider][INFO]: 第49件商品的淘宝价格数据未发生改变
[2018-05-22 11:16:36,782][TBTrackerSpider][INFO]: 第50件商品的数据追踪成功
[2018-05-22 11:16:36,782][TBTrackerSpider][INFO]: 第50件商品的价格数据发生改变
[2018-05-22 11:16:36,856][TBTrackerSpider][INFO]: 第50件商品的淘宝价格数据未发生改变
[2018-05-22 11:17:19,686][TBTrackerSpider][INFO]: 第51件商品的数据追踪成功
[2018-05-22 11:17:19,686][TBTrackerSpider][INFO]: 第51件商品的价格数据未发生改变
[2018-05-22 11:17:19,686][TBTrackerSpider][INFO]: 第51件商品的淘宝价格数据未发生改变
[2018-05-22 11:18:04,768][TBTrackerSpider][INFO]: 第52件商品的数据追踪成功
[2018-05-22 11:18:04,769][TBTrackerSpider][INFO]: 第52件商品的价格数据发生改变
[2018-05-22 11:18:04,832][TBTrackerSpider][INFO]: 第52件商品的淘宝价格数据未发生改变
[2018-05-22 11:18:46,946][TBTrackerSpider][INFO]: 第53件商品的数据追踪成功
[2018-05-22 11:18:46,946][TBTrackerSpider][INFO]: 第53件商品的价格数据未发生改变
[2018-05-22 11:18:46,946][TBTrackerSpider][INFO]: 第53件商品的淘宝价格数据未发生改变
[2018-05-22 11:19:31,718][TBTrackerSpider][INFO]: 第54件商品的数据追踪成功
[2018-05-22 11:19:31,718][TBTrackerSpider][INFO]: 第54件商品的价格数据未发生改变
[2018-05-22 11:19:31,718][TBTrackerSpider][INFO]: 第54件商品的淘宝价格数据未发生改变
[2018-05-22 11:19:53,772][TBTrackerSpider][INFO]: 第55件商品的数据追踪成功
[2018-05-22 11:19:53,773][TBTrackerSpider][INFO]: 第55件商品的价格数据发生改变
[2018-05-22 11:19:53,843][TBTrackerSpider][INFO]: 第55件商品的淘宝价格数据未发生改变
[2018-05-22 11:20:37,389][TBTrackerSpider][INFO]: 第56件商品的数据追踪成功
[2018-05-22 11:20:37,390][TBTrackerSpider][INFO]: 第56件商品的价格数据未发生改变
[2018-05-22 11:20:37,391][TBTrackerSpider][INFO]: 第56件商品的淘宝价格数据未发生改变
[2018-05-22 11:20:59,808][TBTrackerSpider][INFO]: 第57件商品的数据追踪成功
[2018-05-22 11:20:59,808][TBTrackerSpider][INFO]: 第57件商品的价格数据发生改变
[2018-05-22 11:20:59,883][TBTrackerSpider][INFO]: 第57件商品的淘宝价格数据未发生改变
[2018-05-22 11:21:44,835][TBTrackerSpider][INFO]: 第58件商品的数据追踪成功
[2018-05-22 11:21:44,836][TBTrackerSpider][INFO]: 第58件商品的价格数据发生改变
[2018-05-22 11:21:44,922][TBTrackerSpider][INFO]: 第58件商品的淘宝价格数据未发生改变
[2018-05-22 11:22:05,917][TBTrackerSpider][INFO]: 第59件商品的数据追踪成功
[2018-05-22 11:22:05,917][TBTrackerSpider][INFO]: 第59件商品的价格数据未发生改变
[2018-05-22 11:22:05,917][TBTrackerSpider][INFO]: 第59件商品的淘宝价格数据未发生改变
[2018-05-22 11:22:26,962][TBTrackerSpider][INFO]: 第60件商品的数据追踪成功
[2018-05-22 11:22:26,962][TBTrackerSpider][INFO]: 第60件商品的价格数据发生改变
[2018-05-22 11:22:27,043][TBTrackerSpider][INFO]: 第60件商品的淘宝价格数据未发生改变
[2018-05-22 11:23:10,899][TBTrackerSpider][INFO]: 第61件商品的数据追踪成功
[2018-05-22 11:23:10,899][TBTrackerSpider][INFO]: 第61件商品的价格数据未发生改变
[2018-05-22 11:23:10,899][TBTrackerSpider][INFO]: 第61件商品的淘宝价格数据未发生改变
[2018-05-22 11:23:55,530][TBTrackerSpider][INFO]: 第62件商品的数据追踪成功
[2018-05-22 11:23:55,530][TBTrackerSpider][INFO]: 第62件商品的价格数据发生改变
[2018-05-22 11:23:55,610][TBTrackerSpider][INFO]: 第62件商品的淘宝价格数据未发生改变
[2018-05-22 11:24:16,390][TBTrackerSpider][INFO]: 第63件商品的数据追踪成功
[2018-05-22 11:24:16,390][TBTrackerSpider][INFO]: 第63件商品的价格数据未发生改变
[2018-05-22 11:24:16,390][TBTrackerSpider][INFO]: 第63件商品的淘宝价格数据未发生改变
[2018-05-22 11:24:37,767][TBTrackerSpider][INFO]: 第64件商品的数据追踪成功
[2018-05-22 11:24:37,767][TBTrackerSpider][INFO]: 第64件商品的价格数据发生改变
[2018-05-22 11:24:37,865][TBTrackerSpider][INFO]: 第64件商品的淘宝价格数据未发生改变
[2018-05-22 11:24:59,696][TBTrackerSpider][INFO]: 第65件商品的数据追踪成功
[2018-05-22 11:24:59,696][TBTrackerSpider][INFO]: 第65件商品的价格数据发生改变
[2018-05-22 11:24:59,767][TBTrackerSpider][INFO]: 第65件商品的淘宝价格数据未发生改变
[2018-05-22 11:25:21,972][TBTrackerSpider][INFO]: 第66件商品的数据追踪成功
[2018-05-22 11:25:21,972][TBTrackerSpider][INFO]: 第66件商品的价格数据发生改变
[2018-05-22 11:25:22,061][TBTrackerSpider][INFO]: 第66件商品的淘宝价格数据未发生改变
[2018-05-22 11:26:27,179][TBTrackerSpider][INFO]: 第67件商品的价格数据未发生改变
[2018-05-22 11:26:27,179][TBTrackerSpider][INFO]: 第67件商品的淘宝价格数据未发生改变
[2018-05-22 11:26:48,323][TBTrackerSpider][INFO]: 第68件商品的数据追踪成功
[2018-05-22 11:26:48,323][TBTrackerSpider][INFO]: 第68件商品的价格数据发生改变
[2018-05-22 11:26:48,404][TBTrackerSpider][INFO]: 第68件商品的淘宝价格数据未发生改变
[2018-05-22 11:27:11,276][TBTrackerSpider][INFO]: 第69件商品的数据追踪成功
[2018-05-22 11:27:11,276][TBTrackerSpider][INFO]: 第69件商品的价格数据发生改变
[2018-05-22 11:27:11,348][TBTrackerSpider][INFO]: 第69件商品的淘宝价格数据未发生改变
[2018-05-22 11:27:33,326][TBTrackerSpider][INFO]: 第70件商品的数据追踪成功
[2018-05-22 11:27:33,327][TBTrackerSpider][INFO]: 第70件商品的价格数据未发生改变
[2018-05-22 11:27:33,327][TBTrackerSpider][INFO]: 第70件商品的淘宝价格数据未发生改变
[2018-05-22 11:28:15,756][TBTrackerSpider][INFO]: 第71件商品的数据追踪成功
[2018-05-22 11:28:15,757][TBTrackerSpider][INFO]: 第71件商品的价格数据未发生改变
[2018-05-22 11:28:15,757][TBTrackerSpider][INFO]: 第71件商品的淘宝价格数据未发生改变
[2018-05-22 11:28:59,108][TBTrackerSpider][INFO]: 第72件商品的数据追踪成功
[2018-05-22 11:28:59,109][TBTrackerSpider][INFO]: 第72件商品的价格数据未发生改变
[2018-05-22 11:28:59,109][TBTrackerSpider][INFO]: 第72件商品的淘宝价格数据未发生改变
[2018-05-22 11:29:20,254][TBTrackerSpider][INFO]: 第73件商品的数据追踪成功
[2018-05-22 11:29:20,254][TBTrackerSpider][INFO]: 第73件商品的价格数据未发生改变
[2018-05-22 11:29:20,254][TBTrackerSpider][INFO]: 第73件商品的淘宝价格数据未发生改变
[2018-05-22 11:30:02,224][TBTrackerSpider][INFO]: 第74件商品的数据追踪成功
[2018-05-22 11:30:02,224][TBTrackerSpider][INFO]: 第74件商品的价格数据未发生改变
[2018-05-22 11:30:02,224][TBTrackerSpider][INFO]: 第74件商品的淘宝价格数据未发生改变
[2018-05-22 11:30:44,969][TBTrackerSpider][INFO]: 第75件商品的数据追踪成功
[2018-05-22 11:30:44,969][TBTrackerSpider][INFO]: 第75件商品的价格数据未发生改变
[2018-05-22 11:30:44,969][TBTrackerSpider][INFO]: 第75件商品的淘宝价格数据未发生改变
[2018-05-22 11:31:07,260][TBTrackerSpider][INFO]: 第76件商品的数据追踪成功
[2018-05-22 11:31:07,260][TBTrackerSpider][INFO]: 第76件商品的价格数据未发生改变
[2018-05-22 11:31:07,260][TBTrackerSpider][INFO]: 第76件商品的淘宝价格数据未发生改变
[2018-05-22 11:31:50,844][TBTrackerSpider][INFO]: 第77件商品的数据追踪成功
[2018-05-22 11:31:50,844][TBTrackerSpider][INFO]: 第77件商品的价格数据未发生改变
[2018-05-22 11:31:50,844][TBTrackerSpider][INFO]: 第77件商品的淘宝价格数据未发生改变
[2018-05-22 11:32:15,137][TBTrackerSpider][INFO]: 第78件商品的数据追踪成功
[2018-05-22 11:32:15,137][TBTrackerSpider][INFO]: 第78件商品的价格数据发生改变
[2018-05-22 11:32:15,214][TBTrackerSpider][INFO]: 第78件商品的淘宝价格数据未发生改变
[2018-05-22 11:32:56,478][TBTrackerSpider][INFO]: 第79件商品的数据追踪成功
[2018-05-22 11:32:56,478][TBTrackerSpider][INFO]: 第79件商品的价格数据未发生改变
[2018-05-22 11:32:56,478][TBTrackerSpider][INFO]: 第79件商品的淘宝价格数据未发生改变
[2018-05-22 11:33:18,829][TBTrackerSpider][INFO]: 第80件商品的数据追踪成功
[2018-05-22 11:33:18,829][TBTrackerSpider][INFO]: 第80件商品的价格数据发生改变
[2018-05-22 11:33:18,904][TBTrackerSpider][INFO]: 第80件商品的淘宝价格数据未发生改变
[2018-05-22 11:34:03,695][TBTrackerSpider][INFO]: 第81件商品的数据追踪成功
[2018-05-22 11:34:03,696][TBTrackerSpider][INFO]: 第81件商品的价格数据发生改变
[2018-05-22 11:34:03,776][TBTrackerSpider][INFO]: 第81件商品的淘宝价格数据未发生改变
[2018-05-22 11:34:44,866][TBTrackerSpider][INFO]: 第82件商品的数据追踪成功
[2018-05-22 11:34:44,866][TBTrackerSpider][INFO]: 第82件商品的价格数据未发生改变
[2018-05-22 11:34:44,866][TBTrackerSpider][INFO]: 第82件商品的淘宝价格数据未发生改变
[2018-05-22 11:35:47,688][TBTrackerSpider][INFO]: 第83件商品的价格数据未发生改变
[2018-05-22 11:35:47,688][TBTrackerSpider][INFO]: 第83件商品的淘宝价格数据未发生改变
[2018-05-22 11:36:51,057][TBTrackerSpider][INFO]: 第84件商品的价格数据未发生改变
[2018-05-22 11:36:51,057][TBTrackerSpider][INFO]: 第84件商品的淘宝价格数据未发生改变
[2018-05-22 11:37:12,191][TBTrackerSpider][INFO]: 第85件商品的数据追踪成功
[2018-05-22 11:37:12,191][TBTrackerSpider][INFO]: 第85件商品的价格数据未发生改变
[2018-05-22 11:37:12,191][TBTrackerSpider][INFO]: 第85件商品的淘宝价格数据未发生改变
[2018-05-22 11:37:34,644][TBTrackerSpider][INFO]: 第86件商品的数据追踪成功
[2018-05-22 11:37:34,644][TBTrackerSpider][INFO]: 第86件商品的价格数据发生改变
[2018-05-22 11:37:34,716][TBTrackerSpider][INFO]: 第86件商品的淘宝价格数据发生改变
[2018-05-22 11:38:17,745][TBTrackerSpider][INFO]: 第87件商品的数据追踪成功
[2018-05-22 11:38:17,745][TBTrackerSpider][INFO]: 第87件商品的价格数据未发生改变
[2018-05-22 11:38:17,745][TBTrackerSpider][INFO]: 第87件商品的淘宝价格数据未发生改变
[2018-05-22 11:38:59,788][TBTrackerSpider][INFO]: 第88件商品的数据追踪成功
[2018-05-22 11:38:59,789][TBTrackerSpider][INFO]: 第88件商品的价格数据未发生改变
[2018-05-22 11:38:59,789][TBTrackerSpider][INFO]: 第88件商品的淘宝价格数据未发生改变
[2018-05-22 11:39:44,703][TBTrackerSpider][INFO]: 第89件商品的数据追踪成功
[2018-05-22 11:39:44,703][TBTrackerSpider][INFO]: 第89件商品的价格数据未发生改变
[2018-05-22 11:39:44,703][TBTrackerSpider][INFO]: 第89件商品的淘宝价格数据未发生改变
[2018-05-22 11:40:06,500][TBTrackerSpider][INFO]: 第90件商品的数据追踪成功
[2018-05-22 11:40:06,500][TBTrackerSpider][INFO]: 第90件商品的价格数据未发生改变
[2018-05-22 11:40:06,500][TBTrackerSpider][INFO]: 第90件商品的淘宝价格数据未发生改变
[2018-05-22 11:40:50,924][TBTrackerSpider][INFO]: 第91件商品的数据追踪成功
[2018-05-22 11:40:50,925][TBTrackerSpider][INFO]: 第91件商品的价格数据发生改变
[2018-05-22 11:40:51,020][TBTrackerSpider][INFO]: 第91件商品的淘宝价格数据未发生改变
[2018-05-22 11:41:13,955][TBTrackerSpider][INFO]: 第92件商品的数据追踪成功
[2018-05-22 11:41:13,955][TBTrackerSpider][INFO]: 第92件商品的价格数据发生改变
[2018-05-22 11:41:14,031][TBTrackerSpider][INFO]: 第92件商品的淘宝价格数据未发生改变
[2018-05-22 11:41:56,395][TBTrackerSpider][INFO]: 第93件商品的数据追踪成功
[2018-05-22 11:41:56,395][TBTrackerSpider][INFO]: 第93件商品的价格数据未发生改变
[2018-05-22 11:41:56,395][TBTrackerSpider][INFO]: 第93件商品的淘宝价格数据未发生改变
[2018-05-22 11:42:17,551][TBTrackerSpider][INFO]: 第94件商品的数据追踪成功
[2018-05-22 11:42:17,551][TBTrackerSpider][INFO]: 第94件商品的价格数据未发生改变
[2018-05-22 11:42:17,551][TBTrackerSpider][INFO]: 第94件商品的淘宝价格数据未发生改变
[2018-05-22 11:43:02,444][TBTrackerSpider][INFO]: 第95件商品的数据追踪成功
[2018-05-22 11:43:02,444][TBTrackerSpider][INFO]: 第95件商品的价格数据发生改变
[2018-05-22 11:43:02,518][TBTrackerSpider][INFO]: 第95件商品的淘宝价格数据未发生改变
[2018-05-22 11:43:45,708][TBTrackerSpider][INFO]: 第96件商品的数据追踪成功
[2018-05-22 11:43:45,709][TBTrackerSpider][INFO]: 第96件商品的价格数据发生改变
[2018-05-22 11:43:45,781][TBTrackerSpider][INFO]: 第96件商品的淘宝价格数据未发生改变
[2018-05-22 11:44:06,444][TBTrackerSpider][INFO]: 第97件商品的数据追踪成功
[2018-05-22 11:44:06,444][TBTrackerSpider][INFO]: 第97件商品的价格数据未发生改变
[2018-05-22 11:44:06,444][TBTrackerSpider][INFO]: 第97件商品的淘宝价格数据未发生改变
[2018-05-22 11:44:51,290][TBTrackerSpider][INFO]: 第98件商品的数据追踪成功
[2018-05-22 11:44:51,290][TBTrackerSpider][INFO]: 第98件商品的价格数据未发生改变
[2018-05-22 11:44:51,291][TBTrackerSpider][INFO]: 第98件商品的淘宝价格数据未发生改变
[2018-05-22 11:45:12,482][TBTrackerSpider][INFO]: 第99件商品的数据追踪成功
[2018-05-22 11:45:12,482][TBTrackerSpider][INFO]: 第99件商品的价格数据发生改变
[2018-05-22 11:45:12,566][TBTrackerSpider][INFO]: 第99件商品的淘宝价格数据未发生改变
[2018-05-22 11:45:35,152][TBTrackerSpider][INFO]: 第100件商品的数据追踪成功
[2018-05-22 11:45:35,152][TBTrackerSpider][INFO]: 第100件商品的价格数据发生改变
[2018-05-22 11:45:35,235][TBTrackerSpider][INFO]: 第100件商品的淘宝价格数据未发生改变
[2018-05-22 11:45:57,618][TBTrackerSpider][INFO]: 第101件商品的数据追踪成功
[2018-05-22 11:45:57,619][TBTrackerSpider][INFO]: 第101件商品的价格数据未发生改变
[2018-05-22 11:45:57,619][TBTrackerSpider][INFO]: 第101件商品的淘宝价格数据未发生改变
[2018-05-22 11:46:20,295][TBTrackerSpider][INFO]: 第102件商品的数据追踪成功
[2018-05-22 11:46:20,295][TBTrackerSpider][INFO]: 第102件商品的价格数据发生改变
[2018-05-22 11:46:20,390][TBTrackerSpider][INFO]: 第102件商品的淘宝价格数据未发生改变
[2018-05-22 11:47:01,744][TBTrackerSpider][INFO]: 第103件商品的数据追踪成功
[2018-05-22 11:47:01,745][TBTrackerSpider][INFO]: 第103件商品的价格数据未发生改变
[2018-05-22 11:47:01,745][TBTrackerSpider][INFO]: 第103件商品的淘宝价格数据未发生改变
[2018-05-22 11:47:23,556][TBTrackerSpider][INFO]: 第104件商品的数据追踪成功
[2018-05-22 11:47:23,557][TBTrackerSpider][INFO]: 第104件商品的价格数据发生改变
[2018-05-22 11:47:23,638][TBTrackerSpider][INFO]: 第104件商品的淘宝价格数据未发生改变
[2018-05-22 11:48:05,488][TBTrackerSpider][INFO]: 第105件商品的数据追踪成功
[2018-05-22 11:48:05,488][TBTrackerSpider][INFO]: 第105件商品的价格数据未发生改变
[2018-05-22 11:48:05,489][TBTrackerSpider][INFO]: 第105件商品的淘宝价格数据未发生改变
[2018-05-22 11:48:26,212][TBTrackerSpider][INFO]: 第106件商品的数据追踪成功
[2018-05-22 11:48:26,212][TBTrackerSpider][INFO]: 第106件商品的价格数据发生改变
[2018-05-22 11:48:26,286][TBTrackerSpider][INFO]: 第106件商品的淘宝价格数据未发生改变
[2018-05-22 11:49:08,667][TBTrackerSpider][INFO]: 第107件商品的数据追踪成功
[2018-05-22 11:49:08,667][TBTrackerSpider][INFO]: 第107件商品的价格数据未发生改变
[2018-05-22 11:49:08,668][TBTrackerSpider][INFO]: 第107件商品的淘宝价格数据未发生改变
[2018-05-22 11:49:49,760][TBTrackerSpider][INFO]: 第108件商品的数据追踪成功
[2018-05-22 11:49:49,761][TBTrackerSpider][INFO]: 第108件商品的价格数据未发生改变
[2018-05-22 11:49:49,761][TBTrackerSpider][INFO]: 第108件商品的淘宝价格数据未发生改变
[2018-05-22 11:50:34,083][TBTrackerSpider][INFO]: 第109件商品的数据追踪成功
[2018-05-22 11:50:34,083][TBTrackerSpider][INFO]: 第109件商品的价格数据发生改变
[2018-05-22 11:50:34,173][TBTrackerSpider][INFO]: 第109件商品的淘宝价格数据未发生改变
[2018-05-22 11:51:19,394][TBTrackerSpider][INFO]: 第110件商品的数据追踪成功
[2018-05-22 11:51:19,395][TBTrackerSpider][INFO]: 第110件商品的价格数据未发生改变
[2018-05-22 11:51:19,395][TBTrackerSpider][INFO]: 第110件商品的淘宝价格数据未发生改变
[2018-05-22 11:51:41,611][TBTrackerSpider][INFO]: 第111件商品的数据追踪成功
[2018-05-22 11:51:41,611][TBTrackerSpider][INFO]: 第111件商品的价格数据发生改变
[2018-05-22 11:51:41,704][TBTrackerSpider][INFO]: 第111件商品的淘宝价格数据未发生改变
[2018-05-22 11:52:04,370][TBTrackerSpider][INFO]: 第112件商品的数据追踪成功
[2018-05-22 11:52:04,370][TBTrackerSpider][INFO]: 第112件商品的价格数据发生改变
[2018-05-22 11:52:04,582][TBTrackerSpider][INFO]: 第112件商品的淘宝价格数据未发生改变
[2018-05-22 11:52:26,645][TBTrackerSpider][INFO]: 第113件商品的数据追踪成功
[2018-05-22 11:52:26,646][TBTrackerSpider][INFO]: 第113件商品的价格数据未发生改变
[2018-05-22 11:52:26,646][TBTrackerSpider][INFO]: 第113件商品的淘宝价格数据未发生改变
[2018-05-22 11:52:47,563][TBTrackerSpider][INFO]: 第114件商品的数据追踪成功
[2018-05-22 11:52:47,564][TBTrackerSpider][INFO]: 第114件商品的价格数据发生改变
[2018-05-22 11:52:47,628][TBTrackerSpider][INFO]: 第114件商品的淘宝价格数据未发生改变
[2018-05-22 11:53:08,706][TBTrackerSpider][INFO]: 第115件商品的数据追踪成功
[2018-05-22 11:53:08,707][TBTrackerSpider][INFO]: 第115件商品的价格数据未发生改变
[2018-05-22 11:53:08,707][TBTrackerSpider][INFO]: 第115件商品的淘宝价格数据未发生改变
[2018-05-22 11:53:29,589][TBTrackerSpider][INFO]: 第116件商品的数据追踪成功
[2018-05-22 11:53:29,589][TBTrackerSpider][INFO]: 第116件商品的价格数据发生改变
[2018-05-22 11:53:29,665][TBTrackerSpider][INFO]: 第116件商品的淘宝价格数据未发生改变
[2018-05-22 11:54:13,453][TBTrackerSpider][INFO]: 第117件商品的数据追踪成功
[2018-05-22 11:54:13,453][TBTrackerSpider][INFO]: 第117件商品的价格数据发生改变
[2018-05-22 11:54:13,528][TBTrackerSpider][INFO]: 第117件商品的淘宝价格数据未发生改变
[2018-05-22 11:54:34,947][TBTrackerSpider][INFO]: 第118件商品的数据追踪成功
[2018-05-22 11:54:34,947][TBTrackerSpider][INFO]: 第118件商品的价格数据发生改变
[2018-05-22 11:54:35,030][TBTrackerSpider][INFO]: 第118件商品的淘宝价格数据未发生改变
[2018-05-22 11:54:57,512][TBTrackerSpider][INFO]: 第119件商品的数据追踪成功
[2018-05-22 11:54:57,512][TBTrackerSpider][INFO]: 第119件商品的价格数据发生改变
[2018-05-22 11:54:57,582][TBTrackerSpider][INFO]: 第119件商品的淘宝价格数据未发生改变
[2018-05-22 11:55:19,949][TBTrackerSpider][INFO]: 第120件商品的数据追踪成功
[2018-05-22 11:55:19,949][TBTrackerSpider][INFO]: 第120件商品的价格数据发生改变
[2018-05-22 11:55:20,034][TBTrackerSpider][INFO]: 第120件商品的淘宝价格数据未发生改变
[2018-05-22 11:56:01,143][TBTrackerSpider][INFO]: 第121件商品的数据追踪成功
[2018-05-22 11:56:01,143][TBTrackerSpider][INFO]: 第121件商品的价格数据未发生改变
[2018-05-22 11:56:01,143][TBTrackerSpider][INFO]: 第121件商品的淘宝价格数据未发生改变
[2018-05-22 11:56:22,177][TBTrackerSpider][INFO]: 第122件商品的数据追踪成功
[2018-05-22 11:56:22,178][TBTrackerSpider][INFO]: 第122件商品的价格数据发生改变
[2018-05-22 11:56:22,249][TBTrackerSpider][INFO]: 第122件商品的淘宝价格数据未发生改变
[2018-05-22 11:56:42,916][TBTrackerSpider][INFO]: 第123件商品的数据追踪成功
[2018-05-22 11:56:42,917][TBTrackerSpider][INFO]: 第123件商品的价格数据未发生改变
[2018-05-22 11:56:42,917][TBTrackerSpider][INFO]: 第123件商品的淘宝价格数据未发生改变
[2018-05-22 11:57:03,825][TBTrackerSpider][INFO]: 第124件商品的数据追踪成功
[2018-05-22 11:57:03,826][TBTrackerSpider][INFO]: 第124件商品的价格数据发生改变
[2018-05-22 11:57:03,895][TBTrackerSpider][INFO]: 第124件商品的淘宝价格数据未发生改变
[2018-05-22 11:57:24,836][TBTrackerSpider][INFO]: 第125件商品的数据追踪成功
[2018-05-22 11:57:24,836][TBTrackerSpider][INFO]: 第125件商品的价格数据未发生改变
[2018-05-22 11:57:24,836][TBTrackerSpider][INFO]: 第125件商品的淘宝价格数据未发生改变
[2018-05-22 11:58:08,084][TBTrackerSpider][INFO]: 第126件商品的数据追踪成功
[2018-05-22 11:58:08,085][TBTrackerSpider][INFO]: 第126件商品的价格数据未发生改变
[2018-05-22 11:58:08,085][TBTrackerSpider][INFO]: 第126件商品的淘宝价格数据未发生改变
[2018-05-22 11:58:29,809][TBTrackerSpider][INFO]: 第127件商品的数据追踪成功
[2018-05-22 11:58:29,809][TBTrackerSpider][INFO]: 第127件商品的价格数据发生改变
[2018-05-22 11:58:29,887][TBTrackerSpider][INFO]: 第127件商品的淘宝价格数据未发生改变
[2018-05-22 11:58:52,246][TBTrackerSpider][INFO]: 第128件商品的数据追踪成功
[2018-05-22 11:58:52,246][TBTrackerSpider][INFO]: 第128件商品的价格数据发生改变
[2018-05-22 11:58:52,314][TBTrackerSpider][INFO]: 第128件商品的淘宝价格数据未发生改变
[2018-05-22 11:59:35,699][TBTrackerSpider][INFO]: 第129件商品的数据追踪成功
[2018-05-22 11:59:35,700][TBTrackerSpider][INFO]: 第129件商品的价格数据发生改变
[2018-05-22 11:59:35,777][TBTrackerSpider][INFO]: 第129件商品的淘宝价格数据未发生改变
[2018-05-22 12:00:17,908][TBTrackerSpider][INFO]: 第130件商品的数据追踪成功
[2018-05-22 12:00:17,909][TBTrackerSpider][INFO]: 第130件商品的价格数据未发生改变
[2018-05-22 12:00:17,909][TBTrackerSpider][INFO]: 第130件商品的淘宝价格数据未发生改变
[2018-05-22 12:00:38,668][TBTrackerSpider][INFO]: 第131件商品的数据追踪成功
[2018-05-22 12:00:38,668][TBTrackerSpider][INFO]: 第131件商品的价格数据未发生改变
[2018-05-22 12:00:38,668][TBTrackerSpider][INFO]: 第131件商品的淘宝价格数据未发生改变
[2018-05-22 12:01:20,148][TBTrackerSpider][INFO]: 第132件商品的数据追踪成功
[2018-05-22 12:01:20,148][TBTrackerSpider][INFO]: 第132件商品的价格数据未发生改变
[2018-05-22 12:01:20,148][TBTrackerSpider][INFO]: 第132件商品的淘宝价格数据未发生改变
[2018-05-22 12:01:41,307][TBTrackerSpider][INFO]: 第133件商品的数据追踪成功
[2018-05-22 12:01:41,307][TBTrackerSpider][INFO]: 第133件商品的价格数据未发生改变
[2018-05-22 12:01:41,307][TBTrackerSpider][INFO]: 第133件商品的淘宝价格数据未发生改变
[2018-05-22 12:02:03,118][TBTrackerSpider][INFO]: 第134件商品的数据追踪成功
[2018-05-22 12:02:03,118][TBTrackerSpider][INFO]: 第134件商品的价格数据未发生改变
[2018-05-22 12:02:03,119][TBTrackerSpider][INFO]: 第134件商品的淘宝价格数据未发生改变
[2018-05-22 12:02:24,503][TBTrackerSpider][INFO]: 第135件商品的数据追踪成功
[2018-05-22 12:02:24,503][TBTrackerSpider][INFO]: 第135件商品的价格数据未发生改变
[2018-05-22 12:02:24,503][TBTrackerSpider][INFO]: 第135件商品的淘宝价格数据未发生改变
[2018-05-22 12:02:47,057][TBTrackerSpider][INFO]: 第136件商品的数据追踪成功
[2018-05-22 12:02:47,057][TBTrackerSpider][INFO]: 第136件商品的价格数据未发生改变
[2018-05-22 12:02:47,057][TBTrackerSpider][INFO]: 第136件商品的淘宝价格数据发生改变
[2018-05-22 12:03:08,297][TBTrackerSpider][INFO]: 第137件商品的数据追踪成功
[2018-05-22 12:03:08,297][TBTrackerSpider][INFO]: 第137件商品的价格数据未发生改变
[2018-05-22 12:03:08,297][TBTrackerSpider][INFO]: 第137件商品的淘宝价格数据未发生改变
[2018-05-22 12:03:50,064][TBTrackerSpider][INFO]: 第138件商品的数据追踪成功
[2018-05-22 12:03:50,064][TBTrackerSpider][INFO]: 第138件商品的价格数据未发生改变
[2018-05-22 12:03:50,064][TBTrackerSpider][INFO]: 第138件商品的淘宝价格数据未发生改变
[2018-05-22 12:04:12,520][TBTrackerSpider][INFO]: 第139件商品的数据追踪成功
[2018-05-22 12:04:12,520][TBTrackerSpider][INFO]: 第139件商品的价格数据未发生改变
[2018-05-22 12:04:12,520][TBTrackerSpider][INFO]: 第139件商品的淘宝价格数据未发生改变
[2018-05-22 12:04:34,746][TBTrackerSpider][INFO]: 第140件商品的数据追踪成功
[2018-05-22 12:04:34,746][TBTrackerSpider][INFO]: 第140件商品的价格数据未发生改变
[2018-05-22 12:04:34,746][TBTrackerSpider][INFO]: 第140件商品的淘宝价格数据未发生改变
[2018-05-22 12:05:17,414][TBTrackerSpider][INFO]: 第141件商品的数据追踪成功
[2018-05-22 12:05:17,415][TBTrackerSpider][INFO]: 第141件商品的价格数据未发生改变
[2018-05-22 12:05:17,415][TBTrackerSpider][INFO]: 第141件商品的淘宝价格数据未发生改变
[2018-05-22 12:05:39,669][TBTrackerSpider][INFO]: 第142件商品的数据追踪成功
[2018-05-22 12:05:39,669][TBTrackerSpider][INFO]: 第142件商品的价格数据未发生改变
[2018-05-22 12:05:39,669][TBTrackerSpider][INFO]: 第142件商品的淘宝价格数据未发生改变
[2018-05-22 12:06:00,542][TBTrackerSpider][INFO]: 第143件商品的数据追踪成功
[2018-05-22 12:06:00,543][TBTrackerSpider][INFO]: 第143件商品的价格数据未发生改变
[2018-05-22 12:06:00,543][TBTrackerSpider][INFO]: 第143件商品的淘宝价格数据未发生改变
[2018-05-22 12:06:22,366][TBTrackerSpider][INFO]: 第144件商品的数据追踪成功
[2018-05-22 12:06:22,366][TBTrackerSpider][INFO]: 第144件商品的价格数据发生改变
[2018-05-22 12:06:22,444][TBTrackerSpider][INFO]: 第144件商品的淘宝价格数据未发生改变
[2018-05-22 12:07:07,338][TBTrackerSpider][INFO]: 第145件商品的数据追踪成功
[2018-05-22 12:07:07,338][TBTrackerSpider][INFO]: 第145件商品的价格数据发生改变
[2018-05-22 12:07:07,416][TBTrackerSpider][INFO]: 第145件商品的淘宝价格数据未发生改变
[2018-05-22 12:07:28,143][TBTrackerSpider][INFO]: 第146件商品的数据追踪成功
[2018-05-22 12:07:28,143][TBTrackerSpider][INFO]: 第146件商品的价格数据未发生改变
[2018-05-22 12:07:28,143][TBTrackerSpider][INFO]: 第146件商品的淘宝价格数据未发生改变
[2018-05-22 12:08:09,839][TBTrackerSpider][INFO]: 第147件商品的数据追踪成功
[2018-05-22 12:08:09,839][TBTrackerSpider][INFO]: 第147件商品的价格数据未发生改变
[2018-05-22 12:08:09,840][TBTrackerSpider][INFO]: 第147件商品的淘宝价格数据未发生改变
[2018-05-22 12:08:31,119][TBTrackerSpider][INFO]: 第148件商品的数据追踪成功
[2018-05-22 12:08:31,119][TBTrackerSpider][INFO]: 第148件商品的价格数据发生改变
[2018-05-22 12:08:31,200][TBTrackerSpider][INFO]: 第148件商品的淘宝价格数据未发生改变
[2018-05-22 12:08:52,954][TBTrackerSpider][INFO]: 第149件商品的数据追踪成功
[2018-05-22 12:08:52,955][TBTrackerSpider][INFO]: 第149件商品的价格数据发生改变
[2018-05-22 12:08:53,027][TBTrackerSpider][INFO]: 第149件商品的淘宝价格数据未发生改变
[2018-05-22 12:09:36,241][TBTrackerSpider][INFO]: 第150件商品的数据追踪成功
[2018-05-22 12:09:36,241][TBTrackerSpider][INFO]: 第150件商品的价格数据未发生改变
[2018-05-22 12:09:36,241][TBTrackerSpider][INFO]: 第150件商品的淘宝价格数据未发生改变
[2018-05-22 12:09:58,591][TBTrackerSpider][INFO]: 第151件商品的数据追踪成功
[2018-05-22 12:09:58,591][TBTrackerSpider][INFO]: 第151件商品的价格数据发生改变
[2018-05-22 12:09:58,684][TBTrackerSpider][INFO]: 第151件商品的淘宝价格数据未发生改变
[2018-05-22 12:10:42,071][TBTrackerSpider][INFO]: 第152件商品的数据追踪成功
[2018-05-22 12:10:42,072][TBTrackerSpider][INFO]: 第152件商品的价格数据未发生改变
[2018-05-22 12:10:42,072][TBTrackerSpider][INFO]: 第152件商品的淘宝价格数据未发生改变
[2018-05-22 12:11:26,633][TBTrackerSpider][INFO]: 第153件商品的数据追踪成功
[2018-05-22 12:11:26,633][TBTrackerSpider][INFO]: 第153件商品的价格数据未发生改变
[2018-05-22 12:11:26,633][TBTrackerSpider][INFO]: 第153件商品的淘宝价格数据未发生改变
[2018-05-22 12:11:47,807][TBTrackerSpider][INFO]: 第154件商品的数据追踪成功
[2018-05-22 12:11:47,807][TBTrackerSpider][INFO]: 第154件商品的价格数据未发生改变
[2018-05-22 12:11:47,807][TBTrackerSpider][INFO]: 第154件商品的淘宝价格数据未发生改变
[2018-05-22 12:12:30,073][TBTrackerSpider][INFO]: 第155件商品的数据追踪成功
[2018-05-22 12:12:30,073][TBTrackerSpider][INFO]: 第155件商品的价格数据未发生改变
[2018-05-22 12:12:30,074][TBTrackerSpider][INFO]: 第155件商品的淘宝价格数据未发生改变
[2018-05-22 12:13:11,217][TBTrackerSpider][INFO]: 第156件商品的数据追踪成功
[2018-05-22 12:13:11,217][TBTrackerSpider][INFO]: 第156件商品的价格数据未发生改变
[2018-05-22 12:13:11,218][TBTrackerSpider][INFO]: 第156件商品的淘宝价格数据未发生改变
[2018-05-22 12:13:53,755][TBTrackerSpider][INFO]: 第157件商品的数据追踪成功
[2018-05-22 12:13:53,755][TBTrackerSpider][INFO]: 第157件商品的价格数据未发生改变
[2018-05-22 12:13:53,756][TBTrackerSpider][INFO]: 第157件商品的淘宝价格数据未发生改变
[2018-05-22 12:14:35,432][TBTrackerSpider][INFO]: 第158件商品的数据追踪成功
[2018-05-22 12:14:35,433][TBTrackerSpider][INFO]: 第158件商品的价格数据发生改变
[2018-05-22 12:14:35,505][TBTrackerSpider][INFO]: 第158件商品的淘宝价格数据未发生改变
[2018-05-22 12:14:57,075][TBTrackerSpider][INFO]: 第159件商品的数据追踪成功
[2018-05-22 12:14:57,075][TBTrackerSpider][INFO]: 第159件商品的价格数据发生改变
[2018-05-22 12:14:57,157][TBTrackerSpider][INFO]: 第159件商品的淘宝价格数据未发生改变
[2018-05-22 12:15:40,859][TBTrackerSpider][INFO]: 第160件商品的数据追踪成功
[2018-05-22 12:15:40,859][TBTrackerSpider][INFO]: 第160件商品的价格数据未发生改变
[2018-05-22 12:15:40,859][TBTrackerSpider][INFO]: 第160件商品的淘宝价格数据未发生改变
[2018-05-22 12:16:02,632][TBTrackerSpider][INFO]: 第161件商品的数据追踪成功
[2018-05-22 12:16:02,633][TBTrackerSpider][INFO]: 第161件商品的价格数据未发生改变
[2018-05-22 12:16:02,633][TBTrackerSpider][INFO]: 第161件商品的淘宝价格数据未发生改变
[2018-05-22 12:16:45,226][TBTrackerSpider][INFO]: 第162件商品的数据追踪成功
[2018-05-22 12:16:45,226][TBTrackerSpider][INFO]: 第162件商品的价格数据未发生改变
[2018-05-22 12:16:45,227][TBTrackerSpider][INFO]: 第162件商品的淘宝价格数据未发生改变
[2018-05-22 12:17:07,281][TBTrackerSpider][INFO]: 第163件商品的数据追踪成功
[2018-05-22 12:17:07,281][TBTrackerSpider][INFO]: 第163件商品的价格数据发生改变
[2018-05-22 12:17:07,338][TBTrackerSpider][INFO]: 第163件商品的淘宝价格数据未发生改变
[2018-05-22 12:17:29,371][TBTrackerSpider][INFO]: 第164件商品的数据追踪成功
[2018-05-22 12:17:29,371][TBTrackerSpider][INFO]: 第164件商品的价格数据未发生改变
[2018-05-22 12:17:29,371][TBTrackerSpider][INFO]: 第164件商品的淘宝价格数据未发生改变
[2018-05-22 12:18:14,412][TBTrackerSpider][INFO]: 第165件商品的数据追踪成功
[2018-05-22 12:18:14,413][TBTrackerSpider][INFO]: 第165件商品的价格数据发生改变
[2018-05-22 12:18:14,495][TBTrackerSpider][INFO]: 第165件商品的淘宝价格数据未发生改变
[2018-05-22 12:18:55,974][TBTrackerSpider][INFO]: 第166件商品的数据追踪成功
[2018-05-22 12:18:55,974][TBTrackerSpider][INFO]: 第166件商品的价格数据未发生改变
[2018-05-22 12:18:55,974][TBTrackerSpider][INFO]: 第166件商品的淘宝价格数据未发生改变
[2018-05-22 12:19:37,799][TBTrackerSpider][INFO]: 第167件商品的数据追踪成功
[2018-05-22 12:19:37,800][TBTrackerSpider][INFO]: 第167件商品的价格数据未发生改变
[2018-05-22 12:19:37,800][TBTrackerSpider][INFO]: 第167件商品的淘宝价格数据未发生改变
[2018-05-22 12:20:21,401][TBTrackerSpider][INFO]: 第168件商品的数据追踪成功
[2018-05-22 12:20:21,401][TBTrackerSpider][INFO]: 第168件商品的价格数据未发生改变
[2018-05-22 12:20:21,401][TBTrackerSpider][INFO]: 第168件商品的淘宝价格数据未发生改变
[2018-05-22 12:20:42,173][TBTrackerSpider][INFO]: 第169件商品的数据追踪成功
[2018-05-22 12:20:42,173][TBTrackerSpider][INFO]: 第169件商品的价格数据未发生改变
[2018-05-22 12:20:42,173][TBTrackerSpider][INFO]: 第169件商品的淘宝价格数据未发生改变
[2018-05-22 12:21:03,135][TBTrackerSpider][INFO]: 第170件商品的数据追踪成功
[2018-05-22 12:21:03,135][TBTrackerSpider][INFO]: 第170件商品的价格数据发生改变
[2018-05-22 12:21:03,213][TBTrackerSpider][INFO]: 第170件商品的淘宝价格数据未发生改变
[2018-05-22 12:21:46,873][TBTrackerSpider][INFO]: 第171件商品的数据追踪成功
[2018-05-22 12:21:46,874][TBTrackerSpider][INFO]: 第171件商品的价格数据未发生改变
[2018-05-22 12:21:46,874][TBTrackerSpider][INFO]: 第171件商品的淘宝价格数据未发生改变
[2018-05-22 12:22:31,271][TBTrackerSpider][INFO]: 第172件商品的数据追踪成功
[2018-05-22 12:22:31,271][TBTrackerSpider][INFO]: 第172件商品的价格数据未发生改变
[2018-05-22 12:22:31,271][TBTrackerSpider][INFO]: 第172件商品的淘宝价格数据未发生改变
[2018-05-22 12:22:53,980][TBTrackerSpider][INFO]: 第173件商品的数据追踪成功
[2018-05-22 12:22:53,980][TBTrackerSpider][INFO]: 第173件商品的价格数据发生改变
[2018-05-22 12:22:54,049][TBTrackerSpider][INFO]: 第173件商品的淘宝价格数据未发生改变
[2018-05-22 12:23:15,776][TBTrackerSpider][INFO]: 第174件商品的数据追踪成功
[2018-05-22 12:23:15,776][TBTrackerSpider][INFO]: 第174件商品的价格数据发生改变
[2018-05-22 12:23:15,868][TBTrackerSpider][INFO]: 第174件商品的淘宝价格数据发生改变
[2018-05-22 12:24:00,891][TBTrackerSpider][INFO]: 第175件商品的数据追踪成功
[2018-05-22 12:24:00,891][TBTrackerSpider][INFO]: 第175件商品的价格数据发生改变
[2018-05-22 12:24:00,964][TBTrackerSpider][INFO]: 第175件商品的淘宝价格数据未发生改变
[2018-05-22 12:24:44,382][TBTrackerSpider][INFO]: 第176件商品的数据追踪成功
[2018-05-22 12:24:44,382][TBTrackerSpider][INFO]: 第176件商品的价格数据未发生改变
[2018-05-22 12:24:44,382][TBTrackerSpider][INFO]: 第176件商品的淘宝价格数据未发生改变
[2018-05-22 12:25:05,358][TBTrackerSpider][INFO]: 第177件商品的数据追踪成功
[2018-05-22 12:25:05,358][TBTrackerSpider][INFO]: 第177件商品的价格数据发生改变
[2018-05-22 12:25:05,454][TBTrackerSpider][INFO]: 第177件商品的淘宝价格数据未发生改变
[2018-05-22 12:25:26,446][TBTrackerSpider][INFO]: 第178件商品的数据追踪成功
[2018-05-22 12:25:26,446][TBTrackerSpider][INFO]: 第178件商品的价格数据未发生改变
[2018-05-22 12:25:26,446][TBTrackerSpider][INFO]: 第178件商品的淘宝价格数据未发生改变
[2018-05-22 12:26:08,407][TBTrackerSpider][INFO]: 第179件商品的数据追踪成功
[2018-05-22 12:26:08,407][TBTrackerSpider][INFO]: 第179件商品的价格数据未发生改变
[2018-05-22 12:26:08,408][TBTrackerSpider][INFO]: 第179件商品的淘宝价格数据未发生改变
[2018-05-22 12:26:51,430][TBTrackerSpider][INFO]: 第180件商品的数据追踪成功
[2018-05-22 12:26:51,430][TBTrackerSpider][INFO]: 第180件商品的价格数据未发生改变
[2018-05-22 12:26:51,430][TBTrackerSpider][INFO]: 第180件商品的淘宝价格数据未发生改变
[2018-05-22 12:27:12,695][TBTrackerSpider][INFO]: 第181件商品的数据追踪成功
[2018-05-22 12:27:12,695][TBTrackerSpider][INFO]: 第181件商品的价格数据发生改变
[2018-05-22 12:27:12,758][TBTrackerSpider][INFO]: 第181件商品的淘宝价格数据未发生改变
[2018-05-22 12:27:57,538][TBTrackerSpider][INFO]: 第182件商品的数据追踪成功
[2018-05-22 12:27:57,539][TBTrackerSpider][INFO]: 第182件商品的价格数据未发生改变
[2018-05-22 12:27:57,539][TBTrackerSpider][INFO]: 第182件商品的淘宝价格数据未发生改变
[2018-05-22 12:28:20,173][TBTrackerSpider][INFO]: 第183件商品的数据追踪成功
[2018-05-22 12:28:20,173][TBTrackerSpider][INFO]: 第183件商品的价格数据发生改变
[2018-05-22 12:28:20,315][TBTrackerSpider][INFO]: 第183件商品的淘宝价格数据未发生改变
[2018-05-22 12:29:02,060][TBTrackerSpider][INFO]: 第184件商品的数据追踪成功
[2018-05-22 12:29:02,061][TBTrackerSpider][INFO]: 第184件商品的价格数据未发生改变
[2018-05-22 12:29:02,061][TBTrackerSpider][INFO]: 第184件商品的淘宝价格数据未发生改变
[2018-05-22 12:29:23,340][TBTrackerSpider][INFO]: 第185件商品的数据追踪成功
[2018-05-22 12:29:23,340][TBTrackerSpider][INFO]: 第185件商品的价格数据未发生改变
[2018-05-22 12:29:23,340][TBTrackerSpider][INFO]: 第185件商品的淘宝价格数据未发生改变
[2018-05-22 12:30:06,948][TBTrackerSpider][INFO]: 第186件商品的数据追踪成功
[2018-05-22 12:30:06,948][TBTrackerSpider][INFO]: 第186件商品的价格数据未发生改变
[2018-05-22 12:30:06,948][TBTrackerSpider][INFO]: 第186件商品的淘宝价格数据未发生改变
[2018-05-22 12:30:30,073][TBTrackerSpider][INFO]: 第187件商品的数据追踪成功
[2018-05-22 12:30:30,073][TBTrackerSpider][INFO]: 第187件商品的价格数据未发生改变
[2018-05-22 12:30:30,073][TBTrackerSpider][INFO]: 第187件商品的淘宝价格数据未发生改变
[2018-05-22 12:30:52,744][TBTrackerSpider][INFO]: 第188件商品的数据追踪成功
[2018-05-22 12:30:52,744][TBTrackerSpider][INFO]: 第188件商品的价格数据发生改变
[2018-05-22 12:30:52,939][TBTrackerSpider][INFO]: 第188件商品的淘宝价格数据未发生改变
[2018-05-22 12:31:35,010][TBTrackerSpider][INFO]: 第189件商品的数据追踪成功
[2018-05-22 12:31:35,010][TBTrackerSpider][INFO]: 第189件商品的价格数据未发生改变
[2018-05-22 12:31:35,010][TBTrackerSpider][INFO]: 第189件商品的淘宝价格数据未发生改变
[2018-05-22 12:32:18,625][TBTrackerSpider][INFO]: 第190件商品的数据追踪成功
[2018-05-22 12:32:18,626][TBTrackerSpider][INFO]: 第190件商品的价格数据发生改变
[2018-05-22 12:32:18,740][TBTrackerSpider][INFO]: 第190件商品的淘宝价格数据未发生改变
[2018-05-22 12:32:40,472][TBTrackerSpider][INFO]: 第191件商品的数据追踪成功
[2018-05-22 12:32:40,472][TBTrackerSpider][INFO]: 第191件商品的价格数据发生改变
[2018-05-22 12:32:40,592][TBTrackerSpider][INFO]: 第191件商品的淘宝价格数据未发生改变
[2018-05-22 12:33:22,792][TBTrackerSpider][INFO]: 第192件商品的数据追踪成功
[2018-05-22 12:33:22,792][TBTrackerSpider][INFO]: 第192件商品的价格数据未发生改变
[2018-05-22 12:33:22,792][TBTrackerSpider][INFO]: 第192件商品的淘宝价格数据未发生改变
[2018-05-22 12:34:05,161][TBTrackerSpider][INFO]: 第193件商品的数据追踪成功
[2018-05-22 12:34:05,162][TBTrackerSpider][INFO]: 第193件商品的价格数据未发生改变
[2018-05-22 12:34:05,162][TBTrackerSpider][INFO]: 第193件商品的淘宝价格数据未发生改变
[2018-05-22 12:34:48,162][TBTrackerSpider][INFO]: 第194件商品的数据追踪成功
[2018-05-22 12:34:48,162][TBTrackerSpider][INFO]: 第194件商品的价格数据未发生改变
[2018-05-22 12:34:48,162][TBTrackerSpider][INFO]: 第194件商品的淘宝价格数据未发生改变
[2018-05-22 12:35:09,961][TBTrackerSpider][INFO]: 第195件商品的数据追踪成功
[2018-05-22 12:35:09,962][TBTrackerSpider][INFO]: 第195件商品的价格数据未发生改变
[2018-05-22 12:35:09,962][TBTrackerSpider][INFO]: 第195件商品的淘宝价格数据未发生改变
[2018-05-22 12:35:34,090][TBTrackerSpider][INFO]: 第196件商品的数据追踪成功
[2018-05-22 12:35:34,090][TBTrackerSpider][INFO]: 第196件商品的价格数据未发生改变
[2018-05-22 12:35:34,090][TBTrackerSpider][INFO]: 第196件商品的淘宝价格数据未发生改变
[2018-05-22 12:36:19,274][TBTrackerSpider][INFO]: 第197件商品的数据追踪成功
[2018-05-22 12:36:19,274][TBTrackerSpider][INFO]: 第197件商品的价格数据发生改变
[2018-05-22 12:36:19,365][TBTrackerSpider][INFO]: 第197件商品的淘宝价格数据未发生改变
[2018-05-22 12:36:42,569][TBTrackerSpider][INFO]: 第198件商品的数据追踪成功
[2018-05-22 12:36:42,569][TBTrackerSpider][INFO]: 第198件商品的价格数据发生改变
[2018-05-22 12:36:42,650][TBTrackerSpider][INFO]: 第198件商品的淘宝价格数据发生改变
[2018-05-22 12:37:04,348][TBTrackerSpider][INFO]: 第199件商品的数据追踪成功
[2018-05-22 12:37:04,348][TBTrackerSpider][INFO]: 第199件商品的价格数据发生改变
[2018-05-22 12:37:04,411][TBTrackerSpider][INFO]: 第199件商品的淘宝价格数据未发生改变
[2018-05-22 12:37:46,921][TBTrackerSpider][INFO]: 第200件商品的数据追踪成功
[2018-05-22 12:37:46,949][TBTrackerSpider][INFO]: 第200件商品的价格数据未发生改变
[2018-05-22 12:37:46,949][TBTrackerSpider][INFO]: 第200件商品的淘宝价格数据未发生改变
[2018-05-22 12:38:31,124][TBTrackerSpider][INFO]: 第201件商品的数据追踪成功
[2018-05-22 12:38:31,124][TBTrackerSpider][INFO]: 第201件商品的价格数据未发生改变
[2018-05-22 12:38:31,124][TBTrackerSpider][INFO]: 第201件商品的淘宝价格数据未发生改变
[2018-05-22 12:38:54,480][TBTrackerSpider][INFO]: 第202件商品的数据追踪成功
[2018-05-22 12:38:54,480][TBTrackerSpider][INFO]: 第202件商品的价格数据发生改变
[2018-05-22 12:38:54,573][TBTrackerSpider][INFO]: 第202件商品的淘宝价格数据未发生改变
[2018-05-22 12:39:38,939][TBTrackerSpider][INFO]: 第203件商品的数据追踪成功
[2018-05-22 12:39:38,939][TBTrackerSpider][INFO]: 第203件商品的价格数据未发生改变
[2018-05-22 12:39:38,939][TBTrackerSpider][INFO]: 第203件商品的淘宝价格数据未发生改变
[2018-05-22 12:40:00,459][TBTrackerSpider][INFO]: 第204件商品的数据追踪成功
[2018-05-22 12:40:00,459][TBTrackerSpider][INFO]: 第204件商品的价格数据发生改变
[2018-05-22 12:40:00,513][TBTrackerSpider][INFO]: 第204件商品的淘宝价格数据发生改变
[2018-05-22 12:40:44,888][TBTrackerSpider][INFO]: 第205件商品的数据追踪成功
[2018-05-22 12:40:44,888][TBTrackerSpider][INFO]: 第205件商品的价格数据未发生改变
[2018-05-22 12:40:44,888][TBTrackerSpider][INFO]: 第205件商品的淘宝价格数据未发生改变
[2018-05-22 12:41:08,447][TBTrackerSpider][INFO]: 第206件商品的数据追踪成功
[2018-05-22 12:41:08,447][TBTrackerSpider][INFO]: 第206件商品的价格数据发生改变
[2018-05-22 12:41:08,570][TBTrackerSpider][INFO]: 第206件商品的淘宝价格数据发生改变
[2018-05-22 12:41:53,997][TBTrackerSpider][INFO]: 第207件商品的数据追踪成功
[2018-05-22 12:41:54,033][TBTrackerSpider][INFO]: 第207件商品的价格数据未发生改变
[2018-05-22 12:41:54,033][TBTrackerSpider][INFO]: 第207件商品的淘宝价格数据未发生改变
[2018-05-22 12:42:37,674][TBTrackerSpider][INFO]: 第208件商品的数据追踪成功
[2018-05-22 12:42:37,680][TBTrackerSpider][INFO]: 第208件商品的价格数据发生改变
[2018-05-22 12:42:38,068][TBTrackerSpider][INFO]: 第208件商品的淘宝价格数据未发生改变
[2018-05-22 12:43:22,456][TBTrackerSpider][INFO]: 第209件商品的数据追踪成功
[2018-05-22 12:43:22,476][TBTrackerSpider][INFO]: 第209件商品的价格数据未发生改变
[2018-05-22 12:43:22,476][TBTrackerSpider][INFO]: 第209件商品的淘宝价格数据未发生改变
[2018-05-22 12:43:44,848][TBTrackerSpider][INFO]: 第210件商品的数据追踪成功
[2018-05-22 12:43:44,848][TBTrackerSpider][INFO]: 第210件商品的价格数据发生改变
[2018-05-22 12:43:44,953][TBTrackerSpider][INFO]: 第210件商品的淘宝价格数据未发生改变
[2018-05-22 12:44:07,838][TBTrackerSpider][INFO]: 第211件商品的数据追踪成功
[2018-05-22 12:44:07,838][TBTrackerSpider][INFO]: 第211件商品的价格数据发生改变
[2018-05-22 12:44:07,989][TBTrackerSpider][INFO]: 第211件商品的淘宝价格数据未发生改变
[2018-05-22 12:44:51,741][TBTrackerSpider][INFO]: 第212件商品的数据追踪成功
[2018-05-22 12:44:51,778][TBTrackerSpider][INFO]: 第212件商品的价格数据未发生改变
[2018-05-22 12:44:51,778][TBTrackerSpider][INFO]: 第212件商品的淘宝价格数据未发生改变
[2018-05-22 12:45:37,340][TBTrackerSpider][INFO]: 第213件商品的数据追踪成功
[2018-05-22 12:45:37,340][TBTrackerSpider][INFO]: 第213件商品的价格数据未发生改变
[2018-05-22 12:45:37,340][TBTrackerSpider][INFO]: 第213件商品的淘宝价格数据未发生改变
[2018-05-22 12:46:21,408][TBTrackerSpider][INFO]: 第214件商品的数据追踪成功
[2018-05-22 12:46:21,420][TBTrackerSpider][INFO]: 第214件商品的价格数据发生改变
[2018-05-22 12:46:22,099][TBTrackerSpider][INFO]: 第214件商品的淘宝价格数据未发生改变
[2018-05-22 12:46:44,695][TBTrackerSpider][INFO]: 第215件商品的数据追踪成功
[2018-05-22 12:46:44,695][TBTrackerSpider][INFO]: 第215件商品的价格数据发生改变
[2018-05-22 12:46:44,763][TBTrackerSpider][INFO]: 第215件商品的淘宝价格数据发生改变
[2018-05-22 12:47:28,638][TBTrackerSpider][INFO]: 第216件商品的数据追踪成功
[2018-05-22 12:47:28,638][TBTrackerSpider][INFO]: 第216件商品的价格数据未发生改变
[2018-05-22 12:47:28,638][TBTrackerSpider][INFO]: 第216件商品的淘宝价格数据未发生改变
[2018-05-22 12:47:51,026][TBTrackerSpider][INFO]: 第217件商品的数据追踪成功
[2018-05-22 12:47:51,026][TBTrackerSpider][INFO]: 第217件商品的价格数据发生改变
[2018-05-22 12:47:51,121][TBTrackerSpider][INFO]: 第217件商品的淘宝价格数据发生改变
[2018-05-22 12:48:12,786][TBTrackerSpider][INFO]: 第218件商品的数据追踪成功
[2018-05-22 12:48:12,787][TBTrackerSpider][INFO]: 第218件商品的价格数据发生改变
[2018-05-22 12:48:12,848][TBTrackerSpider][INFO]: 第218件商品的淘宝价格数据未发生改变
[2018-05-22 12:48:54,998][TBTrackerSpider][INFO]: 第219件商品的数据追踪成功
[2018-05-22 12:48:54,998][TBTrackerSpider][INFO]: 第219件商品的价格数据未发生改变
[2018-05-22 12:48:54,998][TBTrackerSpider][INFO]: 第219件商品的淘宝价格数据未发生改变
[2018-05-22 12:49:37,896][TBTrackerSpider][INFO]: 第220件商品的数据追踪成功
[2018-05-22 12:49:37,896][TBTrackerSpider][INFO]: 第220件商品的价格数据未发生改变
[2018-05-22 12:49:37,896][TBTrackerSpider][INFO]: 第220件商品的淘宝价格数据未发生改变
[2018-05-22 12:50:23,610][TBTrackerSpider][INFO]: 第221件商品的数据追踪成功
[2018-05-22 12:50:23,654][TBTrackerSpider][INFO]: 第221件商品的价格数据发生改变
[2018-05-22 12:50:23,912][TBTrackerSpider][INFO]: 第221件商品的淘宝价格数据未发生改变
[2018-05-22 12:50:47,568][TBTrackerSpider][INFO]: 第222件商品的数据追踪成功
[2018-05-22 12:50:47,568][TBTrackerSpider][INFO]: 第222件商品的价格数据未发生改变
[2018-05-22 12:50:47,568][TBTrackerSpider][INFO]: 第222件商品的淘宝价格数据未发生改变
[2018-05-22 12:51:31,120][TBTrackerSpider][INFO]: 第223件商品的数据追踪成功
[2018-05-22 12:51:31,120][TBTrackerSpider][INFO]: 第223件商品的价格数据发生改变
[2018-05-22 12:51:31,186][TBTrackerSpider][INFO]: 第223件商品的淘宝价格数据未发生改变
[2018-05-22 12:52:13,909][TBTrackerSpider][INFO]: 第224件商品的数据追踪成功
[2018-05-22 12:52:13,909][TBTrackerSpider][INFO]: 第224件商品的价格数据未发生改变
[2018-05-22 12:52:13,909][TBTrackerSpider][INFO]: 第224件商品的淘宝价格数据未发生改变
[2018-05-22 12:52:59,861][TBTrackerSpider][INFO]: 第225件商品的数据追踪成功
[2018-05-22 12:52:59,884][TBTrackerSpider][INFO]: 第225件商品的价格数据未发生改变
[2018-05-22 12:52:59,884][TBTrackerSpider][INFO]: 第225件商品的淘宝价格数据未发生改变
[2018-05-22 12:53:22,946][TBTrackerSpider][INFO]: 第226件商品的数据追踪成功
[2018-05-22 12:53:22,946][TBTrackerSpider][INFO]: 第226件商品的价格数据未发生改变
[2018-05-22 12:53:22,946][TBTrackerSpider][INFO]: 第226件商品的淘宝价格数据未发生改变
[2018-05-22 12:53:44,692][TBTrackerSpider][INFO]: 第227件商品的数据追踪成功
[2018-05-22 12:53:44,708][TBTrackerSpider][INFO]: 第227件商品的价格数据发生改变
[2018-05-22 12:53:45,371][TBTrackerSpider][INFO]: 第227件商品的淘宝价格数据发生改变
[2018-05-22 12:54:30,066][TBTrackerSpider][INFO]: 第228件商品的数据追踪成功
[2018-05-22 12:54:30,067][TBTrackerSpider][INFO]: 第228件商品的价格数据未发生改变
[2018-05-22 12:54:30,067][TBTrackerSpider][INFO]: 第228件商品的淘宝价格数据未发生改变
[2018-05-22 12:54:51,575][TBTrackerSpider][INFO]: 第229件商品的数据追踪成功
[2018-05-22 12:54:51,575][TBTrackerSpider][INFO]: 第229件商品的价格数据发生改变
[2018-05-22 12:54:51,673][TBTrackerSpider][INFO]: 第229件商品的淘宝价格数据未发生改变
[2018-05-22 12:55:35,500][TBTrackerSpider][INFO]: 第230件商品的数据追踪成功
[2018-05-22 12:55:35,520][TBTrackerSpider][INFO]: 第230件商品的价格数据发生改变
[2018-05-22 12:55:35,603][TBTrackerSpider][INFO]: 第230件商品的淘宝价格数据未发生改变
[2018-05-22 12:55:58,506][TBTrackerSpider][INFO]: 第231件商品的数据追踪成功
[2018-05-22 12:55:58,507][TBTrackerSpider][INFO]: 第231件商品的价格数据发生改变
[2018-05-22 12:55:58,589][TBTrackerSpider][INFO]: 第231件商品的淘宝价格数据未发生改变
[2018-05-22 12:56:21,622][TBTrackerSpider][INFO]: 第232件商品的数据追踪成功
[2018-05-22 12:56:21,623][TBTrackerSpider][INFO]: 第232件商品的价格数据发生改变
[2018-05-22 12:56:21,691][TBTrackerSpider][INFO]: 第232件商品的淘宝价格数据未发生改变
[2018-05-22 12:56:42,824][TBTrackerSpider][INFO]: 第233件商品的数据追踪成功
[2018-05-22 12:56:42,825][TBTrackerSpider][INFO]: 第233件商品的价格数据未发生改变
[2018-05-22 12:56:42,825][TBTrackerSpider][INFO]: 第233件商品的淘宝价格数据未发生改变
[2018-05-22 12:57:26,401][TBTrackerSpider][INFO]: 第234件商品的数据追踪成功
[2018-05-22 12:57:26,402][TBTrackerSpider][INFO]: 第234件商品的价格数据未发生改变
[2018-05-22 12:57:26,402][TBTrackerSpider][INFO]: 第234件商品的淘宝价格数据未发生改变
[2018-05-22 12:57:48,176][TBTrackerSpider][INFO]: 第235件商品的数据追踪成功
[2018-05-22 12:57:48,185][TBTrackerSpider][INFO]: 第235件商品的价格数据发生改变
[2018-05-22 12:57:48,490][TBTrackerSpider][INFO]: 第235件商品的淘宝价格数据未发生改变
[2018-05-22 12:58:10,427][TBTrackerSpider][INFO]: 第236件商品的数据追踪成功
[2018-05-22 12:58:10,427][TBTrackerSpider][INFO]: 第236件商品的价格数据未发生改变
[2018-05-22 12:58:10,427][TBTrackerSpider][INFO]: 第236件商品的淘宝价格数据未发生改变
[2018-05-22 12:58:33,500][TBTrackerSpider][INFO]: 第237件商品的数据追踪成功
[2018-05-22 12:58:33,500][TBTrackerSpider][INFO]: 第237件商品的价格数据发生改变
[2018-05-22 12:58:33,607][TBTrackerSpider][INFO]: 第237件商品的淘宝价格数据未发生改变
[2018-05-22 12:59:17,185][TBTrackerSpider][INFO]: 第238件商品的数据追踪成功
[2018-05-22 12:59:17,185][TBTrackerSpider][INFO]: 第238件商品的价格数据未发生改变
[2018-05-22 12:59:17,185][TBTrackerSpider][INFO]: 第238件商品的淘宝价格数据未发生改变
[2018-05-22 13:00:01,414][TBTrackerSpider][INFO]: 第239件商品的数据追踪成功
[2018-05-22 13:00:01,415][TBTrackerSpider][INFO]: 第239件商品的价格数据发生改变
[2018-05-22 13:00:01,559][TBTrackerSpider][INFO]: 第239件商品的淘宝价格数据未发生改变
[2018-05-22 13:00:44,864][TBTrackerSpider][INFO]: 第240件商品的数据追踪成功
[2018-05-22 13:00:44,864][TBTrackerSpider][INFO]: 第240件商品的价格数据未发生改变
[2018-05-22 13:00:44,871][TBTrackerSpider][INFO]: 第240件商品的淘宝价格数据未发生改变
[2018-05-22 13:01:29,095][TBTrackerSpider][INFO]: 第241件商品的数据追踪成功
[2018-05-22 13:01:29,095][TBTrackerSpider][INFO]: 第241件商品的价格数据发生改变
[2018-05-22 13:01:29,352][TBTrackerSpider][INFO]: 第241件商品的淘宝价格数据未发生改变
[2018-05-22 13:02:11,381][TBTrackerSpider][INFO]: 第242件商品的数据追踪成功
[2018-05-22 13:02:11,381][TBTrackerSpider][INFO]: 第242件商品的价格数据未发生改变
[2018-05-22 13:02:11,381][TBTrackerSpider][INFO]: 第242件商品的淘宝价格数据未发生改变
[2018-05-22 13:02:54,181][TBTrackerSpider][INFO]: 第243件商品的数据追踪成功
[2018-05-22 13:02:54,181][TBTrackerSpider][INFO]: 第243件商品的价格数据未发生改变
[2018-05-22 13:02:54,182][TBTrackerSpider][INFO]: 第243件商品的淘宝价格数据未发生改变
[2018-05-22 13:03:16,536][TBTrackerSpider][INFO]: 第244件商品的数据追踪成功
[2018-05-22 13:03:16,536][TBTrackerSpider][INFO]: 第244件商品的价格数据未发生改变
[2018-05-22 13:03:16,536][TBTrackerSpider][INFO]: 第244件商品的淘宝价格数据未发生改变
[2018-05-22 13:03:39,876][TBTrackerSpider][INFO]: 第245件商品的数据追踪成功
[2018-05-22 13:03:39,876][TBTrackerSpider][INFO]: 第245件商品的价格数据发生改变
[2018-05-22 13:03:39,951][TBTrackerSpider][INFO]: 第245件商品的淘宝价格数据发生改变
[2018-05-22 13:04:02,648][TBTrackerSpider][INFO]: 第246件商品的数据追踪成功
[2018-05-22 13:04:02,648][TBTrackerSpider][INFO]: 第246件商品的价格数据发生改变
[2018-05-22 13:04:02,770][TBTrackerSpider][INFO]: 第246件商品的淘宝价格数据未发生改变
[2018-05-22 13:04:46,725][TBTrackerSpider][INFO]: 第247件商品的数据追踪成功
[2018-05-22 13:04:46,725][TBTrackerSpider][INFO]: 第247件商品的价格数据未发生改变
[2018-05-22 13:04:46,725][TBTrackerSpider][INFO]: 第247件商品的淘宝价格数据未发生改变
[2018-05-22 13:05:09,677][TBTrackerSpider][INFO]: 第248件商品的数据追踪成功
[2018-05-22 13:05:09,677][TBTrackerSpider][INFO]: 第248件商品的价格数据发生改变
[2018-05-22 13:05:09,761][TBTrackerSpider][INFO]: 第248件商品的淘宝价格数据未发生改变
[2018-05-22 13:05:31,613][TBTrackerSpider][INFO]: 第249件商品的数据追踪成功
[2018-05-22 13:05:31,613][TBTrackerSpider][INFO]: 第249件商品的价格数据发生改变
[2018-05-22 13:05:31,680][TBTrackerSpider][INFO]: 第249件商品的淘宝价格数据未发生改变
[2018-05-22 13:06:15,796][TBTrackerSpider][INFO]: 第250件商品的数据追踪成功
[2018-05-22 13:06:15,796][TBTrackerSpider][INFO]: 第250件商品的价格数据未发生改变
[2018-05-22 13:06:15,796][TBTrackerSpider][INFO]: 第250件商品的淘宝价格数据未发生改变
[2018-05-22 13:06:58,084][TBTrackerSpider][INFO]: 第251件商品的数据追踪成功
[2018-05-22 13:06:58,084][TBTrackerSpider][INFO]: 第251件商品的价格数据未发生改变
[2018-05-22 13:06:58,084][TBTrackerSpider][INFO]: 第251件商品的淘宝价格数据未发生改变
[2018-05-22 13:07:42,504][TBTrackerSpider][INFO]: 第252件商品的数据追踪成功
[2018-05-22 13:07:42,504][TBTrackerSpider][INFO]: 第252件商品的价格数据发生改变
[2018-05-22 13:07:42,610][TBTrackerSpider][INFO]: 第252件商品的淘宝价格数据未发生改变
[2018-05-22 13:08:26,137][TBTrackerSpider][INFO]: 第253件商品的数据追踪成功
[2018-05-22 13:08:26,137][TBTrackerSpider][INFO]: 第253件商品的价格数据未发生改变
[2018-05-22 13:08:26,137][TBTrackerSpider][INFO]: 第253件商品的淘宝价格数据未发生改变
[2018-05-22 13:09:08,918][TBTrackerSpider][INFO]: 第254件商品的数据追踪成功
[2018-05-22 13:09:08,919][TBTrackerSpider][INFO]: 第254件商品的价格数据未发生改变
[2018-05-22 13:09:08,919][TBTrackerSpider][INFO]: 第254件商品的淘宝价格数据未发生改变
[2018-05-22 13:09:54,863][TBTrackerSpider][INFO]: 第255件商品的数据追踪成功
[2018-05-22 13:09:54,863][TBTrackerSpider][INFO]: 第255件商品的价格数据未发生改变
[2018-05-22 13:09:54,863][TBTrackerSpider][INFO]: 第255件商品的淘宝价格数据未发生改变
[2018-05-22 13:10:17,789][TBTrackerSpider][INFO]: 第256件商品的数据追踪成功
[2018-05-22 13:10:17,789][TBTrackerSpider][INFO]: 第256件商品的价格数据未发生改变
[2018-05-22 13:10:17,789][TBTrackerSpider][INFO]: 第256件商品的淘宝价格数据未发生改变
[2018-05-22 13:11:01,441][TBTrackerSpider][INFO]: 第257件商品的数据追踪成功
[2018-05-22 13:11:01,441][TBTrackerSpider][INFO]: 第257件商品的价格数据未发生改变
[2018-05-22 13:11:01,441][TBTrackerSpider][INFO]: 第257件商品的淘宝价格数据未发生改变
[2018-05-22 13:11:24,125][TBTrackerSpider][INFO]: 第258件商品的数据追踪成功
[2018-05-22 13:11:24,125][TBTrackerSpider][INFO]: 第258件商品的价格数据发生改变
[2018-05-22 13:11:24,218][TBTrackerSpider][INFO]: 第258件商品的淘宝价格数据未发生改变
[2018-05-22 13:11:46,139][TBTrackerSpider][INFO]: 第259件商品的数据追踪成功
[2018-05-22 13:11:46,139][TBTrackerSpider][INFO]: 第259件商品的价格数据未发生改变
[2018-05-22 13:11:46,139][TBTrackerSpider][INFO]: 第259件商品的淘宝价格数据未发生改变
[2018-05-22 13:12:31,288][TBTrackerSpider][INFO]: 第260件商品的数据追踪成功
[2018-05-22 13:12:31,288][TBTrackerSpider][INFO]: 第260件商品的价格数据未发生改变
[2018-05-22 13:12:31,288][TBTrackerSpider][INFO]: 第260件商品的淘宝价格数据未发生改变
[2018-05-22 13:13:14,166][TBTrackerSpider][INFO]: 第261件商品的数据追踪成功
[2018-05-22 13:13:14,166][TBTrackerSpider][INFO]: 第261件商品的价格数据未发生改变
[2018-05-22 13:13:14,166][TBTrackerSpider][INFO]: 第261件商品的淘宝价格数据未发生改变
[2018-05-22 13:13:37,226][TBTrackerSpider][INFO]: 第262件商品的数据追踪成功
[2018-05-22 13:13:37,227][TBTrackerSpider][INFO]: 第262件商品的价格数据发生改变
[2018-05-22 13:13:37,292][TBTrackerSpider][INFO]: 第262件商品的淘宝价格数据未发生改变
[2018-05-22 13:14:19,764][TBTrackerSpider][INFO]: 第263件商品的数据追踪成功
[2018-05-22 13:14:19,764][TBTrackerSpider][INFO]: 第263件商品的价格数据发生改变
[2018-05-22 13:14:19,855][TBTrackerSpider][INFO]: 第263件商品的淘宝价格数据未发生改变
[2018-05-22 13:14:20,400][TBTrackerSpider][INFO]: 商品数据追踪完毕！
